{"C:\\Users\\Bas\\Development\\fullStack\\Bangers\\bangers-mobile\\src\\api\\auth.ts": {"path":"C:\\Users\\Bas\\Development\\fullStack\\Bangers\\bangers-mobile\\src\\api\\auth.ts","statementMap":{"0":{"start":{"line":16,"column":23},"end":{"line":24,"column":1}},"1":{"start":{"line":17,"column":36},"end":{"line":17,"column":88}},"2":{"start":{"line":18,"column":30},"end":{"line":18,"column":79}},"3":{"start":{"line":20,"column":4},"end":{"line":22,"column":6}},"4":{"start":{"line":23,"column":16},"end":{"line":23,"column":46}}},"fnMap":{"0":{"name":"(anonymous_0)","decl":{"start":{"line":17,"column":12},"end":{"line":17,"column":13}},"loc":{"start":{"line":17,"column":36},"end":{"line":17,"column":88}},"line":17},"1":{"name":"(anonymous_1)","decl":{"start":{"line":18,"column":9},"end":{"line":18,"column":10}},"loc":{"start":{"line":18,"column":30},"end":{"line":18,"column":79}},"line":18},"2":{"name":"(anonymous_2)","decl":{"start":{"line":19,"column":11},"end":{"line":19,"column":12}},"loc":{"start":{"line":20,"column":4},"end":{"line":22,"column":6}},"line":20},"3":{"name":"(anonymous_3)","decl":{"start":{"line":23,"column":10},"end":{"line":23,"column":11}},"loc":{"start":{"line":23,"column":16},"end":{"line":23,"column":46}},"line":23}},"branchMap":{},"s":{"0":0,"1":0,"2":0,"3":0,"4":0},"f":{"0":0,"1":0,"2":0,"3":0},"b":{}}
,"C:\\Users\\Bas\\Development\\fullStack\\Bangers\\bangers-mobile\\src\\api\\client.ts": {"path":"C:\\Users\\Bas\\Development\\fullStack\\Bangers\\bangers-mobile\\src\\api\\client.ts","statementMap":{"0":{"start":{"line":7,"column":21},"end":{"line":7,"column":37}},"1":{"start":{"line":9,"column":18},"end":{"line":16,"column":2}},"2":{"start":{"line":19,"column":0},"end":{"line":28,"column":2}},"3":{"start":{"line":21,"column":20},"end":{"line":21,"column":51}},"4":{"start":{"line":22,"column":4},"end":{"line":24,"column":5}},"5":{"start":{"line":23,"column":6},"end":{"line":23,"column":69}},"6":{"start":{"line":25,"column":4},"end":{"line":25,"column":18}},"7":{"start":{"line":27,"column":13},"end":{"line":27,"column":34}},"8":{"start":{"line":31,"column":45},"end":{"line":31,"column":49}},"9":{"start":{"line":33,"column":35},"end":{"line":35,"column":1}},"10":{"start":{"line":34,"column":2},"end":{"line":34,"column":24}},"11":{"start":{"line":44,"column":0},"end":{"line":109,"column":2}},"12":{"start":{"line":47,"column":4},"end":{"line":52,"column":5}},"13":{"start":{"line":48,"column":6},"end":{"line":51,"column":8}},"14":{"start":{"line":53,"column":4},"end":{"line":53,"column":20}},"15":{"start":{"line":57,"column":4},"end":{"line":59,"column":5}},"16":{"start":{"line":58,"column":6},"end":{"line":58,"column":35}},"17":{"start":{"line":61,"column":4},"end":{"line":65,"column":7}},"18":{"start":{"line":67,"column":28},"end":{"line":67,"column":40}},"19":{"start":{"line":69,"column":4},"end":{"line":105,"column":5}},"20":{"start":{"line":70,"column":6},"end":{"line":70,"column":36}},"21":{"start":{"line":72,"column":6},"end":{"line":104,"column":7}},"22":{"start":{"line":73,"column":8},"end":{"line":96,"column":9}},"23":{"start":{"line":74,"column":10},"end":{"line":95,"column":13}},"24":{"start":{"line":75,"column":28},"end":{"line":75,"column":59}},"25":{"start":{"line":76,"column":12},"end":{"line":78,"column":13}},"26":{"start":{"line":77,"column":14},"end":{"line":77,"column":60}},"27":{"start":{"line":80,"column":29},"end":{"line":88,"column":13}},"28":{"start":{"line":90,"column":50},"end":{"line":90,"column":63}},"29":{"start":{"line":91,"column":12},"end":{"line":91,"column":81}},"30":{"start":{"line":92,"column":12},"end":{"line":92,"column":31}},"31":{"start":{"line":94,"column":12},"end":{"line":94,"column":34}},"32":{"start":{"line":98,"column":28},"end":{"line":98,"column":48}},"33":{"start":{"line":99,"column":8},"end":{"line":99,"column":72}},"34":{"start":{"line":100,"column":8},"end":{"line":100,"column":42}},"35":{"start":{"line":102,"column":8},"end":{"line":102,"column":41}},"36":{"start":{"line":103,"column":8},"end":{"line":103,"column":44}},"37":{"start":{"line":107,"column":4},"end":{"line":107,"column":33}}},"fnMap":{"0":{"name":"(anonymous_0)","decl":{"start":{"line":20,"column":2},"end":{"line":20,"column":3}},"loc":{"start":{"line":20,"column":20},"end":{"line":26,"column":3}},"line":20},"1":{"name":"(anonymous_1)","decl":{"start":{"line":27,"column":2},"end":{"line":27,"column":3}},"loc":{"start":{"line":27,"column":13},"end":{"line":27,"column":34}},"line":27},"2":{"name":"(anonymous_2)","decl":{"start":{"line":33,"column":35},"end":{"line":33,"column":36}},"loc":{"start":{"line":33,"column":41},"end":{"line":35,"column":1}},"line":33},"3":{"name":"(anonymous_3)","decl":{"start":{"line":45,"column":2},"end":{"line":45,"column":3}},"loc":{"start":{"line":45,"column":16},"end":{"line":54,"column":3}},"line":45},"4":{"name":"(anonymous_4)","decl":{"start":{"line":55,"column":2},"end":{"line":55,"column":3}},"loc":{"start":{"line":55,"column":19},"end":{"line":108,"column":3}},"line":55},"5":{"name":"(anonymous_5)","decl":{"start":{"line":74,"column":28},"end":{"line":74,"column":29}},"loc":{"start":{"line":74,"column":40},"end":{"line":93,"column":11}},"line":74},"6":{"name":"(anonymous_6)","decl":{"start":{"line":93,"column":23},"end":{"line":93,"column":24}},"loc":{"start":{"line":93,"column":29},"end":{"line":95,"column":11}},"line":93}},"branchMap":{"0":{"loc":{"start":{"line":22,"column":4},"end":{"line":24,"column":5}},"type":"if","locations":[{"start":{"line":22,"column":4},"end":{"line":24,"column":5}},{"start":{},"end":{}}],"line":22},"1":{"loc":{"start":{"line":47,"column":4},"end":{"line":52,"column":5}},"type":"if","locations":[{"start":{"line":47,"column":4},"end":{"line":52,"column":5}},{"start":{},"end":{}}],"line":47},"2":{"loc":{"start":{"line":47,"column":8},"end":{"line":47,"column":84}},"type":"binary-expr","locations":[{"start":{"line":47,"column":8},"end":{"line":47,"column":21}},{"start":{"line":47,"column":25},"end":{"line":47,"column":84}}],"line":47},"3":{"loc":{"start":{"line":57,"column":4},"end":{"line":59,"column":5}},"type":"if","locations":[{"start":{"line":57,"column":4},"end":{"line":59,"column":5}},{"start":{},"end":{}}],"line":57},"4":{"loc":{"start":{"line":69,"column":4},"end":{"line":105,"column":5}},"type":"if","locations":[{"start":{"line":69,"column":4},"end":{"line":105,"column":5}},{"start":{},"end":{}}],"line":69},"5":{"loc":{"start":{"line":69,"column":8},"end":{"line":69,"column":65}},"type":"binary-expr","locations":[{"start":{"line":69,"column":8},"end":{"line":69,"column":38}},{"start":{"line":69,"column":42},"end":{"line":69,"column":65}}],"line":69},"6":{"loc":{"start":{"line":73,"column":8},"end":{"line":96,"column":9}},"type":"if","locations":[{"start":{"line":73,"column":8},"end":{"line":96,"column":9}},{"start":{},"end":{}}],"line":73},"7":{"loc":{"start":{"line":76,"column":12},"end":{"line":78,"column":13}},"type":"if","locations":[{"start":{"line":76,"column":12},"end":{"line":78,"column":13}},{"start":{},"end":{}}],"line":76}},"s":{"0":1,"1":1,"2":1,"3":1,"4":1,"5":1,"6":1,"7":0,"8":1,"9":1,"10":3,"11":1,"12":1,"13":1,"14":0,"15":1,"16":0,"17":1,"18":1,"19":1,"20":1,"21":1,"22":1,"23":1,"24":1,"25":1,"26":0,"27":1,"28":0,"29":0,"30":0,"31":1,"32":1,"33":0,"34":0,"35":1,"36":1,"37":0},"f":{"0":1,"1":0,"2":3,"3":1,"4":1,"5":1,"6":1},"b":{"0":[1,0],"1":[1,0],"2":[1,1],"3":[0,1],"4":[1,0],"5":[1,1],"6":[1,0],"7":[0,1]},"_coverageSchema":"1a1c01bbd47fc00a2c39e90264f33305004495a9","hash":"0b7bc6ff4ca425fe6a94aeb3479ea10060a20b8e"}
,"C:\\Users\\Bas\\Development\\fullStack\\Bangers\\bangers-mobile\\src\\api\\dashboard.ts": {"path":"C:\\Users\\Bas\\Development\\fullStack\\Bangers\\bangers-mobile\\src\\api\\dashboard.ts","statementMap":{"0":{"start":{"line":17,"column":28},"end":{"line":21,"column":1}},"1":{"start":{"line":18,"column":49},"end":{"line":18,"column":99}},"2":{"start":{"line":20,"column":4},"end":{"line":20,"column":55}}},"fnMap":{"0":{"name":"(anonymous_0)","decl":{"start":{"line":18,"column":16},"end":{"line":18,"column":17}},"loc":{"start":{"line":18,"column":49},"end":{"line":18,"column":99}},"line":18},"1":{"name":"(anonymous_1)","decl":{"start":{"line":19,"column":22},"end":{"line":19,"column":23}},"loc":{"start":{"line":20,"column":4},"end":{"line":20,"column":55}},"line":20}},"branchMap":{},"s":{"0":0,"1":0,"2":0},"f":{"0":0,"1":0},"b":{}}
,"C:\\Users\\Bas\\Development\\fullStack\\Bangers\\bangers-mobile\\src\\api\\events.ts": {"path":"C:\\Users\\Bas\\Development\\fullStack\\Bangers\\bangers-mobile\\src\\api\\events.ts","statementMap":{"0":{"start":{"line":5,"column":25},"end":{"line":16,"column":1}},"1":{"start":{"line":7,"column":4},"end":{"line":7,"column":49}},"2":{"start":{"line":9,"column":4},"end":{"line":9,"column":52}},"3":{"start":{"line":11,"column":4},"end":{"line":11,"column":53}},"4":{"start":{"line":13,"column":4},"end":{"line":13,"column":65}},"5":{"start":{"line":15,"column":4},"end":{"line":15,"column":56}}},"fnMap":{"0":{"name":"(anonymous_0)","decl":{"start":{"line":6,"column":11},"end":{"line":6,"column":12}},"loc":{"start":{"line":7,"column":4},"end":{"line":7,"column":49}},"line":7},"1":{"name":"(anonymous_1)","decl":{"start":{"line":8,"column":16},"end":{"line":8,"column":17}},"loc":{"start":{"line":9,"column":4},"end":{"line":9,"column":52}},"line":9},"2":{"name":"(anonymous_2)","decl":{"start":{"line":10,"column":17},"end":{"line":10,"column":18}},"loc":{"start":{"line":11,"column":4},"end":{"line":11,"column":53}},"line":11},"3":{"name":"(anonymous_3)","decl":{"start":{"line":12,"column":20},"end":{"line":12,"column":21}},"loc":{"start":{"line":13,"column":4},"end":{"line":13,"column":65}},"line":13},"4":{"name":"(anonymous_4)","decl":{"start":{"line":14,"column":20},"end":{"line":14,"column":21}},"loc":{"start":{"line":15,"column":4},"end":{"line":15,"column":56}},"line":15}},"branchMap":{},"s":{"0":0,"1":0,"2":0,"3":0,"4":0,"5":0},"f":{"0":0,"1":0,"2":0,"3":0,"4":0},"b":{}}
,"C:\\Users\\Bas\\Development\\fullStack\\Bangers\\bangers-mobile\\src\\api\\favorites.ts": {"path":"C:\\Users\\Bas\\Development\\fullStack\\Bangers\\bangers-mobile\\src\\api\\favorites.ts","statementMap":{"0":{"start":{"line":3,"column":28},"end":{"line":7,"column":1}},"1":{"start":{"line":4,"column":39},"end":{"line":4,"column":78}},"2":{"start":{"line":6,"column":4},"end":{"line":6,"column":45}}},"fnMap":{"0":{"name":"(anonymous_0)","decl":{"start":{"line":4,"column":18},"end":{"line":4,"column":19}},"loc":{"start":{"line":4,"column":39},"end":{"line":4,"column":78}},"line":4},"1":{"name":"(anonymous_1)","decl":{"start":{"line":5,"column":18},"end":{"line":5,"column":19}},"loc":{"start":{"line":6,"column":4},"end":{"line":6,"column":45}},"line":6}},"branchMap":{},"s":{"0":0,"1":0,"2":0},"f":{"0":0,"1":0},"b":{}}
,"C:\\Users\\Bas\\Development\\fullStack\\Bangers\\bangers-mobile\\src\\api\\friends.ts": {"path":"C:\\Users\\Bas\\Development\\fullStack\\Bangers\\bangers-mobile\\src\\api\\friends.ts","statementMap":{"0":{"start":{"line":18,"column":26},"end":{"line":33,"column":1}},"1":{"start":{"line":20,"column":4},"end":{"line":20,"column":45}},"2":{"start":{"line":22,"column":4},"end":{"line":22,"column":63}},"3":{"start":{"line":24,"column":4},"end":{"line":24,"column":60}},"4":{"start":{"line":26,"column":4},"end":{"line":26,"column":60}},"5":{"start":{"line":28,"column":4},"end":{"line":28,"column":66}},"6":{"start":{"line":30,"column":4},"end":{"line":30,"column":54}},"7":{"start":{"line":32,"column":4},"end":{"line":32,"column":50}}},"fnMap":{"0":{"name":"(anonymous_0)","decl":{"start":{"line":19,"column":14},"end":{"line":19,"column":15}},"loc":{"start":{"line":20,"column":4},"end":{"line":20,"column":45}},"line":20},"1":{"name":"(anonymous_1)","decl":{"start":{"line":21,"column":18},"end":{"line":21,"column":19}},"loc":{"start":{"line":22,"column":4},"end":{"line":22,"column":63}},"line":22},"2":{"name":"(anonymous_2)","decl":{"start":{"line":23,"column":15},"end":{"line":23,"column":16}},"loc":{"start":{"line":24,"column":4},"end":{"line":24,"column":60}},"line":24},"3":{"name":"(anonymous_3)","decl":{"start":{"line":25,"column":15},"end":{"line":25,"column":16}},"loc":{"start":{"line":26,"column":4},"end":{"line":26,"column":60}},"line":26},"4":{"name":"(anonymous_4)","decl":{"start":{"line":27,"column":17},"end":{"line":27,"column":18}},"loc":{"start":{"line":28,"column":4},"end":{"line":28,"column":66}},"line":28},"5":{"name":"(anonymous_5)","decl":{"start":{"line":29,"column":17},"end":{"line":29,"column":18}},"loc":{"start":{"line":30,"column":4},"end":{"line":30,"column":54}},"line":30},"6":{"name":"(anonymous_6)","decl":{"start":{"line":31,"column":16},"end":{"line":31,"column":17}},"loc":{"start":{"line":32,"column":4},"end":{"line":32,"column":50}},"line":32}},"branchMap":{},"s":{"0":0,"1":0,"2":0,"3":0,"4":0,"5":0,"6":0,"7":0},"f":{"0":0,"1":0,"2":0,"3":0,"4":0,"5":0,"6":0},"b":{}}
,"C:\\Users\\Bas\\Development\\fullStack\\Bangers\\bangers-mobile\\src\\api\\genres.ts": {"path":"C:\\Users\\Bas\\Development\\fullStack\\Bangers\\bangers-mobile\\src\\api\\genres.ts","statementMap":{"0":{"start":{"line":4,"column":24},"end":{"line":9,"column":1}},"1":{"start":{"line":8,"column":19},"end":{"line":8,"column":52}}},"fnMap":{"0":{"name":"(anonymous_0)","decl":{"start":{"line":8,"column":13},"end":{"line":8,"column":14}},"loc":{"start":{"line":8,"column":19},"end":{"line":8,"column":52}},"line":8}},"branchMap":{},"s":{"0":0,"1":0},"f":{"0":0},"b":{}}
,"C:\\Users\\Bas\\Development\\fullStack\\Bangers\\bangers-mobile\\src\\api\\groups.ts": {"path":"C:\\Users\\Bas\\Development\\fullStack\\Bangers\\bangers-mobile\\src\\api\\groups.ts","statementMap":{"0":{"start":{"line":5,"column":25},"end":{"line":19,"column":1}},"1":{"start":{"line":7,"column":4},"end":{"line":7,"column":72}},"2":{"start":{"line":8,"column":27},"end":{"line":8,"column":64}},"3":{"start":{"line":10,"column":4},"end":{"line":10,"column":42}},"4":{"start":{"line":14,"column":7},"end":{"line":14,"column":57}},"5":{"start":{"line":18,"column":7},"end":{"line":18,"column":71}}},"fnMap":{"0":{"name":"(anonymous_0)","decl":{"start":{"line":6,"column":10},"end":{"line":6,"column":11}},"loc":{"start":{"line":7,"column":4},"end":{"line":7,"column":72}},"line":7},"1":{"name":"(anonymous_1)","decl":{"start":{"line":8,"column":11},"end":{"line":8,"column":12}},"loc":{"start":{"line":8,"column":27},"end":{"line":8,"column":64}},"line":8},"2":{"name":"(anonymous_2)","decl":{"start":{"line":9,"column":10},"end":{"line":9,"column":11}},"loc":{"start":{"line":10,"column":4},"end":{"line":10,"column":42}},"line":10},"3":{"name":"(anonymous_3)","decl":{"start":{"line":11,"column":13},"end":{"line":11,"column":14}},"loc":{"start":{"line":14,"column":7},"end":{"line":14,"column":57}},"line":14},"4":{"name":"(anonymous_4)","decl":{"start":{"line":15,"column":25},"end":{"line":15,"column":26}},"loc":{"start":{"line":18,"column":7},"end":{"line":18,"column":71}},"line":18}},"branchMap":{},"s":{"0":0,"1":0,"2":0,"3":0,"4":0,"5":0},"f":{"0":0,"1":0,"2":0,"3":0,"4":0},"b":{}}
,"C:\\Users\\Bas\\Development\\fullStack\\Bangers\\bangers-mobile\\src\\api\\media.ts": {"path":"C:\\Users\\Bas\\Development\\fullStack\\Bangers\\bangers-mobile\\src\\api\\media.ts","statementMap":{"0":{"start":{"line":9,"column":24},"end":{"line":24,"column":1}},"1":{"start":{"line":14,"column":21},"end":{"line":14,"column":35}},"2":{"start":{"line":15,"column":4},"end":{"line":15,"column":34}},"3":{"start":{"line":16,"column":4},"end":{"line":16,"column":34}},"4":{"start":{"line":18,"column":4},"end":{"line":22,"column":7}}},"fnMap":{"0":{"name":"(anonymous_0)","decl":{"start":{"line":13,"column":10},"end":{"line":13,"column":11}},"loc":{"start":{"line":13,"column":50},"end":{"line":23,"column":3}},"line":13}},"branchMap":{},"s":{"0":0,"1":0,"2":0,"3":0,"4":0},"f":{"0":0},"b":{}}
,"C:\\Users\\Bas\\Development\\fullStack\\Bangers\\bangers-mobile\\src\\api\\notifications.ts": {"path":"C:\\Users\\Bas\\Development\\fullStack\\Bangers\\bangers-mobile\\src\\api\\notifications.ts","statementMap":{"0":{"start":{"line":4,"column":35},"end":{"line":10,"column":1}},"1":{"start":{"line":5,"column":19},"end":{"line":8,"column":4}},"2":{"start":{"line":9,"column":2},"end":{"line":9,"column":23}},"3":{"start":{"line":12,"column":37},"end":{"line":17,"column":1}},"4":{"start":{"line":13,"column":19},"end":{"line":15,"column":4}},"5":{"start":{"line":16,"column":2},"end":{"line":16,"column":23}},"6":{"start":{"line":19,"column":32},"end":{"line":24,"column":1}},"7":{"start":{"line":20,"column":19},"end":{"line":22,"column":4}},"8":{"start":{"line":23,"column":2},"end":{"line":23,"column":48}},"9":{"start":{"line":26,"column":38},"end":{"line":29,"column":1}},"10":{"start":{"line":27,"column":19},"end":{"line":27,"column":69}},"11":{"start":{"line":28,"column":2},"end":{"line":28,"column":42}},"12":{"start":{"line":31,"column":42},"end":{"line":34,"column":1}},"13":{"start":{"line":32,"column":19},"end":{"line":32,"column":66}},"14":{"start":{"line":33,"column":2},"end":{"line":33,"column":46}}},"fnMap":{"0":{"name":"(anonymous_0)","decl":{"start":{"line":4,"column":35},"end":{"line":4,"column":36}},"loc":{"start":{"line":4,"column":99},"end":{"line":10,"column":1}},"line":4},"1":{"name":"(anonymous_1)","decl":{"start":{"line":12,"column":37},"end":{"line":12,"column":38}},"loc":{"start":{"line":12,"column":62},"end":{"line":17,"column":1}},"line":12},"2":{"name":"(anonymous_2)","decl":{"start":{"line":19,"column":32},"end":{"line":19,"column":33}},"loc":{"start":{"line":19,"column":84},"end":{"line":24,"column":1}},"line":19},"3":{"name":"(anonymous_3)","decl":{"start":{"line":26,"column":38},"end":{"line":26,"column":39}},"loc":{"start":{"line":26,"column":86},"end":{"line":29,"column":1}},"line":26},"4":{"name":"(anonymous_4)","decl":{"start":{"line":31,"column":42},"end":{"line":31,"column":43}},"loc":{"start":{"line":31,"column":84},"end":{"line":34,"column":1}},"line":31}},"branchMap":{"0":{"loc":{"start":{"line":19,"column":39},"end":{"line":19,"column":47}},"type":"default-arg","locations":[{"start":{"line":19,"column":46},"end":{"line":19,"column":47}}],"line":19}},"s":{"0":0,"1":0,"2":0,"3":0,"4":0,"5":0,"6":0,"7":0,"8":0,"9":0,"10":0,"11":0,"12":0,"13":0,"14":0},"f":{"0":0,"1":0,"2":0,"3":0,"4":0},"b":{"0":[0]}}
,"C:\\Users\\Bas\\Development\\fullStack\\Bangers\\bangers-mobile\\src\\api\\search.ts": {"path":"C:\\Users\\Bas\\Development\\fullStack\\Bangers\\bangers-mobile\\src\\api\\search.ts","statementMap":{"0":{"start":{"line":34,"column":25},"end":{"line":47,"column":1}},"1":{"start":{"line":40,"column":4},"end":{"line":46,"column":6}}},"fnMap":{"0":{"name":"(anonymous_0)","decl":{"start":{"line":35,"column":10},"end":{"line":35,"column":11}},"loc":{"start":{"line":40,"column":4},"end":{"line":46,"column":6}},"line":40}},"branchMap":{"0":{"loc":{"start":{"line":37,"column":4},"end":{"line":37,"column":63}},"type":"default-arg","locations":[{"start":{"line":37,"column":25},"end":{"line":37,"column":63}}],"line":37},"1":{"loc":{"start":{"line":38,"column":4},"end":{"line":38,"column":24}},"type":"default-arg","locations":[{"start":{"line":38,"column":22},"end":{"line":38,"column":24}}],"line":38}},"s":{"0":0,"1":0},"f":{"0":0},"b":{"0":[0],"1":[0]}}
,"C:\\Users\\Bas\\Development\\fullStack\\Bangers\\bangers-mobile\\src\\api\\sync.ts": {"path":"C:\\Users\\Bas\\Development\\fullStack\\Bangers\\bangers-mobile\\src\\api\\sync.ts","statementMap":{"0":{"start":{"line":7,"column":23},"end":{"line":23,"column":1}},"1":{"start":{"line":9,"column":4},"end":{"line":12,"column":6}},"2":{"start":{"line":14,"column":4},"end":{"line":17,"column":6}},"3":{"start":{"line":19,"column":4},"end":{"line":22,"column":6}}},"fnMap":{"0":{"name":"(anonymous_0)","decl":{"start":{"line":8,"column":13},"end":{"line":8,"column":14}},"loc":{"start":{"line":9,"column":4},"end":{"line":12,"column":6}},"line":9},"1":{"name":"(anonymous_1)","decl":{"start":{"line":13,"column":14},"end":{"line":13,"column":15}},"loc":{"start":{"line":14,"column":4},"end":{"line":17,"column":6}},"line":14},"2":{"name":"(anonymous_2)","decl":{"start":{"line":18,"column":11},"end":{"line":18,"column":12}},"loc":{"start":{"line":19,"column":4},"end":{"line":22,"column":6}},"line":19}},"branchMap":{},"s":{"0":0,"1":0,"2":0,"3":0},"f":{"0":0,"1":0,"2":0},"b":{}}
,"C:\\Users\\Bas\\Development\\fullStack\\Bangers\\bangers-mobile\\src\\api\\timetables.ts": {"path":"C:\\Users\\Bas\\Development\\fullStack\\Bangers\\bangers-mobile\\src\\api\\timetables.ts","statementMap":{"0":{"start":{"line":5,"column":29},"end":{"line":34,"column":1}},"1":{"start":{"line":7,"column":4},"end":{"line":7,"column":57}},"2":{"start":{"line":9,"column":4},"end":{"line":9,"column":83}},"3":{"start":{"line":11,"column":4},"end":{"line":11,"column":93}},"4":{"start":{"line":13,"column":4},"end":{"line":13,"column":71}},"5":{"start":{"line":15,"column":4},"end":{"line":15,"column":75}},"6":{"start":{"line":16,"column":31},"end":{"line":16,"column":64}},"7":{"start":{"line":18,"column":4},"end":{"line":18,"column":68}},"8":{"start":{"line":20,"column":16},"end":{"line":22,"column":71}},"9":{"start":{"line":23,"column":4},"end":{"line":23,"column":74}},"10":{"start":{"line":26,"column":4},"end":{"line":26,"column":102}},"11":{"start":{"line":28,"column":4},"end":{"line":28,"column":35}},"12":{"start":{"line":30,"column":4},"end":{"line":30,"column":47}},"13":{"start":{"line":32,"column":4},"end":{"line":32,"column":47}},"14":{"start":{"line":33,"column":24},"end":{"line":33,"column":63}}},"fnMap":{"0":{"name":"(anonymous_0)","decl":{"start":{"line":6,"column":15},"end":{"line":6,"column":16}},"loc":{"start":{"line":7,"column":4},"end":{"line":7,"column":57}},"line":7},"1":{"name":"(anonymous_1)","decl":{"start":{"line":8,"column":24},"end":{"line":8,"column":25}},"loc":{"start":{"line":9,"column":4},"end":{"line":9,"column":83}},"line":9},"2":{"name":"(anonymous_2)","decl":{"start":{"line":10,"column":13},"end":{"line":10,"column":14}},"loc":{"start":{"line":11,"column":4},"end":{"line":11,"column":93}},"line":11},"3":{"name":"(anonymous_3)","decl":{"start":{"line":12,"column":22},"end":{"line":12,"column":23}},"loc":{"start":{"line":13,"column":4},"end":{"line":13,"column":71}},"line":13},"4":{"name":"(anonymous_4)","decl":{"start":{"line":14,"column":21},"end":{"line":14,"column":22}},"loc":{"start":{"line":15,"column":4},"end":{"line":15,"column":75}},"line":15},"5":{"name":"(anonymous_5)","decl":{"start":{"line":16,"column":15},"end":{"line":16,"column":16}},"loc":{"start":{"line":16,"column":31},"end":{"line":16,"column":64}},"line":16},"6":{"name":"(anonymous_6)","decl":{"start":{"line":17,"column":24},"end":{"line":17,"column":25}},"loc":{"start":{"line":18,"column":4},"end":{"line":18,"column":68}},"line":18},"7":{"name":"(anonymous_7)","decl":{"start":{"line":19,"column":16},"end":{"line":19,"column":17}},"loc":{"start":{"line":19,"column":102},"end":{"line":24,"column":3}},"line":19},"8":{"name":"(anonymous_8)","decl":{"start":{"line":25,"column":17},"end":{"line":25,"column":18}},"loc":{"start":{"line":26,"column":4},"end":{"line":26,"column":102}},"line":26},"9":{"name":"(anonymous_9)","decl":{"start":{"line":27,"column":15},"end":{"line":27,"column":16}},"loc":{"start":{"line":28,"column":4},"end":{"line":28,"column":35}},"line":28},"10":{"name":"(anonymous_10)","decl":{"start":{"line":29,"column":20},"end":{"line":29,"column":21}},"loc":{"start":{"line":30,"column":4},"end":{"line":30,"column":47}},"line":30},"11":{"name":"(anonymous_11)","decl":{"start":{"line":31,"column":20},"end":{"line":31,"column":21}},"loc":{"start":{"line":32,"column":4},"end":{"line":32,"column":47}},"line":32},"12":{"name":"(anonymous_12)","decl":{"start":{"line":33,"column":18},"end":{"line":33,"column":19}},"loc":{"start":{"line":33,"column":24},"end":{"line":33,"column":63}},"line":33}},"branchMap":{"0":{"loc":{"start":{"line":19,"column":46},"end":{"line":19,"column":61}},"type":"default-arg","locations":[{"start":{"line":19,"column":56},"end":{"line":19,"column":61}}],"line":19},"1":{"loc":{"start":{"line":20,"column":16},"end":{"line":22,"column":71}},"type":"cond-expr","locations":[{"start":{"line":21,"column":8},"end":{"line":21,"column":78}},{"start":{"line":22,"column":8},"end":{"line":22,"column":71}}],"line":20}},"s":{"0":0,"1":0,"2":0,"3":0,"4":0,"5":0,"6":0,"7":0,"8":0,"9":0,"10":0,"11":0,"12":0,"13":0,"14":0},"f":{"0":0,"1":0,"2":0,"3":0,"4":0,"5":0,"6":0,"7":0,"8":0,"9":0,"10":0,"11":0,"12":0},"b":{"0":[0],"1":[0,0]}}
,"C:\\Users\\Bas\\Development\\fullStack\\Bangers\\bangers-mobile\\src\\api\\user.ts": {"path":"C:\\Users\\Bas\\Development\\fullStack\\Bangers\\bangers-mobile\\src\\api\\user.ts","statementMap":{"0":{"start":{"line":5,"column":23},"end":{"line":12,"column":1}},"1":{"start":{"line":7,"column":4},"end":{"line":7,"column":44}},"2":{"start":{"line":9,"column":4},"end":{"line":9,"column":47}},"3":{"start":{"line":11,"column":4},"end":{"line":11,"column":53}}},"fnMap":{"0":{"name":"(anonymous_0)","decl":{"start":{"line":6,"column":9},"end":{"line":6,"column":10}},"loc":{"start":{"line":7,"column":4},"end":{"line":7,"column":44}},"line":7},"1":{"name":"(anonymous_1)","decl":{"start":{"line":8,"column":15},"end":{"line":8,"column":16}},"loc":{"start":{"line":9,"column":4},"end":{"line":9,"column":47}},"line":9},"2":{"name":"(anonymous_2)","decl":{"start":{"line":10,"column":17},"end":{"line":10,"column":18}},"loc":{"start":{"line":11,"column":4},"end":{"line":11,"column":53}},"line":11}},"branchMap":{},"s":{"0":0,"1":0,"2":0,"3":0},"f":{"0":0,"1":0,"2":0},"b":{}}
,"C:\\Users\\Bas\\Development\\fullStack\\Bangers\\bangers-mobile\\src\\components\\ErrorBoundary.tsx": {"path":"C:\\Users\\Bas\\Development\\fullStack\\Bangers\\bangers-mobile\\src\\components\\ErrorBoundary.tsx","statementMap":{"0":{"start":{"line":19,"column":24},"end":{"line":22,"column":3}},"1":{"start":{"line":25,"column":4},"end":{"line":25,"column":37}},"2":{"start":{"line":29,"column":4},"end":{"line":29,"column":63}},"3":{"start":{"line":32,"column":24},"end":{"line":34,"column":3}},"4":{"start":{"line":33,"column":4},"end":{"line":33,"column":52}},"5":{"start":{"line":37,"column":4},"end":{"line":49,"column":5}},"6":{"start":{"line":38,"column":6},"end":{"line":48,"column":8}},"7":{"start":{"line":51,"column":4},"end":{"line":51,"column":31}},"8":{"start":{"line":55,"column":15},"end":{"line":85,"column":2}}},"fnMap":{"0":{"name":"(anonymous_0)","decl":{"start":{"line":24,"column":2},"end":{"line":24,"column":3}},"loc":{"start":{"line":24,"column":62},"end":{"line":26,"column":3}},"line":24},"1":{"name":"(anonymous_1)","decl":{"start":{"line":28,"column":2},"end":{"line":28,"column":3}},"loc":{"start":{"line":28,"column":63},"end":{"line":30,"column":3}},"line":28},"2":{"name":"(anonymous_2)","decl":{"start":{"line":32,"column":24},"end":{"line":32,"column":25}},"loc":{"start":{"line":32,"column":30},"end":{"line":34,"column":3}},"line":32},"3":{"name":"(anonymous_3)","decl":{"start":{"line":36,"column":2},"end":{"line":36,"column":3}},"loc":{"start":{"line":36,"column":18},"end":{"line":52,"column":3}},"line":36}},"branchMap":{"0":{"loc":{"start":{"line":37,"column":4},"end":{"line":49,"column":5}},"type":"if","locations":[{"start":{"line":37,"column":4},"end":{"line":49,"column":5}},{"start":{},"end":{}}],"line":37},"1":{"loc":{"start":{"line":42,"column":13},"end":{"line":42,"column":73}},"type":"binary-expr","locations":[{"start":{"line":42,"column":13},"end":{"line":42,"column":38}},{"start":{"line":42,"column":42},"end":{"line":42,"column":73}}],"line":42}},"s":{"0":0,"1":0,"2":0,"3":0,"4":0,"5":0,"6":0,"7":0,"8":0},"f":{"0":0,"1":0,"2":0,"3":0},"b":{"0":[0,0],"1":[0,0]}}
,"C:\\Users\\Bas\\Development\\fullStack\\Bangers\\bangers-mobile\\src\\components\\GlobalErrorBoundary.tsx": {"path":"C:\\Users\\Bas\\Development\\fullStack\\Bangers\\bangers-mobile\\src\\components\\GlobalErrorBoundary.tsx","statementMap":{"0":{"start":{"line":20,"column":4},"end":{"line":20,"column":17}},"1":{"start":{"line":21,"column":4},"end":{"line":21,"column":50}},"2":{"start":{"line":25,"column":4},"end":{"line":25,"column":37}},"3":{"start":{"line":29,"column":4},"end":{"line":29,"column":79}},"4":{"start":{"line":32,"column":16},"end":{"line":34,"column":3}},"5":{"start":{"line":33,"column":4},"end":{"line":33,"column":52}},"6":{"start":{"line":37,"column":4},"end":{"line":44,"column":5}},"7":{"start":{"line":38,"column":6},"end":{"line":43,"column":8}},"8":{"start":{"line":46,"column":4},"end":{"line":46,"column":31}},"9":{"start":{"line":51,"column":16},"end":{"line":51,"column":29}},"10":{"start":{"line":53,"column":2},"end":{"line":88,"column":4}},"11":{"start":{"line":91,"column":15},"end":{"line":136,"column":2}}},"fnMap":{"0":{"name":"(anonymous_0)","decl":{"start":{"line":19,"column":2},"end":{"line":19,"column":3}},"loc":{"start":{"line":19,"column":28},"end":{"line":22,"column":3}},"line":19},"1":{"name":"(anonymous_1)","decl":{"start":{"line":24,"column":2},"end":{"line":24,"column":3}},"loc":{"start":{"line":24,"column":55},"end":{"line":26,"column":3}},"line":24},"2":{"name":"(anonymous_2)","decl":{"start":{"line":28,"column":2},"end":{"line":28,"column":3}},"loc":{"start":{"line":28,"column":56},"end":{"line":30,"column":3}},"line":28},"3":{"name":"(anonymous_3)","decl":{"start":{"line":32,"column":16},"end":{"line":32,"column":17}},"loc":{"start":{"line":32,"column":22},"end":{"line":34,"column":3}},"line":32},"4":{"name":"(anonymous_4)","decl":{"start":{"line":36,"column":2},"end":{"line":36,"column":3}},"loc":{"start":{"line":36,"column":11},"end":{"line":47,"column":3}},"line":36},"5":{"name":"ErrorFallback","decl":{"start":{"line":50,"column":9},"end":{"line":50,"column":22}},"loc":{"start":{"line":50,"column":89},"end":{"line":89,"column":1}},"line":50}},"branchMap":{"0":{"loc":{"start":{"line":37,"column":4},"end":{"line":44,"column":5}},"type":"if","locations":[{"start":{"line":37,"column":4},"end":{"line":44,"column":5}},{"start":{},"end":{}}],"line":37},"1":{"loc":{"start":{"line":73,"column":13},"end":{"line":73,"column":46}},"type":"binary-expr","locations":[{"start":{"line":73,"column":13},"end":{"line":73,"column":27}},{"start":{"line":73,"column":31},"end":{"line":73,"column":46}}],"line":73}},"s":{"0":0,"1":0,"2":0,"3":0,"4":0,"5":0,"6":0,"7":0,"8":0,"9":0,"10":0,"11":0},"f":{"0":0,"1":0,"2":0,"3":0,"4":0,"5":0},"b":{"0":[0,0],"1":[0,0]}}
,"C:\\Users\\Bas\\Development\\fullStack\\Bangers\\bangers-mobile\\src\\components\\PageContainer.tsx": {"path":"C:\\Users\\Bas\\Development\\fullStack\\Bangers\\bangers-mobile\\src\\components\\PageContainer.tsx","statementMap":{"0":{"start":{"line":15,"column":59},"end":{"line":68,"column":1}},"1":{"start":{"line":22,"column":17},"end":{"line":22,"column":36}},"2":{"start":{"line":23,"column":45},"end":{"line":23,"column":61}},"3":{"start":{"line":24,"column":47},"end":{"line":24,"column":59}},"4":{"start":{"line":27,"column":4},"end":{"line":29,"column":28}},"5":{"start":{"line":31,"column":26},"end":{"line":31,"column":44}},"6":{"start":{"line":32,"column":15},"end":{"line":32,"column":69}},"7":{"start":{"line":33,"column":25},"end":{"line":33,"column":61}},"8":{"start":{"line":35,"column":2},"end":{"line":67,"column":4}},"9":{"start":{"line":70,"column":15},"end":{"line":80,"column":2}}},"fnMap":{"0":{"name":"(anonymous_0)","decl":{"start":{"line":15,"column":59},"end":{"line":15,"column":60}},"loc":{"start":{"line":21,"column":6},"end":{"line":68,"column":1}},"line":21}},"branchMap":{"0":{"loc":{"start":{"line":17,"column":2},"end":{"line":17,"column":20}},"type":"default-arg","locations":[{"start":{"line":17,"column":16},"end":{"line":17,"column":20}}],"line":17},"1":{"loc":{"start":{"line":18,"column":2},"end":{"line":18,"column":21}},"type":"default-arg","locations":[{"start":{"line":18,"column":17},"end":{"line":18,"column":21}}],"line":18},"2":{"loc":{"start":{"line":27,"column":4},"end":{"line":29,"column":28}},"type":"cond-expr","locations":[{"start":{"line":28,"column":8},"end":{"line":28,"column":36}},{"start":{"line":29,"column":8},"end":{"line":29,"column":28}}],"line":27},"3":{"loc":{"start":{"line":31,"column":26},"end":{"line":31,"column":44}},"type":"binary-expr","locations":[{"start":{"line":31,"column":26},"end":{"line":31,"column":32}},{"start":{"line":31,"column":36},"end":{"line":31,"column":44}}],"line":31},"4":{"loc":{"start":{"line":32,"column":15},"end":{"line":32,"column":69}},"type":"cond-expr","locations":[{"start":{"line":32,"column":33},"end":{"line":32,"column":41}},{"start":{"line":32,"column":44},"end":{"line":32,"column":69}}],"line":32},"5":{"loc":{"start":{"line":32,"column":44},"end":{"line":32,"column":69}},"type":"cond-expr","locations":[{"start":{"line":32,"column":53},"end":{"line":32,"column":59}},{"start":{"line":32,"column":62},"end":{"line":32,"column":69}}],"line":32},"6":{"loc":{"start":{"line":45,"column":10},"end":{"line":45,"column":39}},"type":"binary-expr","locations":[{"start":{"line":45,"column":10},"end":{"line":45,"column":21}},{"start":{"line":45,"column":25},"end":{"line":45,"column":39}}],"line":45},"7":{"loc":{"start":{"line":46,"column":10},"end":{"line":59,"column":11}},"type":"binary-expr","locations":[{"start":{"line":46,"column":10},"end":{"line":46,"column":22}},{"start":{"line":46,"column":26},"end":{"line":59,"column":11}}],"line":46},"8":{"loc":{"start":{"line":48,"column":14},"end":{"line":52,"column":28}},"type":"cond-expr","locations":[{"start":{"line":49,"column":18},"end":{"line":51,"column":21}},{"start":{"line":52,"column":18},"end":{"line":52,"column":28}}],"line":48},"9":{"loc":{"start":{"line":49,"column":18},"end":{"line":51,"column":21}},"type":"cond-expr","locations":[{"start":{"line":50,"column":20},"end":{"line":50,"column":30}},{"start":{"line":51,"column":20},"end":{"line":51,"column":21}}],"line":49},"10":{"loc":{"start":{"line":54,"column":14},"end":{"line":58,"column":31}},"type":"cond-expr","locations":[{"start":{"line":55,"column":18},"end":{"line":57,"column":21}},{"start":{"line":58,"column":18},"end":{"line":58,"column":31}}],"line":54},"11":{"loc":{"start":{"line":55,"column":18},"end":{"line":57,"column":21}},"type":"cond-expr","locations":[{"start":{"line":56,"column":20},"end":{"line":56,"column":33}},{"start":{"line":57,"column":20},"end":{"line":57,"column":21}}],"line":55}},"s":{"0":0,"1":0,"2":0,"3":0,"4":0,"5":0,"6":0,"7":0,"8":0,"9":0},"f":{"0":0},"b":{"0":[0],"1":[0],"2":[0,0],"3":[0,0],"4":[0,0],"5":[0,0],"6":[0,0],"7":[0,0],"8":[0,0],"9":[0,0],"10":[0,0],"11":[0,0]}}
,"C:\\Users\\Bas\\Development\\fullStack\\Bangers\\bangers-mobile\\src\\components\\auth\\AuthBottomSheet.tsx": {"path":"C:\\Users\\Bas\\Development\\fullStack\\Bangers\\bangers-mobile\\src\\components\\auth\\AuthBottomSheet.tsx","statementMap":{"0":{"start":{"line":17,"column":63},"end":{"line":72,"column":1}},"1":{"start":{"line":21,"column":35},"end":{"line":21,"column":56}},"2":{"start":{"line":22,"column":16},"end":{"line":22,"column":29}},"3":{"start":{"line":23,"column":19},"end":{"line":23,"column":40}},"4":{"start":{"line":26,"column":25},"end":{"line":26,"column":53}},"5":{"start":{"line":27,"column":18},"end":{"line":27,"column":35}},"6":{"start":{"line":29,"column":2},"end":{"line":40,"column":54}},"7":{"start":{"line":30,"column":4},"end":{"line":39,"column":5}},"8":{"start":{"line":31,"column":6},"end":{"line":34,"column":9}},"9":{"start":{"line":35,"column":6},"end":{"line":35,"column":55}},"10":{"start":{"line":37,"column":6},"end":{"line":37,"column":73}},"11":{"start":{"line":38,"column":6},"end":{"line":38,"column":55}},"12":{"start":{"line":42,"column":24},"end":{"line":48,"column":4}},"13":{"start":{"line":44,"column":4},"end":{"line":47,"column":6}},"14":{"start":{"line":50,"column":2},"end":{"line":71,"column":4}},"15":{"start":{"line":74,"column":15},"end":{"line":103,"column":2}}},"fnMap":{"0":{"name":"(anonymous_0)","decl":{"start":{"line":17,"column":63},"end":{"line":17,"column":64}},"loc":{"start":{"line":20,"column":6},"end":{"line":72,"column":1}},"line":20},"1":{"name":"(anonymous_1)","decl":{"start":{"line":29,"column":12},"end":{"line":29,"column":13}},"loc":{"start":{"line":29,"column":18},"end":{"line":40,"column":3}},"line":29},"2":{"name":"(anonymous_2)","decl":{"start":{"line":42,"column":41},"end":{"line":42,"column":42}},"loc":{"start":{"line":42,"column":47},"end":{"line":48,"column":3}},"line":42}},"branchMap":{"0":{"loc":{"start":{"line":19,"column":2},"end":{"line":19,"column":15}},"type":"default-arg","locations":[{"start":{"line":19,"column":11},"end":{"line":19,"column":15}}],"line":19},"1":{"loc":{"start":{"line":30,"column":4},"end":{"line":39,"column":5}},"type":"if","locations":[{"start":{"line":30,"column":4},"end":{"line":39,"column":5}},{"start":{"line":36,"column":11},"end":{"line":39,"column":5}}],"line":30}},"s":{"0":0,"1":0,"2":0,"3":0,"4":0,"5":0,"6":0,"7":0,"8":0,"9":0,"10":0,"11":0,"12":0,"13":0,"14":0,"15":0},"f":{"0":0,"1":0,"2":0},"b":{"0":[0],"1":[0,0]}}
,"C:\\Users\\Bas\\Development\\fullStack\\Bangers\\bangers-mobile\\src\\components\\auth\\PasswordStrength.tsx": {"path":"C:\\Users\\Bas\\Development\\fullStack\\Bangers\\bangers-mobile\\src\\components\\auth\\PasswordStrength.tsx","statementMap":{"0":{"start":{"line":11,"column":65},"end":{"line":70,"column":1}},"1":{"start":{"line":12,"column":16},"end":{"line":12,"column":29}},"2":{"start":{"line":14,"column":19},"end":{"line":22,"column":16}},"3":{"start":{"line":15,"column":4},"end":{"line":15,"column":28}},"4":{"start":{"line":15,"column":19},"end":{"line":15,"column":28}},"5":{"start":{"line":16,"column":16},"end":{"line":16,"column":17}},"6":{"start":{"line":17,"column":4},"end":{"line":17,"column":41}},"7":{"start":{"line":17,"column":30},"end":{"line":17,"column":41}},"8":{"start":{"line":18,"column":4},"end":{"line":18,"column":43}},"9":{"start":{"line":18,"column":32},"end":{"line":18,"column":43}},"10":{"start":{"line":19,"column":4},"end":{"line":19,"column":43}},"11":{"start":{"line":19,"column":32},"end":{"line":19,"column":43}},"12":{"start":{"line":20,"column":4},"end":{"line":20,"column":50}},"13":{"start":{"line":20,"column":39},"end":{"line":20,"column":50}},"14":{"start":{"line":21,"column":4},"end":{"line":21,"column":17}},"15":{"start":{"line":24,"column":24},"end":{"line":32,"column":38}},"16":{"start":{"line":25,"column":4},"end":{"line":31,"column":5}},"17":{"start":{"line":26,"column":14},"end":{"line":26,"column":31}},"18":{"start":{"line":27,"column":14},"end":{"line":27,"column":31}},"19":{"start":{"line":28,"column":14},"end":{"line":28,"column":31}},"20":{"start":{"line":29,"column":14},"end":{"line":29,"column":42}},"21":{"start":{"line":30,"column":15},"end":{"line":30,"column":32}},"22":{"start":{"line":34,"column":24},"end":{"line":42,"column":16}},"23":{"start":{"line":35,"column":4},"end":{"line":41,"column":5}},"24":{"start":{"line":36,"column":14},"end":{"line":36,"column":28}},"25":{"start":{"line":37,"column":14},"end":{"line":37,"column":28}},"26":{"start":{"line":38,"column":14},"end":{"line":38,"column":28}},"27":{"start":{"line":39,"column":14},"end":{"line":39,"column":30}},"28":{"start":{"line":40,"column":15},"end":{"line":40,"column":34}},"29":{"start":{"line":44,"column":24},"end":{"line":50,"column":4}},"30":{"start":{"line":45,"column":25},"end":{"line":45,"column":45}},"31":{"start":{"line":46,"column":4},"end":{"line":49,"column":6}},"32":{"start":{"line":52,"column":2},"end":{"line":69,"column":4}},"33":{"start":{"line":72,"column":15},"end":{"line":103,"column":2}}},"fnMap":{"0":{"name":"(anonymous_0)","decl":{"start":{"line":11,"column":65},"end":{"line":11,"column":66}},"loc":{"start":{"line":11,"column":88},"end":{"line":70,"column":1}},"line":11},"1":{"name":"(anonymous_1)","decl":{"start":{"line":14,"column":27},"end":{"line":14,"column":28}},"loc":{"start":{"line":14,"column":33},"end":{"line":22,"column":3}},"line":14},"2":{"name":"(anonymous_2)","decl":{"start":{"line":24,"column":32},"end":{"line":24,"column":33}},"loc":{"start":{"line":24,"column":38},"end":{"line":32,"column":3}},"line":24},"3":{"name":"(anonymous_3)","decl":{"start":{"line":34,"column":32},"end":{"line":34,"column":33}},"loc":{"start":{"line":34,"column":38},"end":{"line":42,"column":3}},"line":34},"4":{"name":"(anonymous_4)","decl":{"start":{"line":44,"column":41},"end":{"line":44,"column":42}},"loc":{"start":{"line":44,"column":47},"end":{"line":50,"column":3}},"line":44}},"branchMap":{"0":{"loc":{"start":{"line":11,"column":68},"end":{"line":11,"column":81}},"type":"default-arg","locations":[{"start":{"line":11,"column":79},"end":{"line":11,"column":81}}],"line":11},"1":{"loc":{"start":{"line":15,"column":4},"end":{"line":15,"column":28}},"type":"if","locations":[{"start":{"line":15,"column":4},"end":{"line":15,"column":28}},{"start":{},"end":{}}],"line":15},"2":{"loc":{"start":{"line":17,"column":4},"end":{"line":17,"column":41}},"type":"if","locations":[{"start":{"line":17,"column":4},"end":{"line":17,"column":41}},{"start":{},"end":{}}],"line":17},"3":{"loc":{"start":{"line":18,"column":4},"end":{"line":18,"column":43}},"type":"if","locations":[{"start":{"line":18,"column":4},"end":{"line":18,"column":43}},{"start":{},"end":{}}],"line":18},"4":{"loc":{"start":{"line":19,"column":4},"end":{"line":19,"column":43}},"type":"if","locations":[{"start":{"line":19,"column":4},"end":{"line":19,"column":43}},{"start":{},"end":{}}],"line":19},"5":{"loc":{"start":{"line":20,"column":4},"end":{"line":20,"column":50}},"type":"if","locations":[{"start":{"line":20,"column":4},"end":{"line":20,"column":50}},{"start":{},"end":{}}],"line":20},"6":{"loc":{"start":{"line":25,"column":4},"end":{"line":31,"column":5}},"type":"switch","locations":[{"start":{"line":26,"column":6},"end":{"line":26,"column":31}},{"start":{"line":27,"column":6},"end":{"line":27,"column":31}},{"start":{"line":28,"column":6},"end":{"line":28,"column":31}},{"start":{"line":29,"column":6},"end":{"line":29,"column":42}},{"start":{"line":30,"column":6},"end":{"line":30,"column":32}}],"line":25},"7":{"loc":{"start":{"line":35,"column":4},"end":{"line":41,"column":5}},"type":"switch","locations":[{"start":{"line":36,"column":6},"end":{"line":36,"column":28}},{"start":{"line":37,"column":6},"end":{"line":37,"column":28}},{"start":{"line":38,"column":6},"end":{"line":38,"column":28}},{"start":{"line":39,"column":6},"end":{"line":39,"column":30}},{"start":{"line":40,"column":6},"end":{"line":40,"column":34}}],"line":35}},"s":{"0":0,"1":0,"2":0,"3":0,"4":0,"5":0,"6":0,"7":0,"8":0,"9":0,"10":0,"11":0,"12":0,"13":0,"14":0,"15":0,"16":0,"17":0,"18":0,"19":0,"20":0,"21":0,"22":0,"23":0,"24":0,"25":0,"26":0,"27":0,"28":0,"29":0,"30":0,"31":0,"32":0,"33":0},"f":{"0":0,"1":0,"2":0,"3":0,"4":0},"b":{"0":[0],"1":[0,0],"2":[0,0],"3":[0,0],"4":[0,0],"5":[0,0],"6":[0,0,0,0,0],"7":[0,0,0,0,0]}}
,"C:\\Users\\Bas\\Development\\fullStack\\Bangers\\bangers-mobile\\src\\components\\auth\\RegistrationWizard.tsx": {"path":"C:\\Users\\Bas\\Development\\fullStack\\Bangers\\bangers-mobile\\src\\components\\auth\\RegistrationWizard.tsx","statementMap":{"0":{"start":{"line":38,"column":69},"end":{"line":263,"column":1}},"1":{"start":{"line":43,"column":16},"end":{"line":43,"column":32}},"2":{"start":{"line":44,"column":16},"end":{"line":44,"column":29}},"3":{"start":{"line":45,"column":33},"end":{"line":45,"column":54}},"4":{"start":{"line":47,"column":26},"end":{"line":47,"column":37}},"5":{"start":{"line":48,"column":28},"end":{"line":48,"column":40}},"6":{"start":{"line":49,"column":34},"end":{"line":49,"column":46}},"7":{"start":{"line":50,"column":34},"end":{"line":50,"column":46}},"8":{"start":{"line":51,"column":48},"end":{"line":51,"column":60}},"9":{"start":{"line":52,"column":36},"end":{"line":52,"column":48}},"10":{"start":{"line":53,"column":50},"end":{"line":53,"column":65}},"11":{"start":{"line":54,"column":28},"end":{"line":54,"column":57}},"12":{"start":{"line":56,"column":20},"end":{"line":64,"column":17}},"13":{"start":{"line":57,"column":4},"end":{"line":57,"column":62}},"14":{"start":{"line":57,"column":45},"end":{"line":57,"column":62}},"15":{"start":{"line":58,"column":18},"end":{"line":58,"column":38}},"16":{"start":{"line":59,"column":4},"end":{"line":62,"column":5}},"17":{"start":{"line":60,"column":16},"end":{"line":60,"column":88}},"18":{"start":{"line":61,"column":6},"end":{"line":61,"column":40}},"19":{"start":{"line":61,"column":31},"end":{"line":61,"column":40}},"20":{"start":{"line":63,"column":4},"end":{"line":63,"column":21}},"21":{"start":{"line":67,"column":20},"end":{"line":79,"column":85}},"22":{"start":{"line":68,"column":4},"end":{"line":78,"column":5}},"23":{"start":{"line":69,"column":14},"end":{"line":69,"column":64}},"24":{"start":{"line":70,"column":14},"end":{"line":70,"column":42}},"25":{"start":{"line":71,"column":14},"end":{"line":71,"column":74}},"26":{"start":{"line":73,"column":8},"end":{"line":73,"column":37}},"27":{"start":{"line":73,"column":24},"end":{"line":73,"column":37}},"28":{"start":{"line":74,"column":20},"end":{"line":74,"column":70}},"29":{"start":{"line":75,"column":8},"end":{"line":75,"column":25}},"30":{"start":{"line":76,"column":14},"end":{"line":76,"column":38}},"31":{"start":{"line":77,"column":15},"end":{"line":77,"column":28}},"32":{"start":{"line":81,"column":21},"end":{"line":100,"column":3}},"33":{"start":{"line":82,"column":4},"end":{"line":87,"column":5}},"34":{"start":{"line":83,"column":6},"end":{"line":85,"column":7}},"35":{"start":{"line":84,"column":8},"end":{"line":84,"column":53}},"36":{"start":{"line":86,"column":6},"end":{"line":86,"column":13}},"37":{"start":{"line":88,"column":4},"end":{"line":88,"column":19}},"38":{"start":{"line":89,"column":4},"end":{"line":99,"column":5}},"39":{"start":{"line":90,"column":6},"end":{"line":90,"column":24}},"40":{"start":{"line":92,"column":21},"end":{"line":92,"column":103}},"41":{"start":{"line":93,"column":6},"end":{"line":98,"column":7}},"42":{"start":{"line":94,"column":8},"end":{"line":96,"column":57}},"43":{"start":{"line":94,"column":38},"end":{"line":94,"column":49}},"44":{"start":{"line":95,"column":13},"end":{"line":96,"column":57}},"45":{"start":{"line":95,"column":46},"end":{"line":95,"column":57}},"46":{"start":{"line":96,"column":13},"end":{"line":96,"column":57}},"47":{"start":{"line":96,"column":46},"end":{"line":96,"column":57}},"48":{"start":{"line":97,"column":8},"end":{"line":97,"column":52}},"49":{"start":{"line":102,"column":21},"end":{"line":108,"column":3}},"50":{"start":{"line":103,"column":4},"end":{"line":107,"column":5}},"51":{"start":{"line":104,"column":6},"end":{"line":104,"column":24}},"52":{"start":{"line":106,"column":6},"end":{"line":106,"column":22}},"53":{"start":{"line":110,"column":33},"end":{"line":121,"column":4}},"54":{"start":{"line":111,"column":4},"end":{"line":120,"column":6}},"55":{"start":{"line":123,"column":28},"end":{"line":239,"column":3}},"56":{"start":{"line":124,"column":4},"end":{"line":238,"column":11}},"57":{"start":{"line":220,"column":27},"end":{"line":220,"column":65}},"58":{"start":{"line":241,"column":2},"end":{"line":262,"column":4}},"59":{"start":{"line":265,"column":15},"end":{"line":348,"column":2}}},"fnMap":{"0":{"name":"(anonymous_0)","decl":{"start":{"line":38,"column":69},"end":{"line":38,"column":70}},"loc":{"start":{"line":42,"column":6},"end":{"line":263,"column":1}},"line":42},"1":{"name":"(anonymous_1)","decl":{"start":{"line":56,"column":28},"end":{"line":56,"column":29}},"loc":{"start":{"line":56,"column":34},"end":{"line":64,"column":3}},"line":56},"2":{"name":"(anonymous_2)","decl":{"start":{"line":67,"column":28},"end":{"line":67,"column":29}},"loc":{"start":{"line":67,"column":34},"end":{"line":79,"column":3}},"line":67},"3":{"name":"(anonymous_3)","decl":{"start":{"line":81,"column":21},"end":{"line":81,"column":22}},"loc":{"start":{"line":81,"column":33},"end":{"line":100,"column":3}},"line":81},"4":{"name":"(anonymous_4)","decl":{"start":{"line":102,"column":21},"end":{"line":102,"column":22}},"loc":{"start":{"line":102,"column":27},"end":{"line":108,"column":3}},"line":102},"5":{"name":"(anonymous_5)","decl":{"start":{"line":110,"column":50},"end":{"line":110,"column":51}},"loc":{"start":{"line":110,"column":56},"end":{"line":121,"column":3}},"line":110},"6":{"name":"(anonymous_6)","decl":{"start":{"line":123,"column":28},"end":{"line":123,"column":29}},"loc":{"start":{"line":124,"column":4},"end":{"line":238,"column":11}},"line":124},"7":{"name":"(anonymous_7)","decl":{"start":{"line":220,"column":21},"end":{"line":220,"column":22}},"loc":{"start":{"line":220,"column":27},"end":{"line":220,"column":65}},"line":220}},"branchMap":{"0":{"loc":{"start":{"line":57,"column":4},"end":{"line":57,"column":62}},"type":"if","locations":[{"start":{"line":57,"column":4},"end":{"line":57,"column":62}},{"start":{},"end":{}}],"line":57},"1":{"loc":{"start":{"line":57,"column":8},"end":{"line":57,"column":43}},"type":"binary-expr","locations":[{"start":{"line":57,"column":8},"end":{"line":57,"column":18}},{"start":{"line":57,"column":22},"end":{"line":57,"column":43}}],"line":57},"2":{"loc":{"start":{"line":59,"column":4},"end":{"line":62,"column":5}},"type":"if","locations":[{"start":{"line":59,"column":4},"end":{"line":62,"column":5}},{"start":{},"end":{}}],"line":59},"3":{"loc":{"start":{"line":61,"column":6},"end":{"line":61,"column":40}},"type":"if","locations":[{"start":{"line":61,"column":6},"end":{"line":61,"column":40}},{"start":{},"end":{}}],"line":61},"4":{"loc":{"start":{"line":68,"column":4},"end":{"line":78,"column":5}},"type":"switch","locations":[{"start":{"line":69,"column":6},"end":{"line":69,"column":64}},{"start":{"line":70,"column":6},"end":{"line":70,"column":42}},{"start":{"line":71,"column":6},"end":{"line":71,"column":74}},{"start":{"line":72,"column":6},"end":{"line":75,"column":25}},{"start":{"line":76,"column":6},"end":{"line":76,"column":38}},{"start":{"line":77,"column":6},"end":{"line":77,"column":28}}],"line":68},"5":{"loc":{"start":{"line":69,"column":21},"end":{"line":69,"column":63}},"type":"binary-expr","locations":[{"start":{"line":69,"column":21},"end":{"line":69,"column":40}},{"start":{"line":69,"column":44},"end":{"line":69,"column":63}}],"line":69},"6":{"loc":{"start":{"line":71,"column":21},"end":{"line":71,"column":73}},"type":"binary-expr","locations":[{"start":{"line":71,"column":21},"end":{"line":71,"column":41}},{"start":{"line":71,"column":45},"end":{"line":71,"column":73}}],"line":71},"7":{"loc":{"start":{"line":73,"column":8},"end":{"line":73,"column":37}},"type":"if","locations":[{"start":{"line":73,"column":8},"end":{"line":73,"column":37}},{"start":{},"end":{}}],"line":73},"8":{"loc":{"start":{"line":82,"column":4},"end":{"line":87,"column":5}},"type":"if","locations":[{"start":{"line":82,"column":4},"end":{"line":87,"column":5}},{"start":{},"end":{}}],"line":82},"9":{"loc":{"start":{"line":83,"column":6},"end":{"line":85,"column":7}},"type":"if","locations":[{"start":{"line":83,"column":6},"end":{"line":85,"column":7}},{"start":{},"end":{}}],"line":83},"10":{"loc":{"start":{"line":83,"column":10},"end":{"line":83,"column":33}},"type":"binary-expr","locations":[{"start":{"line":83,"column":10},"end":{"line":83,"column":20}},{"start":{"line":83,"column":24},"end":{"line":83,"column":33}}],"line":83},"11":{"loc":{"start":{"line":89,"column":4},"end":{"line":99,"column":5}},"type":"if","locations":[{"start":{"line":89,"column":4},"end":{"line":99,"column":5}},{"start":{"line":91,"column":11},"end":{"line":99,"column":5}}],"line":89},"12":{"loc":{"start":{"line":93,"column":6},"end":{"line":98,"column":7}},"type":"if","locations":[{"start":{"line":93,"column":6},"end":{"line":98,"column":7}},{"start":{},"end":{}}],"line":93},"13":{"loc":{"start":{"line":93,"column":10},"end":{"line":93,"column":35}},"type":"binary-expr","locations":[{"start":{"line":93,"column":10},"end":{"line":93,"column":16}},{"start":{"line":93,"column":20},"end":{"line":93,"column":35}}],"line":93},"14":{"loc":{"start":{"line":94,"column":8},"end":{"line":96,"column":57}},"type":"if","locations":[{"start":{"line":94,"column":8},"end":{"line":96,"column":57}},{"start":{"line":95,"column":13},"end":{"line":96,"column":57}}],"line":94},"15":{"loc":{"start":{"line":95,"column":13},"end":{"line":96,"column":57}},"type":"if","locations":[{"start":{"line":95,"column":13},"end":{"line":96,"column":57}},{"start":{"line":96,"column":13},"end":{"line":96,"column":57}}],"line":95},"16":{"loc":{"start":{"line":96,"column":13},"end":{"line":96,"column":57}},"type":"if","locations":[{"start":{"line":96,"column":13},"end":{"line":96,"column":57}},{"start":{},"end":{}}],"line":96},"17":{"loc":{"start":{"line":97,"column":17},"end":{"line":97,"column":50}},"type":"binary-expr","locations":[{"start":{"line":97,"column":17},"end":{"line":97,"column":29}},{"start":{"line":97,"column":33},"end":{"line":97,"column":50}}],"line":97},"18":{"loc":{"start":{"line":103,"column":4},"end":{"line":107,"column":5}},"type":"if","locations":[{"start":{"line":103,"column":4},"end":{"line":107,"column":5}},{"start":{"line":105,"column":11},"end":{"line":107,"column":5}}],"line":103},"19":{"loc":{"start":{"line":211,"column":11},"end":{"line":211,"column":85}},"type":"binary-expr","locations":[{"start":{"line":211,"column":11},"end":{"line":211,"column":16}},{"start":{"line":211,"column":20},"end":{"line":211,"column":85}}],"line":211},"20":{"loc":{"start":{"line":248,"column":53},"end":{"line":248,"column":74}},"type":"binary-expr","locations":[{"start":{"line":248,"column":53},"end":{"line":248,"column":60}},{"start":{"line":248,"column":64},"end":{"line":248,"column":74}}],"line":248},"21":{"loc":{"start":{"line":253,"column":22},"end":{"line":253,"column":43}},"type":"binary-expr","locations":[{"start":{"line":253,"column":22},"end":{"line":253,"column":32}},{"start":{"line":253,"column":36},"end":{"line":253,"column":43}}],"line":253},"22":{"loc":{"start":{"line":257,"column":13},"end":{"line":257,"column":72}},"type":"cond-expr","locations":[{"start":{"line":257,"column":26},"end":{"line":257,"column":53}},{"start":{"line":257,"column":56},"end":{"line":257,"column":72}}],"line":257}},"s":{"0":0,"1":0,"2":0,"3":0,"4":0,"5":0,"6":0,"7":0,"8":0,"9":0,"10":0,"11":0,"12":0,"13":0,"14":0,"15":0,"16":0,"17":0,"18":0,"19":0,"20":0,"21":0,"22":0,"23":0,"24":0,"25":0,"26":0,"27":0,"28":0,"29":0,"30":0,"31":0,"32":0,"33":0,"34":0,"35":0,"36":0,"37":0,"38":0,"39":0,"40":0,"41":0,"42":0,"43":0,"44":0,"45":0,"46":0,"47":0,"48":0,"49":0,"50":0,"51":0,"52":0,"53":0,"54":0,"55":0,"56":0,"57":0,"58":0,"59":0},"f":{"0":0,"1":0,"2":0,"3":0,"4":0,"5":0,"6":0,"7":0},"b":{"0":[0,0],"1":[0,0],"2":[0,0],"3":[0,0],"4":[0,0,0,0,0,0],"5":[0,0],"6":[0,0],"7":[0,0],"8":[0,0],"9":[0,0],"10":[0,0],"11":[0,0],"12":[0,0],"13":[0,0],"14":[0,0],"15":[0,0],"16":[0,0],"17":[0,0],"18":[0,0],"19":[0,0],"20":[0,0],"21":[0,0],"22":[0,0]}}
,"C:\\Users\\Bas\\Development\\fullStack\\Bangers\\bangers-mobile\\src\\components\\dashboard\\EventCarouselCardSkeleton.tsx": {"path":"C:\\Users\\Bas\\Development\\fullStack\\Bangers\\bangers-mobile\\src\\components\\dashboard\\EventCarouselCardSkeleton.tsx","statementMap":{"0":{"start":{"line":12,"column":83},"end":{"line":39,"column":1}},"1":{"start":{"line":16,"column":16},"end":{"line":16,"column":29}},"2":{"start":{"line":18,"column":2},"end":{"line":38,"column":4}},"3":{"start":{"line":41,"column":15},"end":{"line":63,"column":2}}},"fnMap":{"0":{"name":"(anonymous_0)","decl":{"start":{"line":12,"column":83},"end":{"line":12,"column":84}},"loc":{"start":{"line":15,"column":6},"end":{"line":39,"column":1}},"line":15}},"branchMap":{},"s":{"0":0,"1":0,"2":0,"3":0},"f":{"0":0},"b":{}}
,"C:\\Users\\Bas\\Development\\fullStack\\Bangers\\bangers-mobile\\src\\components\\dashboard\\EventHorizontalCardSkeleton.tsx": {"path":"C:\\Users\\Bas\\Development\\fullStack\\Bangers\\bangers-mobile\\src\\components\\dashboard\\EventHorizontalCardSkeleton.tsx","statementMap":{"0":{"start":{"line":7,"column":53},"end":{"line":33,"column":1}},"1":{"start":{"line":8,"column":16},"end":{"line":8,"column":29}},"2":{"start":{"line":10,"column":2},"end":{"line":32,"column":4}},"3":{"start":{"line":35,"column":15},"end":{"line":63,"column":2}}},"fnMap":{"0":{"name":"(anonymous_0)","decl":{"start":{"line":7,"column":53},"end":{"line":7,"column":54}},"loc":{"start":{"line":7,"column":59},"end":{"line":33,"column":1}},"line":7}},"branchMap":{},"s":{"0":0,"1":0,"2":0,"3":0},"f":{"0":0},"b":{}}
,"C:\\Users\\Bas\\Development\\fullStack\\Bangers\\bangers-mobile\\src\\components\\dashboard\\MyEventsCarousel.tsx": {"path":"C:\\Users\\Bas\\Development\\fullStack\\Bangers\\bangers-mobile\\src\\components\\dashboard\\MyEventsCarousel.tsx","statementMap":{"0":{"start":{"line":19,"column":25},"end":{"line":19,"column":28}},"1":{"start":{"line":21,"column":65},"end":{"line":87,"column":1}},"2":{"start":{"line":27,"column":33},"end":{"line":27,"column":54}},"3":{"start":{"line":28,"column":18},"end":{"line":28,"column":35}},"4":{"start":{"line":30,"column":20},"end":{"line":30,"column":50}},"5":{"start":{"line":31,"column":21},"end":{"line":31,"column":23}},"6":{"start":{"line":32,"column":25},"end":{"line":32,"column":51}},"7":{"start":{"line":34,"column":22},"end":{"line":34,"column":91}},"8":{"start":{"line":34,"column":68},"end":{"line":34,"column":90}},"9":{"start":{"line":36,"column":24},"end":{"line":38,"column":4}},"10":{"start":{"line":37,"column":4},"end":{"line":37,"column":42}},"11":{"start":{"line":40,"column":2},"end":{"line":40,"column":51}},"12":{"start":{"line":40,"column":39},"end":{"line":40,"column":51}},"13":{"start":{"line":42,"column":2},"end":{"line":86,"column":4}},"14":{"start":{"line":72,"column":12},"end":{"line":81,"column":14}},"15":{"start":{"line":89,"column":15},"end":{"line":161,"column":2}}},"fnMap":{"0":{"name":"(anonymous_0)","decl":{"start":{"line":21,"column":65},"end":{"line":21,"column":66}},"loc":{"start":{"line":26,"column":6},"end":{"line":87,"column":1}},"line":26},"1":{"name":"(anonymous_1)","decl":{"start":{"line":34,"column":54},"end":{"line":34,"column":55}},"loc":{"start":{"line":34,"column":68},"end":{"line":34,"column":90}},"line":34},"2":{"name":"(anonymous_2)","decl":{"start":{"line":36,"column":49},"end":{"line":36,"column":50}},"loc":{"start":{"line":36,"column":60},"end":{"line":38,"column":3}},"line":36},"3":{"name":"(anonymous_3)","decl":{"start":{"line":71,"column":21},"end":{"line":71,"column":22}},"loc":{"start":{"line":72,"column":12},"end":{"line":81,"column":14}},"line":72}},"branchMap":{"0":{"loc":{"start":{"line":23,"column":2},"end":{"line":23,"column":23}},"type":"default-arg","locations":[{"start":{"line":23,"column":10},"end":{"line":23,"column":23}}],"line":23},"1":{"loc":{"start":{"line":24,"column":2},"end":{"line":24,"column":17}},"type":"default-arg","locations":[{"start":{"line":24,"column":12},"end":{"line":24,"column":17}}],"line":24},"2":{"loc":{"start":{"line":34,"column":23},"end":{"line":34,"column":48}},"type":"cond-expr","locations":[{"start":{"line":34,"column":33},"end":{"line":34,"column":39}},{"start":{"line":34,"column":42},"end":{"line":34,"column":48}}],"line":34},"3":{"loc":{"start":{"line":40,"column":2},"end":{"line":40,"column":51}},"type":"if","locations":[{"start":{"line":40,"column":2},"end":{"line":40,"column":51}},{"start":{},"end":{}}],"line":40},"4":{"loc":{"start":{"line":40,"column":6},"end":{"line":40,"column":37}},"type":"binary-expr","locations":[{"start":{"line":40,"column":6},"end":{"line":40,"column":14}},{"start":{"line":40,"column":18},"end":{"line":40,"column":37}}],"line":40},"5":{"loc":{"start":{"line":65,"column":9},"end":{"line":83,"column":9}},"type":"cond-expr","locations":[{"start":{"line":66,"column":10},"end":{"line":69,"column":13}},{"start":{"line":71,"column":10},"end":{"line":82,"column":12}}],"line":65}},"s":{"0":0,"1":0,"2":0,"3":0,"4":0,"5":0,"6":0,"7":0,"8":0,"9":0,"10":0,"11":0,"12":0,"13":0,"14":0,"15":0},"f":{"0":0,"1":0,"2":0,"3":0},"b":{"0":[0],"1":[0],"2":[0,0],"3":[0,0],"4":[0,0],"5":[0,0]}}
,"C:\\Users\\Bas\\Development\\fullStack\\Bangers\\bangers-mobile\\src\\components\\dashboard\\SuggestedEvents.tsx": {"path":"C:\\Users\\Bas\\Development\\fullStack\\Bangers\\bangers-mobile\\src\\components\\dashboard\\SuggestedEvents.tsx","statementMap":{"0":{"start":{"line":19,"column":63},"end":{"line":66,"column":1}},"1":{"start":{"line":26,"column":16},"end":{"line":26,"column":32}},"2":{"start":{"line":27,"column":16},"end":{"line":27,"column":29}},"3":{"start":{"line":29,"column":2},"end":{"line":29,"column":66}},"4":{"start":{"line":29,"column":54},"end":{"line":29,"column":66}},"5":{"start":{"line":31,"column":2},"end":{"line":65,"column":4}},"6":{"start":{"line":56,"column":12},"end":{"line":60,"column":14}},"7":{"start":{"line":68,"column":15},"end":{"line":97,"column":2}}},"fnMap":{"0":{"name":"(anonymous_0)","decl":{"start":{"line":19,"column":63},"end":{"line":19,"column":64}},"loc":{"start":{"line":25,"column":6},"end":{"line":66,"column":1}},"line":25},"1":{"name":"(anonymous_1)","decl":{"start":{"line":55,"column":21},"end":{"line":55,"column":22}},"loc":{"start":{"line":56,"column":12},"end":{"line":60,"column":14}},"line":56}},"branchMap":{"0":{"loc":{"start":{"line":23,"column":2},"end":{"line":23,"column":17}},"type":"default-arg","locations":[{"start":{"line":23,"column":12},"end":{"line":23,"column":17}}],"line":23},"1":{"loc":{"start":{"line":29,"column":2},"end":{"line":29,"column":66}},"type":"if","locations":[{"start":{"line":29,"column":2},"end":{"line":29,"column":66}},{"start":{},"end":{}}],"line":29},"2":{"loc":{"start":{"line":29,"column":6},"end":{"line":29,"column":52}},"type":"binary-expr","locations":[{"start":{"line":29,"column":6},"end":{"line":29,"column":14}},{"start":{"line":29,"column":18},"end":{"line":29,"column":37}},{"start":{"line":29,"column":41},"end":{"line":29,"column":52}}],"line":29},"3":{"loc":{"start":{"line":48,"column":9},"end":{"line":62,"column":9}},"type":"cond-expr","locations":[{"start":{"line":49,"column":10},"end":{"line":53,"column":13}},{"start":{"line":55,"column":10},"end":{"line":61,"column":12}}],"line":48}},"s":{"0":0,"1":0,"2":0,"3":0,"4":0,"5":0,"6":0,"7":0},"f":{"0":0,"1":0},"b":{"0":[0],"1":[0,0],"2":[0,0,0],"3":[0,0]}}
,"C:\\Users\\Bas\\Development\\fullStack\\Bangers\\bangers-mobile\\src\\components\\event\\EventCard.tsx": {"path":"C:\\Users\\Bas\\Development\\fullStack\\Bangers\\bangers-mobile\\src\\components\\event\\EventCard.tsx","statementMap":{"0":{"start":{"line":31,"column":5},"end":{"line":80,"column":1}},"1":{"start":{"line":32,"column":16},"end":{"line":32,"column":29}},"2":{"start":{"line":34,"column":18},"end":{"line":34,"column":49}},"3":{"start":{"line":35,"column":16},"end":{"line":35,"column":46}},"4":{"start":{"line":37,"column":24},"end":{"line":40,"column":5}},"5":{"start":{"line":37,"column":48},"end":{"line":40,"column":3}},"6":{"start":{"line":42,"column":24},"end":{"line":42,"column":53}},"7":{"start":{"line":44,"column":2},"end":{"line":55,"column":3}},"8":{"start":{"line":45,"column":4},"end":{"line":54,"column":6}},"9":{"start":{"line":57,"column":2},"end":{"line":68,"column":3}},"10":{"start":{"line":58,"column":4},"end":{"line":67,"column":6}},"11":{"start":{"line":70,"column":2},"end":{"line":79,"column":4}},"12":{"start":{"line":83,"column":24},"end":{"line":98,"column":1}},"13":{"start":{"line":84,"column":16},"end":{"line":84,"column":36}},"14":{"start":{"line":86,"column":2},"end":{"line":95,"column":34}},"15":{"start":{"line":87,"column":4},"end":{"line":94,"column":6}},"16":{"start":{"line":97,"column":2},"end":{"line":97,"column":15}},"17":{"start":{"line":100,"column":51},"end":{"line":287,"column":1}},"18":{"start":{"line":106,"column":16},"end":{"line":106,"column":29}},"19":{"start":{"line":107,"column":20},"end":{"line":107,"column":54}},"20":{"start":{"line":109,"column":21},"end":{"line":115,"column":3}},"21":{"start":{"line":110,"column":17},"end":{"line":110,"column":37}},"22":{"start":{"line":111,"column":4},"end":{"line":114,"column":7}},"23":{"start":{"line":117,"column":2},"end":{"line":160,"column":3}},"24":{"start":{"line":118,"column":4},"end":{"line":159,"column":6}},"25":{"start":{"line":121,"column":25},"end":{"line":121,"column":41}},"26":{"start":{"line":162,"column":2},"end":{"line":216,"column":3}},"27":{"start":{"line":163,"column":4},"end":{"line":215,"column":6}},"28":{"start":{"line":165,"column":23},"end":{"line":165,"column":39}},"29":{"start":{"line":200,"column":20},"end":{"line":207,"column":26}},"30":{"start":{"line":218,"column":2},"end":{"line":286,"column":4}},"31":{"start":{"line":220,"column":21},"end":{"line":220,"column":37}},"32":{"start":{"line":290,"column":15},"end":{"line":458,"column":2}}},"fnMap":{"0":{"name":"(anonymous_0)","decl":{"start":{"line":31,"column":5},"end":{"line":31,"column":6}},"loc":{"start":{"line":31,"column":41},"end":{"line":80,"column":1}},"line":31},"1":{"name":"(anonymous_1)","decl":{"start":{"line":37,"column":41},"end":{"line":37,"column":42}},"loc":{"start":{"line":37,"column":48},"end":{"line":40,"column":3}},"line":37},"2":{"name":"(anonymous_2)","decl":{"start":{"line":83,"column":24},"end":{"line":83,"column":25}},"loc":{"start":{"line":83,"column":72},"end":{"line":98,"column":1}},"line":83},"3":{"name":"(anonymous_3)","decl":{"start":{"line":86,"column":18},"end":{"line":86,"column":19}},"loc":{"start":{"line":86,"column":24},"end":{"line":95,"column":3}},"line":86},"4":{"name":"(anonymous_4)","decl":{"start":{"line":100,"column":51},"end":{"line":100,"column":52}},"loc":{"start":{"line":105,"column":6},"end":{"line":287,"column":1}},"line":105},"5":{"name":"(anonymous_5)","decl":{"start":{"line":109,"column":21},"end":{"line":109,"column":22}},"loc":{"start":{"line":109,"column":45},"end":{"line":115,"column":3}},"line":109},"6":{"name":"(anonymous_6)","decl":{"start":{"line":121,"column":19},"end":{"line":121,"column":20}},"loc":{"start":{"line":121,"column":25},"end":{"line":121,"column":41}},"line":121},"7":{"name":"(anonymous_7)","decl":{"start":{"line":165,"column":17},"end":{"line":165,"column":18}},"loc":{"start":{"line":165,"column":23},"end":{"line":165,"column":39}},"line":165},"8":{"name":"(anonymous_8)","decl":{"start":{"line":199,"column":48},"end":{"line":199,"column":49}},"loc":{"start":{"line":200,"column":20},"end":{"line":207,"column":26}},"line":200},"9":{"name":"(anonymous_9)","decl":{"start":{"line":220,"column":15},"end":{"line":220,"column":16}},"loc":{"start":{"line":220,"column":21},"end":{"line":220,"column":37}},"line":220}},"branchMap":{"0":{"loc":{"start":{"line":31,"column":8},"end":{"line":31,"column":27}},"type":"default-arg","locations":[{"start":{"line":31,"column":18},"end":{"line":31,"column":27}}],"line":31},"1":{"loc":{"start":{"line":44,"column":2},"end":{"line":55,"column":3}},"type":"if","locations":[{"start":{"line":44,"column":2},"end":{"line":55,"column":3}},{"start":{},"end":{}}],"line":44},"2":{"loc":{"start":{"line":57,"column":2},"end":{"line":68,"column":3}},"type":"if","locations":[{"start":{"line":57,"column":2},"end":{"line":68,"column":3}},{"start":{},"end":{}}],"line":57},"3":{"loc":{"start":{"line":103,"column":2},"end":{"line":103,"column":21}},"type":"default-arg","locations":[{"start":{"line":103,"column":12},"end":{"line":103,"column":21}}],"line":103},"4":{"loc":{"start":{"line":117,"column":2},"end":{"line":160,"column":3}},"type":"if","locations":[{"start":{"line":117,"column":2},"end":{"line":160,"column":3}},{"start":{},"end":{}}],"line":117},"5":{"loc":{"start":{"line":125,"column":13},"end":{"line":137,"column":13}},"type":"cond-expr","locations":[{"start":{"line":126,"column":14},"end":{"line":129,"column":16}},{"start":{"line":131,"column":14},"end":{"line":136,"column":16}}],"line":125},"6":{"loc":{"start":{"line":144,"column":17},"end":{"line":144,"column":47}},"type":"binary-expr","locations":[{"start":{"line":144,"column":17},"end":{"line":144,"column":27}},{"start":{"line":144,"column":31},"end":{"line":144,"column":47}}],"line":144},"7":{"loc":{"start":{"line":152,"column":19},"end":{"line":152,"column":50}},"type":"binary-expr","locations":[{"start":{"line":152,"column":19},"end":{"line":152,"column":33}},{"start":{"line":152,"column":37},"end":{"line":152,"column":50}}],"line":152},"8":{"loc":{"start":{"line":162,"column":2},"end":{"line":216,"column":3}},"type":"if","locations":[{"start":{"line":162,"column":2},"end":{"line":216,"column":3}},{"start":{},"end":{}}],"line":162},"9":{"loc":{"start":{"line":170,"column":13},"end":{"line":179,"column":13}},"type":"cond-expr","locations":[{"start":{"line":171,"column":14},"end":{"line":171,"column":80}},{"start":{"line":173,"column":14},"end":{"line":178,"column":16}}],"line":170},"10":{"loc":{"start":{"line":197,"column":15},"end":{"line":210,"column":15}},"type":"binary-expr","locations":[{"start":{"line":197,"column":15},"end":{"line":197,"column":27}},{"start":{"line":197,"column":31},"end":{"line":197,"column":54}},{"start":{"line":198,"column":16},"end":{"line":209,"column":23}}],"line":197},"11":{"loc":{"start":{"line":230,"column":11},"end":{"line":239,"column":11}},"type":"cond-expr","locations":[{"start":{"line":231,"column":12},"end":{"line":231,"column":77}},{"start":{"line":233,"column":12},"end":{"line":238,"column":14}}],"line":230},"12":{"loc":{"start":{"line":258,"column":15},"end":{"line":269,"column":22}},"type":"cond-expr","locations":[{"start":{"line":259,"column":16},"end":{"line":268,"column":23}},{"start":{"line":269,"column":18},"end":{"line":269,"column":22}}],"line":258},"13":{"loc":{"start":{"line":258,"column":15},"end":{"line":258,"column":54}},"type":"binary-expr","locations":[{"start":{"line":258,"column":15},"end":{"line":258,"column":27}},{"start":{"line":258,"column":31},"end":{"line":258,"column":54}}],"line":258},"14":{"loc":{"start":{"line":277,"column":19},"end":{"line":277,"column":44}},"type":"binary-expr","locations":[{"start":{"line":277,"column":19},"end":{"line":277,"column":39}},{"start":{"line":277,"column":43},"end":{"line":277,"column":44}}],"line":277}},"s":{"0":0,"1":0,"2":0,"3":0,"4":0,"5":0,"6":0,"7":0,"8":0,"9":0,"10":0,"11":0,"12":0,"13":0,"14":0,"15":0,"16":0,"17":0,"18":0,"19":0,"20":0,"21":0,"22":0,"23":0,"24":0,"25":0,"26":0,"27":0,"28":0,"29":0,"30":0,"31":0,"32":0},"f":{"0":0,"1":0,"2":0,"3":0,"4":0,"5":0,"6":0,"7":0,"8":0,"9":0},"b":{"0":[0],"1":[0,0],"2":[0,0],"3":[0],"4":[0,0],"5":[0,0],"6":[0,0],"7":[0,0],"8":[0,0],"9":[0,0],"10":[0,0,0],"11":[0,0],"12":[0,0],"13":[0,0],"14":[0,0]}}
,"C:\\Users\\Bas\\Development\\fullStack\\Bangers\\bangers-mobile\\src\\components\\event\\EventCarouselCard.tsx": {"path":"C:\\Users\\Bas\\Development\\fullStack\\Bangers\\bangers-mobile\\src\\components\\event\\EventCarouselCard.tsx","statementMap":{"0":{"start":{"line":26,"column":67},"end":{"line":144,"column":1}},"1":{"start":{"line":35,"column":16},"end":{"line":35,"column":29}},"2":{"start":{"line":36,"column":20},"end":{"line":36,"column":54}},"3":{"start":{"line":38,"column":24},"end":{"line":63,"column":4}},"4":{"start":{"line":39,"column":23},"end":{"line":43,"column":5}},"5":{"start":{"line":45,"column":18},"end":{"line":50,"column":5}},"6":{"start":{"line":52,"column":20},"end":{"line":57,"column":5}},"7":{"start":{"line":59,"column":4},"end":{"line":62,"column":6}},"8":{"start":{"line":65,"column":2},"end":{"line":143,"column":4}},"9":{"start":{"line":77,"column":32},"end":{"line":77,"column":48}},"10":{"start":{"line":128,"column":18},"end":{"line":135,"column":24}},"11":{"start":{"line":146,"column":15},"end":{"line":221,"column":2}}},"fnMap":{"0":{"name":"(anonymous_0)","decl":{"start":{"line":26,"column":67},"end":{"line":26,"column":68}},"loc":{"start":{"line":34,"column":6},"end":{"line":144,"column":1}},"line":34},"1":{"name":"(anonymous_1)","decl":{"start":{"line":38,"column":41},"end":{"line":38,"column":42}},"loc":{"start":{"line":38,"column":47},"end":{"line":63,"column":3}},"line":38},"2":{"name":"(anonymous_2)","decl":{"start":{"line":77,"column":26},"end":{"line":77,"column":27}},"loc":{"start":{"line":77,"column":32},"end":{"line":77,"column":48}},"line":77},"3":{"name":"(anonymous_3)","decl":{"start":{"line":127,"column":46},"end":{"line":127,"column":47}},"loc":{"start":{"line":128,"column":18},"end":{"line":135,"column":24}},"line":128}},"branchMap":{"0":{"loc":{"start":{"line":82,"column":13},"end":{"line":91,"column":13}},"type":"cond-expr","locations":[{"start":{"line":83,"column":14},"end":{"line":83,"column":72}},{"start":{"line":85,"column":14},"end":{"line":90,"column":16}}],"line":82},"1":{"loc":{"start":{"line":120,"column":19},"end":{"line":120,"column":44}},"type":"binary-expr","locations":[{"start":{"line":120,"column":19},"end":{"line":120,"column":39}},{"start":{"line":120,"column":43},"end":{"line":120,"column":44}}],"line":120},"2":{"loc":{"start":{"line":125,"column":13},"end":{"line":138,"column":13}},"type":"binary-expr","locations":[{"start":{"line":125,"column":13},"end":{"line":125,"column":25}},{"start":{"line":125,"column":29},"end":{"line":125,"column":52}},{"start":{"line":126,"column":14},"end":{"line":137,"column":21}}],"line":125}},"s":{"0":0,"1":0,"2":0,"3":0,"4":0,"5":0,"6":0,"7":0,"8":0,"9":0,"10":0,"11":0},"f":{"0":0,"1":0,"2":0,"3":0},"b":{"0":[0,0],"1":[0,0],"2":[0,0,0]}}
,"C:\\Users\\Bas\\Development\\fullStack\\Bangers\\bangers-mobile\\src\\components\\event\\EventHorizontalCard.tsx": {"path":"C:\\Users\\Bas\\Development\\fullStack\\Bangers\\bangers-mobile\\src\\components\\event\\EventHorizontalCard.tsx","statementMap":{"0":{"start":{"line":16,"column":71},"end":{"line":108,"column":1}},"1":{"start":{"line":21,"column":16},"end":{"line":21,"column":29}},"2":{"start":{"line":22,"column":20},"end":{"line":22,"column":54}},"3":{"start":{"line":24,"column":21},"end":{"line":31,"column":3}},"4":{"start":{"line":25,"column":17},"end":{"line":25,"column":37}},"5":{"start":{"line":26,"column":4},"end":{"line":30,"column":7}},"6":{"start":{"line":33,"column":2},"end":{"line":107,"column":4}},"7":{"start":{"line":42,"column":23},"end":{"line":42,"column":39}},"8":{"start":{"line":110,"column":15},"end":{"line":186,"column":2}}},"fnMap":{"0":{"name":"(anonymous_0)","decl":{"start":{"line":16,"column":71},"end":{"line":16,"column":72}},"loc":{"start":{"line":20,"column":6},"end":{"line":108,"column":1}},"line":20},"1":{"name":"(anonymous_1)","decl":{"start":{"line":24,"column":21},"end":{"line":24,"column":22}},"loc":{"start":{"line":24,"column":45},"end":{"line":31,"column":3}},"line":24},"2":{"name":"(anonymous_2)","decl":{"start":{"line":42,"column":17},"end":{"line":42,"column":18}},"loc":{"start":{"line":42,"column":23},"end":{"line":42,"column":39}},"line":42}},"branchMap":{"0":{"loc":{"start":{"line":44,"column":65},"end":{"line":44,"column":90}},"type":"binary-expr","locations":[{"start":{"line":44,"column":65},"end":{"line":44,"column":85}},{"start":{"line":44,"column":89},"end":{"line":44,"column":90}}],"line":44},"1":{"loc":{"start":{"line":50,"column":13},"end":{"line":59,"column":13}},"type":"cond-expr","locations":[{"start":{"line":51,"column":14},"end":{"line":51,"column":72}},{"start":{"line":53,"column":14},"end":{"line":58,"column":16}}],"line":50},"2":{"loc":{"start":{"line":77,"column":13},"end":{"line":83,"column":13}},"type":"binary-expr","locations":[{"start":{"line":77,"column":13},"end":{"line":77,"column":25}},{"start":{"line":77,"column":29},"end":{"line":77,"column":52}},{"start":{"line":78,"column":14},"end":{"line":82,"column":21}}],"line":77},"3":{"loc":{"start":{"line":99,"column":19},"end":{"line":99,"column":44}},"type":"binary-expr","locations":[{"start":{"line":99,"column":19},"end":{"line":99,"column":39}},{"start":{"line":99,"column":43},"end":{"line":99,"column":44}}],"line":99}},"s":{"0":0,"1":0,"2":0,"3":0,"4":0,"5":0,"6":0,"7":0,"8":0},"f":{"0":0,"1":0,"2":0},"b":{"0":[0,0],"1":[0,0],"2":[0,0,0],"3":[0,0]}}
,"C:\\Users\\Bas\\Development\\fullStack\\Bangers\\bangers-mobile\\src\\components\\event\\EventListCard.tsx": {"path":"C:\\Users\\Bas\\Development\\fullStack\\Bangers\\bangers-mobile\\src\\components\\event\\EventListCard.tsx","statementMap":{"0":{"start":{"line":21,"column":59},"end":{"line":132,"column":1}},"1":{"start":{"line":27,"column":16},"end":{"line":27,"column":29}},"2":{"start":{"line":28,"column":20},"end":{"line":28,"column":54}},"3":{"start":{"line":30,"column":21},"end":{"line":37,"column":3}},"4":{"start":{"line":31,"column":17},"end":{"line":31,"column":37}},"5":{"start":{"line":32,"column":4},"end":{"line":36,"column":7}},"6":{"start":{"line":39,"column":2},"end":{"line":131,"column":4}},"7":{"start":{"line":49,"column":23},"end":{"line":49,"column":39}},"8":{"start":{"line":134,"column":15},"end":{"line":226,"column":2}}},"fnMap":{"0":{"name":"(anonymous_0)","decl":{"start":{"line":21,"column":59},"end":{"line":21,"column":60}},"loc":{"start":{"line":26,"column":6},"end":{"line":132,"column":1}},"line":26},"1":{"name":"(anonymous_1)","decl":{"start":{"line":30,"column":21},"end":{"line":30,"column":22}},"loc":{"start":{"line":30,"column":45},"end":{"line":37,"column":3}},"line":30},"2":{"name":"(anonymous_2)","decl":{"start":{"line":49,"column":17},"end":{"line":49,"column":18}},"loc":{"start":{"line":49,"column":23},"end":{"line":49,"column":39}},"line":49}},"branchMap":{"0":{"loc":{"start":{"line":25,"column":2},"end":{"line":25,"column":21}},"type":"default-arg","locations":[{"start":{"line":25,"column":12},"end":{"line":25,"column":21}}],"line":25},"1":{"loc":{"start":{"line":44,"column":8},"end":{"line":44,"column":51}},"type":"binary-expr","locations":[{"start":{"line":44,"column":8},"end":{"line":44,"column":29}},{"start":{"line":44,"column":33},"end":{"line":44,"column":51}}],"line":44},"2":{"loc":{"start":{"line":52,"column":21},"end":{"line":52,"column":78}},"type":"cond-expr","locations":[{"start":{"line":52,"column":45},"end":{"line":52,"column":71}},{"start":{"line":52,"column":74},"end":{"line":52,"column":78}}],"line":52},"3":{"loc":{"start":{"line":57,"column":14},"end":{"line":57,"column":67}},"type":"binary-expr","locations":[{"start":{"line":57,"column":14},"end":{"line":57,"column":35}},{"start":{"line":57,"column":39},"end":{"line":57,"column":67}}],"line":57},"4":{"loc":{"start":{"line":60,"column":13},"end":{"line":69,"column":13}},"type":"cond-expr","locations":[{"start":{"line":61,"column":14},"end":{"line":61,"column":72}},{"start":{"line":63,"column":14},"end":{"line":68,"column":16}}],"line":60},"5":{"loc":{"start":{"line":74,"column":16},"end":{"line":74,"column":64}},"type":"binary-expr","locations":[{"start":{"line":74,"column":16},"end":{"line":74,"column":37}},{"start":{"line":74,"column":41},"end":{"line":74,"column":64}}],"line":74},"6":{"loc":{"start":{"line":89,"column":14},"end":{"line":89,"column":60}},"type":"binary-expr","locations":[{"start":{"line":89,"column":14},"end":{"line":89,"column":35}},{"start":{"line":89,"column":39},"end":{"line":89,"column":60}}],"line":89},"7":{"loc":{"start":{"line":95,"column":16},"end":{"line":95,"column":60}},"type":"binary-expr","locations":[{"start":{"line":95,"column":16},"end":{"line":95,"column":37}},{"start":{"line":95,"column":41},"end":{"line":95,"column":60}}],"line":95},"8":{"loc":{"start":{"line":105,"column":16},"end":{"line":105,"column":62}},"type":"binary-expr","locations":[{"start":{"line":105,"column":16},"end":{"line":105,"column":37}},{"start":{"line":105,"column":41},"end":{"line":105,"column":62}}],"line":105},"9":{"loc":{"start":{"line":121,"column":19},"end":{"line":123,"column
[...]
oc":{"start":{"line":61,"column":6},"end":{"line":61,"column":72}},"type":"binary-expr","locations":[{"start":{"line":61,"column":6},"end":{"line":61,"column":40}},{"start":{"line":61,"column":44},"end":{"line":61,"column":72}}],"line":61},"10":{"loc":{"start":{"line":64,"column":2},"end":{"line":66,"column":3}},"type":"if","locations":[{"start":{"line":64,"column":2},"end":{"line":66,"column":3}},{"start":{},"end":{}}],"line":64},"11":{"loc":{"start":{"line":64,"column":6},"end":{"line":64,"column":62}},"type":"binary-expr","locations":[{"start":{"line":64,"column":6},"end":{"line":64,"column":35}},{"start":{"line":64,"column":39},"end":{"line":64,"column":62}}],"line":64},"12":{"loc":{"start":{"line":67,"column":2},"end":{"line":69,"column":3}},"type":"if","locations":[{"start":{"line":67,"column":2},"end":{"line":69,"column":3}},{"start":{},"end":{}}],"line":67},"13":{"loc":{"start":{"line":67,"column":6},"end":{"line":67,"column":78}},"type":"binary-expr","locations":[{"start":{"line":67,"column":6},"end":{"line":67,"column":43}},{"start":{"line":67,"column":47},"end":{"line":67,"column":78}}],"line":67},"14":{"loc":{"start":{"line":71,"column":16},"end":{"line":71,"column":81}},"type":"cond-expr","locations":[{"start":{"line":71,"column":54},"end":{"line":71,"column":76}},{"start":{"line":71,"column":79},"end":{"line":71,"column":81}}],"line":71},"15":{"loc":{"start":{"line":72,"column":15},"end":{"line":72,"column":78}},"type":"cond-expr","locations":[{"start":{"line":72,"column":52},"end":{"line":72,"column":73}},{"start":{"line":72,"column":76},"end":{"line":72,"column":78}}],"line":72},"16":{"loc":{"start":{"line":74,"column":2},"end":{"line":76,"column":3}},"type":"if","locations":[{"start":{"line":74,"column":2},"end":{"line":76,"column":3}},{"start":{},"end":{}}],"line":74},"17":{"loc":{"start":{"line":78,"column":2},"end":{"line":80,"column":3}},"type":"if","locations":[{"start":{"line":78,"column":2},"end":{"line":80,"column":3}},{"start":{},"end":{}}],"line":78},"18":{"loc":{"start":{"line":78,"column":6},"end":{"line":78,"column":70}},"type":"binary-expr","locations":[{"start":{"line":78,"column":6},"end":{"line":78,"column":39}},{"start":{"line":78,"column":43},"end":{"line":78,"column":70}}],"line":78}},"s":{"0":1,"1":0,"2":1,"3":2,"4":1,"5":1,"6":1,"7":1,"8":1,"9":4,"10":2,"11":2,"12":2,"13":1,"14":1,"15":1,"16":0,"17":1,"18":0,"19":1,"20":1,"21":1,"22":0,"23":0,"24":1,"25":0,"26":0,"27":0,"28":0,"29":0,"30":0,"31":0,"32":0,"33":0,"34":0,"35":0,"36":0,"37":0,"38":0,"39":0,"40":0},"f":{"0":0,"1":2,"2":1,"3":4,"4":0,"5":0},"b":{"0":[1,1],"1":[2,2],"2":[4,2,2,2],"3":[1,1],"4":[0,1],"5":[1,1,1,1],"6":[0,1],"7":[0,0],"8":[0,0],"9":[0,0],"10":[0,0],"11":[0,0],"12":[0,0],"13":[0,0],"14":[0,0],"15":[0,0],"16":[0,0],"17":[0,0],"18":[0,0]},"_coverageSchema":"1a1c01bbd47fc00a2c39e90264f33305004495a9","hash":"8460ee8dbfbdcc18115b094f97e691bb2eee47ad"}
,"C:\\Users\\Bas\\Development\\fullStack\\Bangers\\bangers-mobile\\src\\utils\\logger.ts": {"path":"C:\\Users\\Bas\\Development\\fullStack\\Bangers\\bangers-mobile\\src\\utils\\logger.ts","statementMap":{"0":{"start":{"line":6,"column":18},"end":{"line":6,"column":25}},"1":{"start":{"line":9,"column":4},"end":{"line":9,"column":49}},"2":{"start":{"line":9,"column":42},"end":{"line":9,"column":49}},"3":{"start":{"line":11,"column":22},"end":{"line":11,"column":46}},"4":{"start":{"line":12,"column":19},"end":{"line":12,"column":60}},"5":{"start":{"line":14,"column":4},"end":{"line":29,"column":5}},"6":{"start":{"line":17,"column":8},"end":{"line":17,"column":49}},"7":{"start":{"line":18,"column":8},"end":{"line":18,"column":14}},"8":{"start":{"line":20,"column":8},"end":{"line":20,"column":50}},"9":{"start":{"line":21,"column":8},"end":{"line":21,"column":14}},"10":{"start":{"line":23,"column":8},"end":{"line":23,"column":57}},"11":{"start":{"line":24,"column":8},"end":{"line":24,"column":14}},"12":{"start":{"line":27,"column":8},"end":{"line":27,"column":51}},"13":{"start":{"line":28,"column":8},"end":{"line":28,"column":14}},"14":{"start":{"line":33,"column":4},"end":{"line":33,"column":36}},"15":{"start":{"line":37,"column":4},"end":{"line":37,"column":36}},"16":{"start":{"line":41,"column":4},"end":{"line":41,"column":37}},"17":{"start":{"line":45,"column":4},"end":{"line":45,"column":37}},"18":{"start":{"line":49,"column":4},"end":{"line":49,"column":54}},"19":{"start":{"line":53,"column":22},"end":{"line":53,"column":34}}},"fnMap":{"0":{"name":"(anonymous_0)","decl":{"start":{"line":8,"column":2},"end":{"line":8,"column":3}},"loc":{"start":{"line":8,"column":64},"end":{"line":30,"column":3}},"line":8},"1":{"name":"(anonymous_1)","decl":{"start":{"line":32,"column":2},"end":{"line":32,"column":3}},"loc":{"start":{"line":32,"column":40},"end":{"line":34,"column":3}},"line":32},"2":{"name":"(anonymous_2)","decl":{"start":{"line":36,"column":2},"end":{"line":36,"column":3}},"loc":{"start":{"line":36,"column":40},"end":{"line":38,"column":3}},"line":36},"3":{"name":"(anonymous_3)","decl":{"start":{"line":40,"column":2},"end":{"line":40,"column":3}},"loc":{"start":{"line":40,"column":41},"end":{"line":42,"column":3}},"line":40},"4":{"name":"(anonymous_4)","decl":{"start":{"line":44,"column":2},"end":{"line":44,"column":3}},"loc":{"start":{"line":44,"column":41},"end":{"line":46,"column":3}},"line":44},"5":{"name":"(anonymous_5)","decl":{"start":{"line":48,"column":2},"end":{"line":48,"column":3}},"loc":{"start":{"line":48,"column":80},"end":{"line":50,"column":3}},"line":48}},"branchMap":{"0":{"loc":{"start":{"line":9,"column":4},"end":{"line":9,"column":49}},"type":"if","locations":[{"start":{"line":9,"column":4},"end":{"line":9,"column":49}},{"start":{},"end":{}}],"line":9},"1":{"loc":{"start":{"line":9,"column":8},"end":{"line":9,"column":40}},"type":"binary-expr","locations":[{"start":{"line":9,"column":8},"end":{"line":9,"column":19}},{"start":{"line":9,"column":23},"end":{"line":9,"column":40}}],"line":9},"2":{"loc":{"start":{"line":14,"column":4},"end":{"line":29,"column":5}},"type":"switch","locations":[{"start":{"line":15,"column":6},"end":{"line":18,"column":14}},{"start":{"line":19,"column":6},"end":{"line":21,"column":14}},{"start":{"line":22,"column":6},"end":{"line":24,"column":14}},{"start":{"line":25,"column":6},"end":{"line":28,"column":14}}],"line":14},"3":{"loc":{"start":{"line":17,"column":37},"end":{"line":17,"column":47}},"type":"binary-expr","locations":[{"start":{"line":17,"column":37},"end":{"line":17,"column":41}},{"start":{"line":17,"column":45},"end":{"line":17,"column":47}}],"line":17},"4":{"loc":{"start":{"line":20,"column":38},"end":{"line":20,"column":48}},"type":"binary-expr","locations":[{"start":{"line":20,"column":38},"end":{"line":20,"column":42}},{"start":{"line":20,"column":46},"end":{"line":20,"column":48}}],"line":20},"5":{"loc":{"start":{"line":27,"column":39},"end":{"line":27,"column":49}},"type":"binary-expr","locations":[{"start":{"line":27,"column":39},"end":{"line":27,"column":43}},{"start":{"line":27,"column":47},"end":{"line":27,"column":49}}],"line":27}},"s":{"0":1,"1":1,"2":0,"3":1,"4":1,"5":1,"6":0,"7":0,"8":0,"9":0,"10":1,"11":1,"12":0,"13":0,"14":0,"15":0,"16":1,"17":0,"18":1,"19":1},"f":{"0":1,"1":0,"2":0,"3":1,"4":0,"5":1},"b":{"0":[0,1],"1":[1,0],"2":[0,0,1,0],"3":[0,0],"4":[0,0],"5":[0,0]},"_coverageSchema":"1a1c01bbd47fc00a2c39e90264f33305004495a9","hash":"e2f9d5302c3cce4d571f3dc3342b0fc8b81de39b"}
,"C:\\Users\\Bas\\Development\\fullStack\\Bangers\\bangers-mobile\\src\\utils\\theme.ts": {"path":"C:\\Users\\Bas\\Development\\fullStack\\Bangers\\bangers-mobile\\src\\utils\\theme.ts","statementMap":{"0":{"start":{"line":1,"column":22},"end":{"line":19,"column":1}},"1":{"start":{"line":27,"column":36},"end":{"line":59,"column":1}},"2":{"start":{"line":31,"column":2},"end":{"line":31,"column":42}},"3":{"start":{"line":31,"column":25},"end":{"line":31,"column":42}},"4":{"start":{"line":33,"column":17},"end":{"line":33,"column":46}},"5":{"start":{"line":36,"column":12},"end":{"line":36,"column":44}},"6":{"start":{"line":37,"column":12},"end":{"line":37,"column":44}},"7":{"start":{"line":38,"column":12},"end":{"line":38,"column":44}},"8":{"start":{"line":40,"column":16},"end":{"line":43,"column":23}},"9":{"start":{"line":41,"column":4},"end":{"line":43,"column":23}},"10":{"start":{"line":45,"column":2},"end":{"line":58,"column":3}},"11":{"start":{"line":47,"column":15},"end":{"line":47,"column":48}},"12":{"start":{"line":48,"column":15},"end":{"line":48,"column":48}},"13":{"start":{"line":49,"column":15},"end":{"line":49,"column":48}},"14":{"start":{"line":50,"column":4},"end":{"line":50,"column":51}},"15":{"start":{"line":54,"column":15},"end":{"line":54,"column":47}},"16":{"start":{"line":55,"column":15},"end":{"line":55,"column":47}},"17":{"start":{"line":56,"column":15},"end":{"line":56,"column":47}},"18":{"start":{"line":57,"column":4},"end":{"line":57,"column":51}},"19":{"start":{"line":65,"column":33},"end":{"line":100,"column":1}},"20":{"start":{"line":69,"column":2},"end":{"line":69,"column":55}},"21":{"start":{"line":69,"column":25},"end":{"line":69,"column":55}},"22":{"start":{"line":71,"column":17},"end":{"line":71,"column":46}},"23":{"start":{"line":74,"column":12},"end":{"line":74,"column":44}},"24":{"start":{"line":75,"column":12},"end":{"line":75,"column":44}},"25":{"start":{"line":76,"column":12},"end":{"line":76,"column":44}},"26":{"start":{"line":78,"column":16},"end":{"line":81,"column":23}},"27":{"start":{"line":79,"column":4},"end":{"line":81,"column":23}},"28":{"start":{"line":83,"column":2},"end":{"line":99,"column":3}},"29":{"start":{"line":85,"column":18},"end":{"line":85,"column":27}},"30":{"start":{"line":86,"column":17},"end":{"line":86,"column":50}},"31":{"start":{"line":87,"column":17},"end":{"line":87,"column":50}},"32":{"start":{"line":88,"column":17},"end":{"line":88,"column":50}},"33":{"start":{"line":89,"column":16},"end":{"line":89,"column":61}},"34":{"start":{"line":90,"column":4},"end":{"line":90,"column":24}},"35":{"start":{"line":93,"column":18},"end":{"line":93,"column":27}},"36":{"start":{"line":94,"column":17},"end":{"line":94,"column":36}},"37":{"start":{"line":95,"column":17},"end":{"line":95,"column":36}},"38":{"start":{"line":96,"column":17},"end":{"line":96,"column":36}},"39":{"start":{"line":97,"column":16},"end":{"line":97,"column":61}},"40":{"start":{"line":98,"column":4},"end":{"line":98,"column":24}},"41":{"start":{"line":105,"column":33},"end":{"line":135,"column":1}},"42":{"start":{"line":109,"column":2},"end":{"line":109,"column":42}},"43":{"start":{"line":109,"column":25},"end":{"line":109,"column":42}},"44":{"start":{"line":111,"column":17},"end":{"line":111,"column":46}},"45":{"start":{"line":112,"column":12},"end":{"line":112,"column":44}},"46":{"start":{"line":113,"column":12},"end":{"line":113,"column":44}},"47":{"start":{"line":114,"column":12},"end":{"line":114,"column":44}},"48":{"start":{"line":116,"column":16},"end":{"line":119,"column":23}},"49":{"start":{"line":117,"column":4},"end":{"line":119,"column":23}},"50":{"start":{"line":121,"column":2},"end":{"line":134,"column":3}},"51":{"start":{"line":123,"column":15},"end":{"line":123,"column":48}},"52":{"start":{"line":124,"column":15},"end":{"line":124,"column":48}},"53":{"start":{"line":125,"column":15},"end":{"line":125,"column":48}},"54":{"start":{"line":126,"column":4},"end":{"line":126,"column":51}},"55":{"start":{"line":130,"column":15},"end":{"line":130,"column":47}},"56":{"start":{"line":131,"column":15},"end":{"line":131,"column":47}},"57":{"start":{"line":132,"column":15},"end":{"line":132,"column":47}},"58":{"start":{"line":133,"column":4},"end":{"line":133,"column":51}},"59":{"start":{"line":142,"column":24},"end":{"line":170,"column":1}},"60":{"start":{"line":143,"column":2},"end":{"line":143,"column":49}},"61":{"start":{"line":143,"column":14},"end":{"line":143,"column":49}},"62":{"start":{"line":146,"column":2},"end":{"line":148,"column":3}},"63":{"start":{"line":147,"column":4},"end":{"line":147,"column":55}},"64":{"start":{"line":151,"column":2},"end":{"line":153,"column":3}},"65":{"start":{"line":152,"column":4},"end":{"line":152,"column":73}},"66":{"start":{"line":156,"column":2},"end":{"line":167,"column":3}},"67":{"start":{"line":157,"column":14},"end":{"line":157,"column":28}},"68":{"start":{"line":158,"column":4},"end":{"line":160,"column":5}},"69":{"start":{"line":159,"column":6},"end":{"line":159,"column":53}},"70":{"start":{"line":159,"column":37},"end":{"line":159,"column":42}},"71":{"start":{"line":161,"column":4},"end":{"line":166,"column":5}},"72":{"start":{"line":162,"column":16},"end":{"line":162,"column":45}},"73":{"start":{"line":163,"column":16},"end":{"line":163,"column":45}},"74":{"start":{"line":164,"column":16},"end":{"line":164,"column":45}},"75":{"start":{"line":165,"column":6},"end":{"line":165,"column":50}},"76":{"start":{"line":169,"column":2},"end":{"line":169,"column":15}}},"fnMap":{"0":{"name":"(anonymous_0)","decl":{"start":{"line":27,"column":36},"end":{"line":27,"column":37}},"loc":{"start":{"line":30,"column":5},"end":{"line":59,"column":1}},"line":30},"1":{"name":"(anonymous_1)","decl":{"start":{"line":40,"column":16},"end":{"line":40,"column":17}},"loc":{"start":{"line":41,"column":4},"end":{"line":43,"column":23}},"line":41},"2":{"name":"(anonymous_2)","decl":{"start":{"line":65,"column":33},"end":{"line":65,"column":34}},"loc":{"start":{"line":68,"column":15},"end":{"line":100,"column":1}},"line":68},"3":{"name":"(anonymous_3)","decl":{"start":{"line":78,"column":16},"end":{"line":78,"column":17}},"loc":{"start":{"line":79,"column":4},"end":{"line":81,"column":23}},"line":79},"4":{"name":"(anonymous_4)","decl":{"start":{"line":105,"column":33},"end":{"line":105,"column":34}},"loc":{"start":{"line":108,"column":5},"end":{"line":135,"column":1}},"line":108},"5":{"name":"(anonymous_5)","decl":{"start":{"line":116,"column":16},"end":{"line":116,"column":17}},"loc":{"start":{"line":117,"column":4},"end":{"line":119,"column":23}},"line":117},"6":{"name":"(anonymous_6)","decl":{"start":{"line":142,"column":24},"end":{"line":142,"column":25}},"loc":{"start":{"line":142,"column":60},"end":{"line":170,"column":1}},"line":142},"7":{"name":"(anonymous_7)","decl":{"start":{"line":159,"column":30},"end":{"line":159,"column":31}},"loc":{"start":{"line":159,"column":37},"end":{"line":159,"column":42}},"line":159}},"branchMap":{"0":{"loc":{"start":{"line":31,"column":2},"end":{"line":31,"column":42}},"type":"if","locations":[{"start":{"line":31,"column":2},"end":{"line":31,"column":42}},{"start":{},"end":{}}],"line":31},"1":{"loc":{"start":{"line":33,"column":17},"end":{"line":33,"column":46}},"type":"binary-expr","locations":[{"start":{"line":33,"column":17},"end":{"line":33,"column":28}},{"start":{"line":33,"column":32},"end":{"line":33,"column":46}}],"line":33},"2":{"loc":{"start":{"line":45,"column":2},"end":{"line":58,"column":3}},"type":"if","locations":[{"start":{"line":45,"column":2},"end":{"line":58,"column":3}},{"start":{"line":51,"column":9},"end":{"line":58,"column":3}}],"line":45},"3":{"loc":{"start":{"line":69,"column":2},"end":{"line":69,"column":55}},"type":"if","locations":[{"start":{"line":69,"column":2},"end":{"line":69,"column":55}},{"start":{},"end":{}}],"line":69},"4":{"loc":{"start":{"line":71,"column":17},"end":{"line":71,"column":46}},"type":"binary-expr","locations":[{"start":{"line":71,"column":17},"end":{"line":71,"column":28}},{"start":{"line":71,"column":32},"end":{"line":71,"column":46}}],"line":71},"5":{"loc":{"start":{"line":83,"column":2},"end":{"line":99,"column":3}},"type":"if","locations":[{"start":{"line":83,"column":2},"end":{"line":99,"column":3}},{"start":{"line":91,"column":9},"end":{"line":99,"column":3}}],"line":83},"6":{"loc":{"start":{"line":109,"column":2},"end":{"line":109,"column":42}},"type":"if","locations":[{"start":{"line":109,"column":2},"end":{"line":109,"column":42}},{"start":{},"end":{}}],"line":109},"7":{"loc":{"start":{"line":111,"column":17},"end":{"line":111,"column":46}},"type":"binary-expr","locations":[{"start":{"line":111,"column":17},"end":{"line":111,"column":28}},{"start":{"line":111,"column":32},"end":{"line":111,"column":46}}],"line":111},"8":{"loc":{"start":{"line":121,"column":2},"end":{"line":134,"column":3}},"type":"if","locations":[{"start":{"line":121,"column":2},"end":{"line":134,"column":3}},{"start":{"line":127,"column":9},"end":{"line":134,"column":3}}],"line":121},"9":{"loc":{"start":{"line":143,"column":2},"end":{"line":143,"column":49}},"type":"if","locations":[{"start":{"line":143,"column":2},"end":{"line":143,"column":49}},{"start":{},"end":{}}],"line":143},"10":{"loc":{"start":{"line":146,"column":2},"end":{"line":148,"column":3}},"type":"if","locations":[{"start":{"line":146,"column":2},"end":{"line":148,"column":3}},{"start":{},"end":{}}],"line":146},"11":{"loc":{"start":{"line":151,"column":2},"end":{"line":153,"column":3}},"type":"if","locations":[{"start":{"line":151,"column":2},"end":{"line":153,"column":3}},{"start":{},"end":{}}],"line":151},"12":{"loc":{"start":{"line":156,"column":2},"end":{"line":167,"column":3}},"type":"if","locations":[{"start":{"line":156,"column":2},"end":{"line":167,"column":3}},{"start":{},"end":{}}],"line":156},"13":{"loc":{"start":{"line":158,"column":4},"end":{"line":160,"column":5}},"type":"if","locations":[{"start":{"line":158,"column":4},"end":{"line":160,"column":5}},{"start":{},"end":{}}],"line":158},"14":{"loc":{"start":{"line":161,"column":4},"end":{"line":166,"column":5}},"type":"if","locations":[{"start":{"line":161,"column":4},"end":{"line":166,"column":5}},{"start":{},"end":{}}],"line":161}},"s":{"0":0,"1":0,"2":0,"3":0,"4":0,"5":0,"6":0,"7":0,"8":0,"9":0,"10":0,"11":0,"12":0,"13":0,"14":0,"15":0,"16":0,"17":0,"18":0,"19":0,"20":0,"21":0,"22":0,"23":0,"24":0,"25":0,"26":0,"27":0,"28":0,"29":0,"30":0,"31":0,"32":0,"33":0,"34":0,"35":0,"36":0,"37":0,"38":0,"39":0,"40":0,"41":0,"42":0,"43":0,"44":0,"45":0,"46":0,"47":0,"48":0,"49":0,"50":0,"51":0,"52":0,"53":0,"54":0,"55":0,"56":0,"57":0,"58":0,"59":0,"60":0,"61":0,"62":0,"63":0,"64":0,"65":0,"66":0,"67":0,"68":0,"69":0,"70":0,"71":0,"72":0,"73":0,"74":0,"75":0,"76":0},"f":{"0":0,"1":0,"2":0,"3":0,"4":0,"5":0,"6":0,"7":0},"b":{"0":[0,0],"1":[0,0],"2":[0,0],"3":[0,0],"4":[0,0],"5":[0,0],"6":[0,0],"7":[0,0],"8":[0,0],"9":[0,0],"10":[0,0],"11":[0,0],"12":[0,0],"13":[0,0],"14":[0,0]}}
,"C:\\Users\\Bas\\Development\\fullStack\\Bangers\\bangers-mobile\\src\\validation\\schemas.ts": {"path":"C:\\Users\\Bas\\Development\\fullStack\\Bangers\\bangers-mobile\\src\\validation\\schemas.ts","statementMap":{"0":{"start":{"line":3,"column":27},"end":{"line":6,"column":2}},"1":{"start":{"line":8,"column":30},"end":{"line":18,"column":2}},"2":{"start":{"line":20,"column":27},"end":{"line":23,"column":2}},"3":{"start":{"line":25,"column":35},"end":{"line":31,"column":2}},"4":{"start":{"line":33,"column":28},"end":{"line":37,"column":2}},"5":{"start":{"line":39,"column":24},"end":{"line":49,"column":1}},"6":{"start":{"line":40,"column":2},"end":{"line":48,"column":3}},"7":{"start":{"line":41,"column":4},"end":{"line":41,"column":30}},"8":{"start":{"line":43,"column":4},"end":{"line":46,"column":5}},"9":{"start":{"line":44,"column":25},"end":{"line":44,"column":40}},"10":{"start":{"line":45,"column":6},"end":{"line":45,"column":42}},"11":{"start":{"line":47,"column":4},"end":{"line":47,"column":16}}},"fnMap":{"0":{"name":"(anonymous_0)","decl":{"start":{"line":39,"column":24},"end":{"line":39,"column":25}},"loc":{"start":{"line":39,"column":70},"end":{"line":49,"column":1}},"line":39}},"branchMap":{"0":{"loc":{"start":{"line":43,"column":4},"end":{"line":46,"column":5}},"type":"if","locations":[{"start":{"line":43,"column":4},"end":{"line":46,"column":5}},{"start":{},"end":{}}],"line":43}},"s":{"0":0,"1":0,"2":0,"3":0,"4":0,"5":0,"6":0,"7":0,"8":0,"9":0,"10":0,"11":0},"f":{"0":0},"b":{"0":[0,0]}}
}
