{"/home/voss/Projects/Bangers/bangers-mobile/src/api/auth.ts": {"path":"/home/voss/Projects/Bangers/bangers-mobile/src/api/auth.ts","statementMap":{"0":{"start":{"line":16,"column":23},"end":{"line":24,"column":1}},"1":{"start":{"line":17,"column":36},"end":{"line":17,"column":88}},"2":{"start":{"line":18,"column":30},"end":{"line":18,"column":79}},"3":{"start":{"line":20,"column":4},"end":{"line":22,"column":6}},"4":{"start":{"line":23,"column":16},"end":{"line":23,"column":46}}},"fnMap":{"0":{"name":"(anonymous_0)","decl":{"start":{"line":17,"column":12},"end":{"line":17,"column":13}},"loc":{"start":{"line":17,"column":36},"end":{"line":17,"column":88}},"line":17},"1":{"name":"(anonymous_1)","decl":{"start":{"line":18,"column":9},"end":{"line":18,"column":10}},"loc":{"start":{"line":18,"column":30},"end":{"line":18,"column":79}},"line":18},"2":{"name":"(anonymous_2)","decl":{"start":{"line":19,"column":11},"end":{"line":19,"column":12}},"loc":{"start":{"line":20,"column":4},"end":{"line":22,"column":6}},"line":20},"3":{"name":"(anonymous_3)","decl":{"start":{"line":23,"column":10},"end":{"line":23,"column":11}},"loc":{"start":{"line":23,"column":16},"end":{"line":23,"column":46}},"line":23}},"branchMap":{},"s":{"0":0,"1":0,"2":0,"3":0,"4":0},"f":{"0":0,"1":0,"2":0,"3":0},"b":{}}
,"/home/voss/Projects/Bangers/bangers-mobile/src/api/client.ts": {"path":"/home/voss/Projects/Bangers/bangers-mobile/src/api/client.ts","statementMap":{"0":{"start":{"line":6,"column":21},"end":{"line":6,"column":37}},"1":{"start":{"line":8,"column":18},"end":{"line":15,"column":2}},"2":{"start":{"line":18,"column":0},"end":{"line":27,"column":2}},"3":{"start":{"line":20,"column":18},"end":{"line":20,"column":53}},"4":{"start":{"line":21,"column":4},"end":{"line":23,"column":5}},"5":{"start":{"line":22,"column":6},"end":{"line":22,"column":55}},"6":{"start":{"line":24,"column":4},"end":{"line":24,"column":18}},"7":{"start":{"line":26,"column":13},"end":{"line":26,"column":34}},"8":{"start":{"line":30,"column":45},"end":{"line":30,"column":49}},"9":{"start":{"line":33,"column":0},"end":{"line":84,"column":2}},"10":{"start":{"line":36,"column":4},"end":{"line":41,"column":5}},"11":{"start":{"line":37,"column":6},"end":{"line":40,"column":8}},"12":{"start":{"line":42,"column":4},"end":{"line":42,"column":20}},"13":{"start":{"line":45,"column":28},"end":{"line":45,"column":40}},"14":{"start":{"line":47,"column":4},"end":{"line":80,"column":5}},"15":{"start":{"line":48,"column":6},"end":{"line":48,"column":36}},"16":{"start":{"line":50,"column":6},"end":{"line":79,"column":7}},"17":{"start":{"line":51,"column":8},"end":{"line":71,"column":9}},"18":{"start":{"line":52,"column":10},"end":{"line":70,"column":13}},"19":{"start":{"line":53,"column":33},"end":{"line":53,"column":69}},"20":{"start":{"line":54,"column":12},"end":{"line":56,"column":13}},"21":{"start":{"line":55,"column":14},"end":{"line":55,"column":60}},"22":{"start":{"line":58,"column":29},"end":{"line":63,"column":13}},"23":{"start":{"line":65,"column":36},"end":{"line":65,"column":49}},"24":{"start":{"line":66,"column":12},"end":{"line":66,"column":67}},"25":{"start":{"line":67,"column":12},"end":{"line":67,"column":31}},"26":{"start":{"line":69,"column":12},"end":{"line":69,"column":34}},"27":{"start":{"line":73,"column":28},"end":{"line":73,"column":48}},"28":{"start":{"line":74,"column":8},"end":{"line":74,"column":72}},"29":{"start":{"line":75,"column":8},"end":{"line":75,"column":42}},"30":{"start":{"line":77,"column":8},"end":{"line":77,"column":41}},"31":{"start":{"line":78,"column":8},"end":{"line":78,"column":44}},"32":{"start":{"line":82,"column":4},"end":{"line":82,"column":33}}},"fnMap":{"0":{"name":"(anonymous_0)","decl":{"start":{"line":19,"column":2},"end":{"line":19,"column":3}},"loc":{"start":{"line":19,"column":20},"end":{"line":25,"column":3}},"line":19},"1":{"name":"(anonymous_1)","decl":{"start":{"line":26,"column":2},"end":{"line":26,"column":3}},"loc":{"start":{"line":26,"column":13},"end":{"line":26,"column":34}},"line":26},"2":{"name":"(anonymous_2)","decl":{"start":{"line":34,"column":2},"end":{"line":34,"column":3}},"loc":{"start":{"line":34,"column":16},"end":{"line":43,"column":3}},"line":34},"3":{"name":"(anonymous_3)","decl":{"start":{"line":44,"column":2},"end":{"line":44,"column":3}},"loc":{"start":{"line":44,"column":19},"end":{"line":83,"column":3}},"line":44},"4":{"name":"(anonymous_4)","decl":{"start":{"line":52,"column":28},"end":{"line":52,"column":29}},"loc":{"start":{"line":52,"column":40},"end":{"line":68,"column":11}},"line":52},"5":{"name":"(anonymous_5)","decl":{"start":{"line":68,"column":23},"end":{"line":68,"column":24}},"loc":{"start":{"line":68,"column":29},"end":{"line":70,"column":11}},"line":68}},"branchMap":{"0":{"loc":{"start":{"line":21,"column":4},"end":{"line":23,"column":5}},"type":"if","locations":[{"start":{"line":21,"column":4},"end":{"line":23,"column":5}},{"start":{},"end":{}}],"line":21},"1":{"loc":{"start":{"line":36,"column":4},"end":{"line":41,"column":5}},"type":"if","locations":[{"start":{"line":36,"column":4},"end":{"line":41,"column":5}},{"start":{},"end":{}}],"line":36},"2":{"loc":{"start":{"line":36,"column":8},"end":{"line":36,"column":84}},"type":"binary-expr","locations":[{"start":{"line":36,"column":8},"end":{"line":36,"column":21}},{"start":{"line":36,"column":25},"end":{"line":36,"column":84}}],"line":36},"3":{"loc":{"start":{"line":47,"column":4},"end":{"line":80,"column":5}},"type":"if","locations":[{"start":{"line":47,"column":4},"end":{"line":80,"column":5}},{"start":{},"end":{}}],"line":47},"4":{"loc":{"start":{"line":47,"column":8},"end":{"line":47,"column":65}},"type":"binary-expr","locations":[{"start":{"line":47,"column":8},"end":{"line":47,"column":38}},{"start":{"line":47,"column":42},"end":{"line":47,"column":65}}],"line":47},"5":{"loc":{"start":{"line":51,"column":8},"end":{"line":71,"column":9}},"type":"if","locations":[{"start":{"line":51,"column":8},"end":{"line":71,"column":9}},{"start":{},"end":{}}],"line":51},"6":{"loc":{"start":{"line":54,"column":12},"end":{"line":56,"column":13}},"type":"if","locations":[{"start":{"line":54,"column":12},"end":{"line":56,"column":13}},{"start":{},"end":{}}],"line":54}},"s":{"0":0,"1":0,"2":0,"3":0,"4":0,"5":0,"6":0,"7":0,"8":0,"9":0,"10":0,"11":0,"12":0,"13":0,"14":0,"15":0,"16":0,"17":0,"18":0,"19":0,"20":0,"21":0,"22":0,"23":0,"24":0,"25":0,"26":0,"27":0,"28":0,"29":0,"30":0,"31":0,"32":0},"f":{"0":0,"1":0,"2":0,"3":0,"4":0,"5":0},"b":{"0":[0,0],"1":[0,0],"2":[0,0],"3":[0,0],"4":[0,0],"5":[0,0],"6":[0,0]}}
,"/home/voss/Projects/Bangers/bangers-mobile/src/api/dashboard.ts": {"path":"/home/voss/Projects/Bangers/bangers-mobile/src/api/dashboard.ts","statementMap":{"0":{"start":{"line":17,"column":28},"end":{"line":21,"column":1}},"1":{"start":{"line":18,"column":49},"end":{"line":18,"column":99}},"2":{"start":{"line":20,"column":4},"end":{"line":20,"column":55}}},"fnMap":{"0":{"name":"(anonymous_0)","decl":{"start":{"line":18,"column":16},"end":{"line":18,"column":17}},"loc":{"start":{"line":18,"column":49},"end":{"line":18,"column":99}},"line":18},"1":{"name":"(anonymous_1)","decl":{"start":{"line":19,"column":22},"end":{"line":19,"column":23}},"loc":{"start":{"line":20,"column":4},"end":{"line":20,"column":55}},"line":20}},"branchMap":{},"s":{"0":0,"1":0,"2":0},"f":{"0":0,"1":0},"b":{}}
,"/home/voss/Projects/Bangers/bangers-mobile/src/api/events.ts": {"path":"/home/voss/Projects/Bangers/bangers-mobile/src/api/events.ts","statementMap":{"0":{"start":{"line":5,"column":25},"end":{"line":16,"column":1}},"1":{"start":{"line":7,"column":4},"end":{"line":7,"column":49}},"2":{"start":{"line":9,"column":4},"end":{"line":9,"column":52}},"3":{"start":{"line":11,"column":4},"end":{"line":11,"column":53}},"4":{"start":{"line":13,"column":4},"end":{"line":13,"column":65}},"5":{"start":{"line":15,"column":4},"end":{"line":15,"column":56}}},"fnMap":{"0":{"name":"(anonymous_0)","decl":{"start":{"line":6,"column":11},"end":{"line":6,"column":12}},"loc":{"start":{"line":7,"column":4},"end":{"line":7,"column":49}},"line":7},"1":{"name":"(anonymous_1)","decl":{"start":{"line":8,"column":16},"end":{"line":8,"column":17}},"loc":{"start":{"line":9,"column":4},"end":{"line":9,"column":52}},"line":9},"2":{"name":"(anonymous_2)","decl":{"start":{"line":10,"column":17},"end":{"line":10,"column":18}},"loc":{"start":{"line":11,"column":4},"end":{"line":11,"column":53}},"line":11},"3":{"name":"(anonymous_3)","decl":{"start":{"line":12,"column":20},"end":{"line":12,"column":21}},"loc":{"start":{"line":13,"column":4},"end":{"line":13,"column":65}},"line":13},"4":{"name":"(anonymous_4)","decl":{"start":{"line":14,"column":20},"end":{"line":14,"column":21}},"loc":{"start":{"line":15,"column":4},"end":{"line":15,"column":56}},"line":15}},"branchMap":{},"s":{"0":0,"1":0,"2":0,"3":0,"4":0,"5":0},"f":{"0":0,"1":0,"2":0,"3":0,"4":0},"b":{}}
,"/home/voss/Projects/Bangers/bangers-mobile/src/api/favorites.ts": {"path":"/home/voss/Projects/Bangers/bangers-mobile/src/api/favorites.ts","statementMap":{"0":{"start":{"line":3,"column":28},"end":{"line":7,"column":1}},"1":{"start":{"line":4,"column":39},"end":{"line":4,"column":78}},"2":{"start":{"line":6,"column":4},"end":{"line":6,"column":45}}},"fnMap":{"0":{"name":"(anonymous_0)","decl":{"start":{"line":4,"column":18},"end":{"line":4,"column":19}},"loc":{"start":{"line":4,"column":39},"end":{"line":4,"column":78}},"line":4},"1":{"name":"(anonymous_1)","decl":{"start":{"line":5,"column":18},"end":{"line":5,"column":19}},"loc":{"start":{"line":6,"column":4},"end":{"line":6,"column":45}},"line":6}},"branchMap":{},"s":{"0":0,"1":0,"2":0},"f":{"0":0,"1":0},"b":{}}
,"/home/voss/Projects/Bangers/bangers-mobile/src/api/friends.ts": {"path":"/home/voss/Projects/Bangers/bangers-mobile/src/api/friends.ts","statementMap":{"0":{"start":{"line":18,"column":26},"end":{"line":33,"column":1}},"1":{"start":{"line":20,"column":4},"end":{"line":20,"column":45}},"2":{"start":{"line":22,"column":4},"end":{"line":22,"column":63}},"3":{"start":{"line":24,"column":4},"end":{"line":24,"column":60}},"4":{"start":{"line":26,"column":4},"end":{"line":26,"column":60}},"5":{"start":{"line":28,"column":4},"end":{"line":28,"column":66}},"6":{"start":{"line":30,"column":4},"end":{"line":30,"column":54}},"7":{"start":{"line":32,"column":4},"end":{"line":32,"column":50}}},"fnMap":{"0":{"name":"(anonymous_0)","decl":{"start":{"line":19,"column":14},"end":{"line":19,"column":15}},"loc":{"start":{"line":20,"column":4},"end":{"line":20,"column":45}},"line":20},"1":{"name":"(anonymous_1)","decl":{"start":{"line":21,"column":18},"end":{"line":21,"column":19}},"loc":{"start":{"line":22,"column":4},"end":{"line":22,"column":63}},"line":22},"2":{"name":"(anonymous_2)","decl":{"start":{"line":23,"column":15},"end":{"line":23,"column":16}},"loc":{"start":{"line":24,"column":4},"end":{"line":24,"column":60}},"line":24},"3":{"name":"(anonymous_3)","decl":{"start":{"line":25,"column":15},"end":{"line":25,"column":16}},"loc":{"start":{"line":26,"column":4},"end":{"line":26,"column":60}},"line":26},"4":{"name":"(anonymous_4)","decl":{"start":{"line":27,"column":17},"end":{"line":27,"column":18}},"loc":{"start":{"line":28,"column":4},"end":{"line":28,"column":66}},"line":28},"5":{"name":"(anonymous_5)","decl":{"start":{"line":29,"column":17},"end":{"line":29,"column":18}},"loc":{"start":{"line":30,"column":4},"end":{"line":30,"column":54}},"line":30},"6":{"name":"(anonymous_6)","decl":{"start":{"line":31,"column":16},"end":{"line":31,"column":17}},"loc":{"start":{"line":32,"column":4},"end":{"line":32,"column":50}},"line":32}},"branchMap":{},"s":{"0":0,"1":0,"2":0,"3":0,"4":0,"5":0,"6":0,"7":0},"f":{"0":0,"1":0,"2":0,"3":0,"4":0,"5":0,"6":0},"b":{}}
,"/home/voss/Projects/Bangers/bangers-mobile/src/api/groups.ts": {"path":"/home/voss/Projects/Bangers/bangers-mobile/src/api/groups.ts","statementMap":{"0":{"start":{"line":5,"column":25},"end":{"line":18,"column":1}},"1":{"start":{"line":6,"column":16},"end":{"line":6,"column":49}},"2":{"start":{"line":7,"column":27},"end":{"line":7,"column":64}},"3":{"start":{"line":9,"column":4},"end":{"line":9,"column":42}},"4":{"start":{"line":13,"column":7},"end":{"line":13,"column":57}},"5":{"start":{"line":17,"column":7},"end":{"line":17,"column":71}}},"fnMap":{"0":{"name":"(anonymous_0)","decl":{"start":{"line":6,"column":10},"end":{"line":6,"column":11}},"loc":{"start":{"line":6,"column":16},"end":{"line":6,"column":49}},"line":6},"1":{"name":"(anonymous_1)","decl":{"start":{"line":7,"column":11},"end":{"line":7,"column":12}},"loc":{"start":{"line":7,"column":27},"end":{"line":7,"column":64}},"line":7},"2":{"name":"(anonymous_2)","decl":{"start":{"line":8,"column":10},"end":{"line":8,"column":11}},"loc":{"start":{"line":9,"column":4},"end":{"line":9,"column":42}},"line":9},"3":{"name":"(anonymous_3)","decl":{"start":{"line":10,"column":13},"end":{"line":10,"column":14}},"loc":{"start":{"line":13,"column":7},"end":{"line":13,"column":57}},"line":13},"4":{"name":"(anonymous_4)","decl":{"start":{"line":14,"column":25},"end":{"line":14,"column":26}},"loc":{"start":{"line":17,"column":7},"end":{"line":17,"column":71}},"line":17}},"branchMap":{},"s":{"0":0,"1":0,"2":0,"3":0,"4":0,"5":0},"f":{"0":0,"1":0,"2":0,"3":0,"4":0},"b":{}}
,"/home/voss/Projects/Bangers/bangers-mobile/src/api/search.ts": {"path":"/home/voss/Projects/Bangers/bangers-mobile/src/api/search.ts","statementMap":{"0":{"start":{"line":34,"column":25},"end":{"line":47,"column":1}},"1":{"start":{"line":40,"column":4},"end":{"line":46,"column":6}}},"fnMap":{"0":{"name":"(anonymous_0)","decl":{"start":{"line":35,"column":10},"end":{"line":35,"column":11}},"loc":{"start":{"line":40,"column":4},"end":{"line":46,"column":6}},"line":40}},"branchMap":{"0":{"loc":{"start":{"line":37,"column":4},"end":{"line":37,"column":63}},"type":"default-arg","locations":[{"start":{"line":37,"column":25},"end":{"line":37,"column":63}}],"line":37},"1":{"loc":{"start":{"line":38,"column":4},"end":{"line":38,"column":24}},"type":"default-arg","locations":[{"start":{"line":38,"column":22},"end":{"line":38,"column":24}}],"line":38}},"s":{"0":0,"1":0},"f":{"0":0},"b":{"0":[0],"1":[0]}}
,"/home/voss/Projects/Bangers/bangers-mobile/src/api/sync.ts": {"path":"/home/voss/Projects/Bangers/bangers-mobile/src/api/sync.ts","statementMap":{"0":{"start":{"line":7,"column":23},"end":{"line":23,"column":1}},"1":{"start":{"line":9,"column":4},"end":{"line":12,"column":6}},"2":{"start":{"line":14,"column":4},"end":{"line":17,"column":6}},"3":{"start":{"line":19,"column":4},"end":{"line":22,"column":6}}},"fnMap":{"0":{"name":"(anonymous_0)","decl":{"start":{"line":8,"column":13},"end":{"line":8,"column":14}},"loc":{"start":{"line":9,"column":4},"end":{"line":12,"column":6}},"line":9},"1":{"name":"(anonymous_1)","decl":{"start":{"line":13,"column":14},"end":{"line":13,"column":15}},"loc":{"start":{"line":14,"column":4},"end":{"line":17,"column":6}},"line":14},"2":{"name":"(anonymous_2)","decl":{"start":{"line":18,"column":11},"end":{"line":18,"column":12}},"loc":{"start":{"line":19,"column":4},"end":{"line":22,"column":6}},"line":19}},"branchMap":{},"s":{"0":0,"1":0,"2":0,"3":0},"f":{"0":0,"1":0,"2":0},"b":{}}
,"/home/voss/Projects/Bangers/bangers-mobile/src/api/timetables.ts": {"path":"/home/voss/Projects/Bangers/bangers-mobile/src/api/timetables.ts","statementMap":{"0":{"start":{"line":5,"column":29},"end":{"line":33,"column":1}},"1":{"start":{"line":7,"column":4},"end":{"line":7,"column":57}},"2":{"start":{"line":9,"column":4},"end":{"line":9,"column":83}},"3":{"start":{"line":10,"column":46},"end":{"line":10,"column":78}},"4":{"start":{"line":12,"column":4},"end":{"line":12,"column":71}},"5":{"start":{"line":14,"column":4},"end":{"line":14,"column":75}},"6":{"start":{"line":15,"column":31},"end":{"line":15,"column":64}},"7":{"start":{"line":17,"column":4},"end":{"line":17,"column":68}},"8":{"start":{"line":19,"column":16},"end":{"line":21,"column":71}},"9":{"start":{"line":22,"column":4},"end":{"line":22,"column":74}},"10":{"start":{"line":25,"column":4},"end":{"line":25,"column":102}},"11":{"start":{"line":27,"column":4},"end":{"line":27,"column":35}},"12":{"start":{"line":29,"column":4},"end":{"line":29,"column":47}},"13":{"start":{"line":31,"column":4},"end":{"line":31,"column":47}},"14":{"start":{"line":32,"column":24},"end":{"line":32,"column":63}}},"fnMap":{"0":{"name":"(anonymous_0)","decl":{"start":{"line":6,"column":15},"end":{"line":6,"column":16}},"loc":{"start":{"line":7,"column":4},"end":{"line":7,"column":57}},"line":7},"1":{"name":"(anonymous_1)","decl":{"start":{"line":8,"column":24},"end":{"line":8,"column":25}},"loc":{"start":{"line":9,"column":4},"end":{"line":9,"column":83}},"line":9},"2":{"name":"(anonymous_2)","decl":{"start":{"line":10,"column":13},"end":{"line":10,"column":14}},"loc":{"start":{"line":10,"column":46},"end":{"line":10,"column":78}},"line":10},"3":{"name":"(anonymous_3)","decl":{"start":{"line":11,"column":22},"end":{"line":11,"column":23}},"loc":{"start":{"line":12,"column":4},"end":{"line":12,"column":71}},"line":12},"4":{"name":"(anonymous_4)","decl":{"start":{"line":13,"column":21},"end":{"line":13,"column":22}},"loc":{"start":{"line":14,"column":4},"end":{"line":14,"column":75}},"line":14},"5":{"name":"(anonymous_5)","decl":{"start":{"line":15,"column":15},"end":{"line":15,"column":16}},"loc":{"start":{"line":15,"column":31},"end":{"line":15,"column":64}},"line":15},"6":{"name":"(anonymous_6)","decl":{"start":{"line":16,"column":24},"end":{"line":16,"column":25}},"loc":{"start":{"line":17,"column":4},"end":{"line":17,"column":68}},"line":17},"7":{"name":"(anonymous_7)","decl":{"start":{"line":18,"column":16},"end":{"line":18,"column":17}},"loc":{"start":{"line":18,"column":102},"end":{"line":23,"column":3}},"line":18},"8":{"name":"(anonymous_8)","decl":{"start":{"line":24,"column":17},"end":{"line":24,"column":18}},"loc":{"start":{"line":25,"column":4},"end":{"line":25,"column":102}},"line":25},"9":{"name":"(anonymous_9)","decl":{"start":{"line":26,"column":15},"end":{"line":26,"column":16}},"loc":{"start":{"line":27,"column":4},"end":{"line":27,"column":35}},"line":27},"10":{"name":"(anonymous_10)","decl":{"start":{"line":28,"column":20},"end":{"line":28,"column":21}},"loc":{"start":{"line":29,"column":4},"end":{"line":29,"column":47}},"line":29},"11":{"name":"(anonymous_11)","decl":{"start":{"line":30,"column":20},"end":{"line":30,"column":21}},"loc":{"start":{"line":31,"column":4},"end":{"line":31,"column":47}},"line":31},"12":{"name":"(anonymous_12)","decl":{"start":{"line":32,"column":18},"end":{"line":32,"column":19}},"loc":{"start":{"line":32,"column":24},"end":{"line":32,"column":63}},"line":32}},"branchMap":{"0":{"loc":{"start":{"line":18,"column":46},"end":{"line":18,"column":61}},"type":"default-arg","locations":[{"start":{"line":18,"column":56},"end":{"line":18,"column":61}}],"line":18},"1":{"loc":{"start":{"line":19,"column":16},"end":{"line":21,"column":71}},"type":"cond-expr","locations":[{"start":{"line":20,"column":8},"end":{"line":20,"column":78}},{"start":{"line":21,"column":8},"end":{"line":21,"column":71}}],"line":19}},"s":{"0":0,"1":0,"2":0,"3":0,"4":0,"5":0,"6":0,"7":0,"8":0,"9":0,"10":0,"11":0,"12":0,"13":0,"14":0},"f":{"0":0,"1":0,"2":0,"3":0,"4":0,"5":0,"6":0,"7":0,"8":0,"9":0,"10":0,"11":0,"12":0},"b":{"0":[0],"1":[0,0]}}
,"/home/voss/Projects/Bangers/bangers-mobile/src/api/user.ts": {"path":"/home/voss/Projects/Bangers/bangers-mobile/src/api/user.ts","statementMap":{"0":{"start":{"line":5,"column":23},"end":{"line":12,"column":1}},"1":{"start":{"line":7,"column":4},"end":{"line":7,"column":44}},"2":{"start":{"line":9,"column":4},"end":{"line":9,"column":47}},"3":{"start":{"line":11,"column":4},"end":{"line":11,"column":53}}},"fnMap":{"0":{"name":"(anonymous_0)","decl":{"start":{"line":6,"column":9},"end":{"line":6,"column":10}},"loc":{"start":{"line":7,"column":4},"end":{"line":7,"column":44}},"line":7},"1":{"name":"(anonymous_1)","decl":{"start":{"line":8,"column":15},"end":{"line":8,"column":16}},"loc":{"start":{"line":9,"column":4},"end":{"line":9,"column":47}},"line":9},"2":{"name":"(anonymous_2)","decl":{"start":{"line":10,"column":17},"end":{"line":10,"column":18}},"loc":{"start":{"line":11,"column":4},"end":{"line":11,"column":53}},"line":11}},"branchMap":{},"s":{"0":0,"1":0,"2":0,"3":0},"f":{"0":0,"1":0,"2":0},"b":{}}
,"/home/voss/Projects/Bangers/bangers-mobile/src/components/PageContainer.tsx": {"path":"/home/voss/Projects/Bangers/bangers-mobile/src/components/PageContainer.tsx","statementMap":{"0":{"start":{"line":15,"column":59},"end":{"line":68,"column":1}},"1":{"start":{"line":22,"column":17},"end":{"line":22,"column":36}},"2":{"start":{"line":23,"column":45},"end":{"line":23,"column":61}},"3":{"start":{"line":24,"column":47},"end":{"line":24,"column":59}},"4":{"start":{"line":27,"column":4},"end":{"line":29,"column":28}},"5":{"start":{"line":31,"column":26},"end":{"line":31,"column":44}},"6":{"start":{"line":32,"column":15},"end":{"line":32,"column":69}},"7":{"start":{"line":33,"column":25},"end":{"line":33,"column":61}},"8":{"start":{"line":35,"column":2},"end":{"line":67,"column":4}},"9":{"start":{"line":70,"column":15},"end":{"line":80,"column":2}}},"fnMap":{"0":{"name":"(anonymous_0)","decl":{"start":{"line":15,"column":59},"end":{"line":15,"column":60}},"loc":{"start":{"line":21,"column":6},"end":{"line":68,"column":1}},"line":21}},"branchMap":{"0":{"loc":{"start":{"line":17,"column":2},"end":{"line":17,"column":20}},"type":"default-arg","locations":[{"start":{"line":17,"column":16},"end":{"line":17,"column":20}}],"line":17},"1":{"loc":{"start":{"line":18,"column":2},"end":{"line":18,"column":21}},"type":"default-arg","locations":[{"start":{"line":18,"column":17},"end":{"line":18,"column":21}}],"line":18},"2":{"loc":{"start":{"line":27,"column":4},"end":{"line":29,"column":28}},"type":"cond-expr","locations":[{"start":{"line":28,"column":8},"end":{"line":28,"column":36}},{"start":{"line":29,"column":8},"end":{"line":29,"column":28}}],"line":27},"3":{"loc":{"start":{"line":31,"column":26},"end":{"line":31,"column":44}},"type":"binary-expr","locations":[{"start":{"line":31,"column":26},"end":{"line":31,"column":32}},{"start":{"line":31,"column":36},"end":{"line":31,"column":44}}],"line":31},"4":{"loc":{"start":{"line":32,"column":15},"end":{"line":32,"column":69}},"type":"cond-expr","locations":[{"start":{"line":32,"column":33},"end":{"line":32,"column":41}},{"start":{"line":32,"column":44},"end":{"line":32,"column":69}}],"line":32},"5":{"loc":{"start":{"line":32,"column":44},"end":{"line":32,"column":69}},"type":"cond-expr","locations":[{"start":{"line":32,"column":53},"end":{"line":32,"column":59}},{"start":{"line":32,"column":62},"end":{"line":32,"column":69}}],"line":32},"6":{"loc":{"start":{"line":45,"column":10},"end":{"line":45,"column":39}},"type":"binary-expr","locations":[{"start":{"line":45,"column":10},"end":{"line":45,"column":21}},{"start":{"line":45,"column":25},"end":{"line":45,"column":39}}],"line":45},"7":{"loc":{"start":{"line":46,"column":10},"end":{"line":59,"column":11}},"type":"binary-expr","locations":[{"start":{"line":46,"column":10},"end":{"line":46,"column":22}},{"start":{"line":46,"column":26},"end":{"line":59,"column":11}}],"line":46},"8":{"loc":{"start":{"line":48,"column":14},"end":{"line":52,"column":28}},"type":"cond-expr","locations":[{"start":{"line":49,"column":18},"end":{"line":51,"column":21}},{"start":{"line":52,"column":18},"end":{"line":52,"column":28}}],"line":48},"9":{"loc":{"start":{"line":49,"column":18},"end":{"line":51,"column":21}},"type":"cond-expr","locations":[{"start":{"line":50,"column":20},"end":{"line":50,"column":30}},{"start":{"line":51,"column":20},"end":{"line":51,"column":21}}],"line":49},"10":{"loc":{"start":{"line":54,"column":14},"end":{"line":58,"column":31}},"type":"cond-expr","locations":[{"start":{"line":55,"column":18},"end":{"line":57,"column":21}},{"start":{"line":58,"column":18},"end":{"line":58,"column":31}}],"line":54},"11":{"loc":{"start":{"line":55,"column":18},"end":{"line":57,"column":21}},"type":"cond-expr","locations":[{"start":{"line":56,"column":20},"end":{"line":56,"column":33}},{"start":{"line":57,"column":20},"end":{"line":57,"column":21}}],"line":55}},"s":{"0":0,"1":0,"2":0,"3":0,"4":0,"5":0,"6":0,"7":0,"8":0,"9":0},"f":{"0":0},"b":{"0":[0],"1":[0],"2":[0,0],"3":[0,0],"4":[0,0],"5":[0,0],"6":[0,0],"7":[0,0],"8":[0,0],"9":[0,0],"10":[0,0],"11":[0,0]}}
,"/home/voss/Projects/Bangers/bangers-mobile/src/components/dashboard/MyEventsCarousel.tsx": {"path":"/home/voss/Projects/Bangers/bangers-mobile/src/components/dashboard/MyEventsCarousel.tsx","statementMap":{"0":{"start":{"line":17,"column":25},"end":{"line":17,"column":28}},"1":{"start":{"line":21,"column":65},"end":{"line":79,"column":1}},"2":{"start":{"line":26,"column":33},"end":{"line":26,"column":54}},"3":{"start":{"line":27,"column":18},"end":{"line":27,"column":35}},"4":{"start":{"line":29,"column":20},"end":{"line":29,"column":50}},"5":{"start":{"line":30,"column":21},"end":{"line":30,"column":23}},"6":{"start":{"line":31,"column":25},"end":{"line":31,"column":51}},"7":{"start":{"line":33,"column":22},"end":{"line":33,"column":70}},"8":{"start":{"line":33,"column":47},"end":{"line":33,"column":69}},"9":{"start":{"line":35,"column":24},"end":{"line":37,"column":4}},"10":{"start":{"line":36,"column":4},"end":{"line":36,"column":42}},"11":{"start":{"line":39,"column":2},"end":{"line":39,"column":39}},"12":{"start":{"line":39,"column":27},"end":{"line":39,"column":39}},"13":{"start":{"line":41,"column":2},"end":{"line":78,"column":4}},"14":{"start":{"line":65,"column":10},"end":{"line":74,"column":12}},"15":{"start":{"line":81,"column":15},"end":{"line":147,"column":2}}},"fnMap":{"0":{"name":"(anonymous_0)","decl":{"start":{"line":21,"column":65},"end":{"line":21,"column":66}},"loc":{"start":{"line":25,"column":6},"end":{"line":79,"column":1}},"line":25},"1":{"name":"(anonymous_1)","decl":{"start":{"line":33,"column":33},"end":{"line":33,"column":34}},"loc":{"start":{"line":33,"column":47},"end":{"line":33,"column":69}},"line":33},"2":{"name":"(anonymous_2)","decl":{"start":{"line":35,"column":49},"end":{"line":35,"column":50}},"loc":{"start":{"line":35,"column":60},"end":{"line":37,"column":3}},"line":35},"3":{"name":"(anonymous_3)","decl":{"start":{"line":64,"column":20},"end":{"line":64,"column":21}},"loc":{"start":{"line":65,"column":10},"end":{"line":74,"column":12}},"line":65}},"branchMap":{"0":{"loc":{"start":{"line":23,"column":2},"end":{"line":23,"column":23}},"type":"default-arg","locations":[{"start":{"line":23,"column":10},"end":{"line":23,"column":23}}],"line":23},"1":{"loc":{"start":{"line":39,"column":2},"end":{"line":39,"column":39}},"type":"if","locations":[{"start":{"line":39,"column":2},"end":{"line":39,"column":39}},{"start":{},"end":{}}],"line":39}},"s":{"0":0,"1":0,"2":0,"3":0,"4":0,"5":0,"6":0,"7":0,"8":0,"9":0,"10":0,"11":0,"12":0,"13":0,"14":0,"15":0},"f":{"0":0,"1":0,"2":0,"3":0},"b":{"0":[0],"1":[0,0]}}
,"/home/voss/Projects/Bangers/bangers-mobile/src/components/dashboard/SuggestedEvents.tsx": {"path":"/home/voss/Projects/Bangers/bangers-mobile/src/components/dashboard/SuggestedEvents.tsx","statementMap":{"0":{"start":{"line":15,"column":63},"end":{"line":52,"column":1}},"1":{"start":{"line":21,"column":16},"end":{"line":21,"column":26}},"2":{"start":{"line":23,"column":2},"end":{"line":23,"column":54}},"3":{"start":{"line":23,"column":42},"end":{"line":23,"column":54}},"4":{"start":{"line":25,"column":2},"end":{"line":51,"column":4}},"5":{"start":{"line":43,"column":10},"end":{"line":47,"column":12}},"6":{"start":{"line":54,"column":15},"end":{"line":82,"column":2}}},"fnMap":{"0":{"name":"(anonymous_0)","decl":{"start":{"line":15,"column":63},"end":{"line":15,"column":64}},"loc":{"start":{"line":20,"column":6},"end":{"line":52,"column":1}},"line":20},"1":{"name":"(anonymous_1)","decl":{"start":{"line":42,"column":20},"end":{"line":42,"column":21}},"loc":{"start":{"line":43,"column":10},"end":{"line":47,"column":12}},"line":43}},"branchMap":{"0":{"loc":{"start":{"line":23,"column":2},"end":{"line":23,"column":54}},"type":"if","locations":[{"start":{"line":23,"column":2},"end":{"line":23,"column":54}},{"start":{},"end":{}}],"line":23},"1":{"loc":{"start":{"line":23,"column":6},"end":{"line":23,"column":40}},"type":"binary-expr","locations":[{"start":{"line":23,"column":6},"end":{"line":23,"column":25}},{"start":{"line":23,"column":29},"end":{"line":23,"column":40}}],"line":23}},"s":{"0":0,"1":0,"2":0,"3":0,"4":0,"5":0,"6":0},"f":{"0":0,"1":0},"b":{"0":[0,0],"1":[0,0]}}
,"/home/voss/Projects/Bangers/bangers-mobile/src/components/event/EventCard.tsx": {"path":"/home/voss/Projects/Bangers/bangers-mobile/src/components/event/EventCard.tsx","statementMap":{"0":{"start":{"line":32,"column":5},"end":{"line":81,"column":1}},"1":{"start":{"line":33,"column":16},"end":{"line":33,"column":26}},"2":{"start":{"line":35,"column":18},"end":{"line":35,"column":49}},"3":{"start":{"line":36,"column":16},"end":{"line":36,"column":46}},"4":{"start":{"line":38,"column":24},"end":{"line":41,"column":5}},"5":{"start":{"line":38,"column":48},"end":{"line":41,"column":3}},"6":{"start":{"line":43,"column":24},"end":{"line":43,"column":53}},"7":{"start":{"line":45,"column":2},"end":{"line":56,"column":3}},"8":{"start":{"line":46,"column":4},"end":{"line":55,"column":6}},"9":{"start":{"line":58,"column":2},"end":{"line":69,"column":3}},"10":{"start":{"line":59,"column":4},"end":{"line":68,"column":6}},"11":{"start":{"line":71,"column":2},"end":{"line":80,"column":4}},"12":{"start":{"line":84,"column":24},"end":{"line":99,"column":1}},"13":{"start":{"line":85,"column":16},"end":{"line":85,"column":36}},"14":{"start":{"line":87,"column":2},"end":{"line":96,"column":9}},"15":{"start":{"line":88,"column":4},"end":{"line":95,"column":6}},"16":{"start":{"line":98,"column":2},"end":{"line":98,"column":15}},"17":{"start":{"line":101,"column":51},"end":{"line":266,"column":1}},"18":{"start":{"line":107,"column":16},"end":{"line":107,"column":26}},"19":{"start":{"line":108,"column":20},"end":{"line":108,"column":54}},"20":{"start":{"line":110,"column":21},"end":{"line":116,"column":3}},"21":{"start":{"line":111,"column":17},"end":{"line":111,"column":37}},"22":{"start":{"line":112,"column":4},"end":{"line":115,"column":7}},"23":{"start":{"line":118,"column":2},"end":{"line":164,"column":3}},"24":{"start":{"line":119,"column":4},"end":{"line":163,"column":6}},"25":{"start":{"line":122,"column":25},"end":{"line":122,"column":41}},"26":{"start":{"line":166,"column":2},"end":{"line":206,"column":3}},"27":{"start":{"line":167,"column":4},"end":{"line":205,"column":6}},"28":{"start":{"line":169,"column":23},"end":{"line":169,"column":39}},"29":{"start":{"line":208,"column":2},"end":{"line":265,"column":4}},"30":{"start":{"line":210,"column":21},"end":{"line":210,"column":37}},"31":{"start":{"line":268,"column":15},"end":{"line":420,"column":2}}},"fnMap":{"0":{"name":"(anonymous_0)","decl":{"start":{"line":32,"column":5},"end":{"line":32,"column":6}},"loc":{"start":{"line":32,"column":41},"end":{"line":81,"column":1}},"line":32},"1":{"name":"(anonymous_1)","decl":{"start":{"line":38,"column":41},"end":{"line":38,"column":42}},"loc":{"start":{"line":38,"column":48},"end":{"line":41,"column":3}},"line":38},"2":{"name":"(anonymous_2)","decl":{"start":{"line":84,"column":24},"end":{"line":84,"column":25}},"loc":{"start":{"line":84,"column":72},"end":{"line":99,"column":1}},"line":84},"3":{"name":"(anonymous_3)","decl":{"start":{"line":87,"column":18},"end":{"line":87,"column":19}},"loc":{"start":{"line":87,"column":24},"end":{"line":96,"column":3}},"line":87},"4":{"name":"(anonymous_4)","decl":{"start":{"line":101,"column":51},"end":{"line":101,"column":52}},"loc":{"start":{"line":106,"column":6},"end":{"line":266,"column":1}},"line":106},"5":{"name":"(anonymous_5)","decl":{"start":{"line":110,"column":21},"end":{"line":110,"column":22}},"loc":{"start":{"line":110,"column":45},"end":{"line":116,"column":3}},"line":110},"6":{"name":"(anonymous_6)","decl":{"start":{"line":122,"column":19},"end":{"line":122,"column":20}},"loc":{"start":{"line":122,"column":25},"end":{"line":122,"column":41}},"line":122},"7":{"name":"(anonymous_7)","decl":{"start":{"line":169,"column":17},"end":{"line":169,"column":18}},"loc":{"start":{"line":169,"column":23},"end":{"line":169,"column":39}},"line":169},"8":{"name":"(anonymous_8)","decl":{"start":{"line":210,"column":15},"end":{"line":210,"column":16}},"loc":{"start":{"line":210,"column":21},"end":{"line":210,"column":37}},"line":210}},"branchMap":{"0":{"loc":{"start":{"line":32,"column":8},"end":{"line":32,"column":27}},"type":"default-arg","locations":[{"start":{"line":32,"column":18},"end":{"line":32,"column":27}}],"line":32},"1":{"loc":{"start":{"line":45,"column":2},"end":{"line":56,"column":3}},"type":"if","locations":[{"start":{"line":45,"column":2},"end":{"line":56,"column":3}},{"start":{},"end":{}}],"line":45},"2":{"loc":{"start":{"line":58,"column":2},"end":{"line":69,"column":3}},"type":"if","locations":[{"start":{"line":58,"column":2},"end":{"line":69,"column":3}},{"start":{},"end":{}}],"line":58},"3":{"loc":{"start":{"line":104,"column":2},"end":{"line":104,"column":21}},"type":"default-arg","locations":[{"start":{"line":104,"column":12},"end":{"line":104,"column":21}}],"line":104},"4":{"loc":{"start":{"line":118,"column":2},"end":{"line":164,"column":3}},"type":"if","locations":[{"start":{"line":118,"column":2},"end":{"line":164,"column":3}},{"start":{},"end":{}}],"line":118},"5":{"loc":{"start":{"line":127,"column":13},"end":{"line":139,"column":13}},"type":"cond-expr","locations":[{"start":{"line":128,"column":14},"end":{"line":131,"column":16}},{"start":{"line":133,"column":14},"end":{"line":138,"column":16}}],"line":127},"6":{"loc":{"start":{"line":147,"column":17},"end":{"line":147,"column":47}},"type":"binary-expr","locations":[{"start":{"line":147,"column":17},"end":{"line":147,"column":27}},{"start":{"line":147,"column":31},"end":{"line":147,"column":47}}],"line":147},"7":{"loc":{"start":{"line":156,"column":19},"end":{"line":156,"column":50}},"type":"binary-expr","locations":[{"start":{"line":156,"column":19},"end":{"line":156,"column":33}},{"start":{"line":156,"column":37},"end":{"line":156,"column":50}}],"line":156},"8":{"loc":{"start":{"line":166,"column":2},"end":{"line":206,"column":3}},"type":"if","locations":[{"start":{"line":166,"column":2},"end":{"line":206,"column":3}},{"start":{},"end":{}}],"line":166},"9":{"loc":{"start":{"line":175,"column":13},"end":{"line":184,"column":13}},"type":"cond-expr","locations":[{"start":{"line":176,"column":14},"end":{"line":176,"column":80}},{"start":{"line":178,"column":14},"end":{"line":183,"column":16}}],"line":175},"10":{"loc":{"start":{"line":221,"column":11},"end":{"line":230,"column":11}},"type":"cond-expr","locations":[{"start":{"line":222,"column":12},"end":{"line":222,"column":77}},{"start":{"line":224,"column":12},"end":{"line":229,"column":14}}],"line":221}},"s":{"0":0,"1":0,"2":0,"3":0,"4":0,"5":0,"6":0,"7":0,"8":0,"9":0,"10":0,"11":0,"12":0,"13":0,"14":0,"15":0,"16":0,"17":0,"18":0,"19":0,"20":0,"21":0,"22":0,"23":0,"24":0,"25":0,"26":0,"27":0,"28":0,"29":0,"30":0,"31":0},"f":{"0":0,"1":0,"2":0,"3":0,"4":0,"5":0,"6":0,"7":0,"8":0},"b":{"0":[0],"1":[0,0],"2":[0,0],"3":[0],"4":[0,0],"5":[0,0],"6":[0,0],"7":[0,0],"8":[0,0],"9":[0,0],"10":[0,0]}}
,"/home/voss/Projects/Bangers/bangers-mobile/src/components/event/EventCarouselCard.tsx": {"path":"/home/voss/Projects/Bangers/bangers-mobile/src/components/event/EventCarouselCard.tsx","statementMap":{"0":{"start":{"line":24,"column":67},"end":{"line":128,"column":1}},"1":{"start":{"line":33,"column":16},"end":{"line":33,"column":26}},"2":{"start":{"line":34,"column":20},"end":{"line":34,"column":54}},"3":{"start":{"line":36,"column":24},"end":{"line":61,"column":4}},"4":{"start":{"line":37,"column":23},"end":{"line":41,"column":5}},"5":{"start":{"line":43,"column":18},"end":{"line":48,"column":5}},"6":{"start":{"line":50,"column":20},"end":{"line":55,"column":5}},"7":{"start":{"line":57,"column":4},"end":{"line":60,"column":6}},"8":{"start":{"line":63,"column":2},"end":{"line":127,"column":4}},"9":{"start":{"line":77,"column":23},"end":{"line":77,"column":39}},"10":{"start":{"line":130,"column":15},"end":{"line":186,"column":2}}},"fnMap":{"0":{"name":"(anonymous_0)","decl":{"start":{"line":24,"column":67},"end":{"line":24,"column":68}},"loc":{"start":{"line":32,"column":6},"end":{"line":128,"column":1}},"line":32},"1":{"name":"(anonymous_1)","decl":{"start":{"line":36,"column":41},"end":{"line":36,"column":42}},"loc":{"start":{"line":36,"column":47},"end":{"line":61,"column":3}},"line":36},"2":{"name":"(anonymous_2)","decl":{"start":{"line":77,"column":17},"end":{"line":77,"column":18}},"loc":{"start":{"line":77,"column":23},"end":{"line":77,"column":39}},"line":77}},"branchMap":{"0":{"loc":{"start":{"line":81,"column":11},"end":{"line":90,"column":11}},"type":"cond-expr","locations":[{"start":{"line":82,"column":12},"end":{"line":82,"column":70}},{"start":{"line":84,"column":12},"end":{"line":89,"column":14}}],"line":81},"1":{"loc":{"start":{"line":120,"column":17},"end":{"line":120,"column":42}},"type":"binary-expr","locations":[{"start":{"line":120,"column":17},"end":{"line":120,"column":37}},{"start":{"line":120,"column":41},"end":{"line":120,"column":42}}],"line":120}},"s":{"0":0,"1":0,"2":0,"3":0,"4":0,"5":0,"6":0,"7":0,"8":0,"9":0,"10":0},"f":{"0":0,"1":0,"2":0},"b":{"0":[0,0],"1":[0,0]}}
,"/home/voss/Projects/Bangers/bangers-mobile/src/components/event/EventHorizontalCard.tsx": {"path":"/home/voss/Projects/Bangers/bangers-mobile/src/components/event/EventHorizontalCard.tsx","statementMap":{"0":{"start":{"line":14,"column":71},"end":{"line":101,"column":1}},"1":{"start":{"line":19,"column":16},"end":{"line":19,"column":26}},"2":{"start":{"line":20,"column":20},"end":{"line":20,"column":54}},"3":{"start":{"line":22,"column":21},"end":{"line":29,"column":3}},"4":{"start":{"line":23,"column":17},"end":{"line":23,"column":37}},"5":{"start":{"line":24,"column":4},"end":{"line":28,"column":7}},"6":{"start":{"line":31,"column":2},"end":{"line":100,"column":4}},"7":{"start":{"line":41,"column":23},"end":{"line":41,"column":39}},"8":{"start":{"line":103,"column":15},"end":{"line":166,"column":2}}},"fnMap":{"0":{"name":"(anonymous_0)","decl":{"start":{"line":14,"column":71},"end":{"line":14,"column":72}},"loc":{"start":{"line":18,"column":6},"end":{"line":101,"column":1}},"line":18},"1":{"name":"(anonymous_1)","decl":{"start":{"line":22,"column":21},"end":{"line":22,"column":22}},"loc":{"start":{"line":22,"column":45},"end":{"line":29,"column":3}},"line":22},"2":{"name":"(anonymous_2)","decl":{"start":{"line":41,"column":17},"end":{"line":41,"column":18}},"loc":{"start":{"line":41,"column":23},"end":{"line":41,"column":39}},"line":41}},"branchMap":{"0":{"loc":{"start":{"line":44,"column":65},"end":{"line":44,"column":90}},"type":"binary-expr","locations":[{"start":{"line":44,"column":65},"end":{"line":44,"column":85}},{"start":{"line":44,"column":89},"end":{"line":44,"column":90}}],"line":44},"1":{"loc":{"start":{"line":50,"column":13},"end":{"line":59,"column":13}},"type":"cond-expr","locations":[{"start":{"line":51,"column":14},"end":{"line":51,"column":72}},{"start":{"line":53,"column":14},"end":{"line":58,"column":16}}],"line":50},"2":{"loc":{"start":{"line":92,"column":19},"end":{"line":92,"column":44}},"type":"binary-expr","locations":[{"start":{"line":92,"column":19},"end":{"line":92,"column":39}},{"start":{"line":92,"column":43},"end":{"line":92,"column":44}}],"line":92}},"s":{"0":0,"1":0,"2":0,"3":0,"4":0,"5":0,"6":0,"7":0,"8":0},"f":{"0":0,"1":0,"2":0},"b":{"0":[0,0],"1":[0,0],"2":[0,0]}}
,"/home/voss/Projects/Bangers/bangers-mobile/src/components/event/EventListCard.tsx": {"path":"/home/voss/Projects/Bangers/bangers-mobile/src/components/event/EventListCard.tsx","statementMap":{"0":{"start":{"line":21,"column":59},"end":{"line":138,"column":1}},"1":{"start":{"line":27,"column":16},"end":{"line":27,"column":26}},"2":{"start":{"line":28,"column":20},"end":{"line":28,"column":54}},"3":{"start":{"line":30,"column":21},"end":{"line":37,"column":3}},"4":{"start":{"line":31,"column":17},"end":{"line":31,"column":37}},"5":{"start":{"line":32,"column":4},"end":{"line":36,"column":7}},"6":{"start":{"line":39,"column":2},"end":{"line":137,"column":4}},"7":{"start":{"line":50,"column":23},"end":{"line":50,"column":39}},"8":{"start":{"line":140,"column":15},"end":{"line":229,"column":2}}},"fnMap":{"0":{"name":"(anonymous_0)","decl":{"start":{"line":21,"column":59},"end":{"line":21,"column":60}},"loc":{"start":{"line":26,"column":6},"end":{"line":138,"column":1}},"line":26},"1":{"name":"(anonymous_1)","decl":{"start":{"line":30,"column":21},"end":{"line":30,"column":22}},"loc":{"start":{"line":30,"column":45},"end":{"line":37,"column":3}},"line":30},"2":{"name":"(anonymous_2)","decl":{"start":{"line":50,"column":17},"end":{"line":50,"column":18}},"loc":{"start":{"line":50,"column":23},"end":{"line":50,"column":39}},"line":50}},"branchMap":{"0":{"loc":{"start":{"line":25,"column":2},"end":{"line":25,"column":21}},"type":"default-arg","locations":[{"start":{"line":25,"column":12},"end":{"line":25,"column":21}}],"line":25},"1":{"loc":{"start":{"line":44,"column":8},"end":{"line":44,"column":51}},"type":"binary-expr","locations":[{"start":{"line":44,"column":8},"end":{"line":44,"column":29}},{"start":{"line":44,"column":33},"end":{"line":44,"column":51}}],"line":44},"2":{"loc":{"start":{"line":47,"column":17},"end":{"line":47,"column":46}},"type":"cond-expr","locations":[{"start":{"line":47,"column":41},"end":{"line":47,"column":42}},{"start":{"line":47,"column":45},"end":{"line":47,"column":46}}],"line":47},"3":{"loc":{"start":{"line":54,"column":21},"end":{"line":54,"column":78}},"type":"cond-expr","locations":[{"start":{"line":54,"column":45},"end":{"line":54,"column":71}},{"start":{"line":54,"column":74},"end":{"line":54,"column":78}}],"line":54},"4":{"loc":{"start":{"line":59,"column":14},"end":{"line":59,"column":67}},"type":"binary-expr","locations":[{"start":{"line":59,"column":14},"end":{"line":59,"column":35}},{"start":{"line":59,"column":39},"end":{"line":59,"column":67}}],"line":59},"5":{"loc":{"start":{"line":62,"column":13},"end":{"line":71,"column":13}},"type":"cond-expr","locations":[{"start":{"line":63,"column":14},"end":{"line":63,"column":72}},{"start":{"line":65,"column":14},"end":{"line":70,"column":16}}],"line":62},"6":{"loc":{"start":{"line":76,"column":16},"end":{"line":76,"column":64}},"type":"binary-expr","locations":[{"start":{"line":76,"column":16},"end":{"line":76,"column":37}},{"start":{"line":76,"column":41},"end":{"line":76,"column":64}}],"line":76},"7":{"loc":{"start":{"line":81,"column":25},"end":{"line":81,"column":77}},"type":"cond-expr","locations":[{"start":{"line":81,"column":49},"end":{"line":81,"column":61}},{"start":{"line":81,"column":64},"end":{"line":81,"column":77}}],"line":81},"8":{"loc":{"start":{"line":93,"column":14},"end":{"line":93,"column":60}},"type":"binary-expr","locations":[{"start":{"line":93,"column":14},"end":{"line":93,"column":35}},{"start":{"line":93,"column":39},"end":{"line":93,"column":60}}],"line":93},"9":{"loc":{"start":{"line":97,"column":23},"end":{"line":97,"column":75}},"type":"cond-expr","locations":[{"start":{"line":97,"column":47},"end":{"line":97,"column":60}},{"start":{"line":97,"column":63},"end":{"line":97,"column":75}}],"line":97},"10":{"loc":{"start":{"line":100,"column":16},"end":{"line":100,"column":60}},"type":"binary-expr","locations":[{"start":{"line":100,"column":16},"end":{"line":100,"column":37}},{"start":{"line":100,"column":41},"end":{"line":100,"column":60}}],"line":100},"11":{"loc":{"start":{"line":110,"column":16},"end":{"line":110,"column":62}},"type":"binary-expr","locations":[{"start":{"line":110,"column":16},"end":{"line":110,"column":37}},{"start":{"line":110,"column":41},"end":{"line":110,"column":62}}],"line":110},"12":{"loc":{"start":{"line":127,"column":19},"end":{"line":129,"column":62}},"type":"cond-expr","locations":[{"start":{"line":128,"column":23},"end":{"line":128,"column":48}},{"start":{"line":129,"column":22},"end":{"line":129,"column":62}}],"line":127},"13":{"loc":{"start":{"line":128,"column":23},"end":{"line":128,"column":48}},"type":"binary-expr","locations":[{"start":{"line":128,"column":23},"end":{"line":128,"column":43}},{"start":{"line":128,"column":47},"end":{"line":128,"column":48}}],"line":128},"14":{"loc":{"start":{"line":129,"column":25},"end":{"line":129,"column":50}},"type":"binary-expr","locations":[{"start":{"line":129,"column":25},"end":{"line":129,"column":45}},{"start":{"line":129,"column":49},"end":{"line":129,"column":50}}],"line":129}},"s":{"0":0,"1":0,"2":0,"3":0,"4":0,"5":0,"6":0,"7":0,"8":0},"f":{"0":0,"1":0,"2":0},"b":{"0":[0],"1":[0,0],"2":[0,0],"3":[0,0],"4":[0,0],"5":[0,0],"6":[0,0],"7":[0,0],"8":[0,0],"9":[0,0],"10":[0,0],"11":[0,0],"12":[0,0],"13":[0,0],"14":[0,0]}}
,"/home/voss/Projects/Bangers/bangers-mobile/src/components/navigation/BottomNav.tsx": {"path":"/home/voss/Projects/Bangers/bangers-mobile/src/components/navigation/BottomNav.tsx","statementMap":{"0":{"start":{"line":31,"column":35},"end":{"line":175,"column":1}},"1":{"start":{"line":32,"column":16},"end":{"line":32,"column":26}},"2":{"start":{"line":33,"column":19},"end":{"line":33,"column":32}},"3":{"start":{"line":34,"column":17},"end":{"line":34,"column":28}},"4":{"start":{"line":35,"column":29},"end":{"line":35,"column":76}},"5":{"start":{"line":35,"column":51},"end":{"line":35,"column":75}},"6":{"start":{"line":36,"column":23},"end":{"line":36,"column":40}},"7":{"start":{"line":37,"column":17},"end":{"line":37,"column":36}},"8":{"start":{"line":39,"column":22},"end":{"line":39,"column":52}},"9":{"start":{"line":40,"column":23},"end":{"line":40,"column":42}},"10":{"start":{"line":41,"column":18},"end":{"line":41,"column":54}},"11":{"start":{"line":43,"column":36},"end":{"line":47,"column":3}},"12":{"start":{"line":49,"column":32},"end":{"line":60,"column":8}},"13":{"start":{"line":62,"column":16},"end":{"line":62,"column":57}},"14":{"start":{"line":64,"column":21},"end":{"line":112,"column":3}},"15":{"start":{"line":67,"column":6},"end":{"line":71,"column":67}},"16":{"start":{"line":72,"column":17},"end":{"line":72,"column":26}},"17":{"start":{"line":74,"column":4},"end":{"line":111,"column":6}},"18":{"start":{"line":77,"column":23},"end":{"line":77,"column":57}},"19":{"start":{"line":114,"column":20},"end":{"line":114,"column":56}},"20":{"start":{"line":115,"column":24},"end":{"line":115,"column":66}},"21":{"start":{"line":117,"column":33},"end":{"line":158,"column":4}},"22":{"start":{"line":118,"column":19},"end":{"line":118,"column":37}},"23":{"start":{"line":119,"column":19},"end":{"line":119,"column":65}},"24":{"start":{"line":120,"column":25},"end":{"line":120,"column":72}},"25":{"start":{"line":121,"column":22},"end":{"line":126,"column":5}},"26":{"start":{"line":127,"column":26},"end":{"line":132,"column":5}},"27":{"start":{"line":133,"column":20},"end":{"line":133,"column":67}},"28":{"start":{"line":136,"column":20},"end":{"line":140,"column":5}},"29":{"start":{"line":141,"column":24},"end":{"line":145,"column":5}},"30":{"start":{"line":147,"column":4},"end":{"line":157,"column":6}},"31":{"start":{"line":160,"column":2},"end":{"line":160,"column":39}},"32":{"start":{"line":160,"column":27},"end":{"line":160,"column":39}},"33":{"start":{"line":162,"column":2},"end":{"line":174,"column":4}},"34":{"start":{"line":177,"column":15},"end":{"line":206,"column":2}}},"fnMap":{"0":{"name":"(anonymous_0)","decl":{"start":{"line":31,"column":35},"end":{"line":31,"column":36}},"loc":{"start":{"line":31,"column":41},"end":{"line":175,"column":1}},"line":31},"1":{"name":"(anonymous_1)","decl":{"start":{"line":35,"column":40},"end":{"line":35,"column":41}},"loc":{"start":{"line":35,"column":51},"end":{"line":35,"column":75}},"line":35},"2":{"name":"(anonymous_2)","decl":{"start":{"line":64,"column":21},"end":{"line":64,"column":22}},"loc":{"start":{"line":64,"column":55},"end":{"line":112,"column":3}},"line":64},"3":{"name":"(anonymous_3)","decl":{"start":{"line":77,"column":17},"end":{"line":77,"column":18}},"loc":{"start":{"line":77,"column":23},"end":{"line":77,"column":57}},"line":77},"4":{"name":"(anonymous_4)","decl":{"start":{"line":117,"column":50},"end":{"line":117,"column":51}},"loc":{"start":{"line":117,"column":56},"end":{"line":158,"column":3}},"line":117}},"branchMap":{"0":{"loc":{"start":{"line":41,"column":18},"end":{"line":41,"column":54}},"type":"cond-expr","locations":[{"start":{"line":41,"column":32},"end":{"line":41,"column":47}},{"start":{"line":41,"column":50},"end":{"line":41,"column":54}}],"line":41},"1":{"loc":{"start":{"line":49,"column":32},"end":{"line":60,"column":8}},"type":"cond-expr","locations":[{"start":{"line":50,"column":6},"end":{"line":59,"column":7}},{"start":{"line":60,"column":6},"end":{"line":60,"column":8}}],"line":49},"2":{"loc":{"start":{"line":62,"column":16},"end":{"line":62,"column":57}},"type":"cond-expr","locations":[{"start":{"line":62,"column":30},"end":{"line":62,"column":40}},{"start":{"line":62,"column":43},"end":{"line":62,"column":57}}],"line":62},"3":{"loc":{"start":{"line":67,"column":6},"end":{"line":71,"column":67}},"type":"binary-expr","locations":[{"start":{"line":67,"column":6},"end":{"line":67,"column":29}},{"start":{"line":68,"column":7},"end":{"line":68,"column":32}},{"start":{"line":69,"column":9},"end":{"line":69,"column":25}},{"start":{"line":69,"column":29},"end":{"line":69,"column":49}},{"start":{"line":70,"column":7},"end":{"line":70,"column":38}},{"start":{"line":70,"column":42},"end":{"line":70,"column":64}},{"start":{"line":71,"column":7},"end":{"line":71,"column":39}},{"start":{"line":71,"column":43},"end":{"line":71,"column":66}}],"line":67},"4":{"loc":{"start":{"line":82,"column":11},"end":{"line":90,"column":11}},"type":"binary-expr","locations":[{"start":{"line":82,"column":11},"end":{"line":82,"column":19}},{"start":{"line":83,"column":12},"end":{"line":89,"column":14}}],"line":82},"5":{"loc":{"start":{"line":93,"column":19},"end":{"line":93,"column":73}},"type":"cond-expr","locations":[{"start":{"line":93,"column":30},"end":{"line":93,"column":50}},{"start":{"line":93,"column":53},"end":{"line":93,"column":73}}],"line":93},"6":{"loc":{"start":{"line":94,"column":25},"end":{"line":94,"column":43}},"type":"cond-expr","locations":[{"start":{"line":94,"column":36},"end":{"line":94,"column":39}},{"start":{"line":94,"column":42},"end":{"line":94,"column":43}}],"line":94},"7":{"loc":{"start":{"line":96,"column":11},"end":{"line":108,"column":11}},"type":"binary-expr","locations":[{"start":{"line":96,"column":11},"end":{"line":96,"column":19}},{"start":{"line":97,"column":12},"end":{"line":107,"column":19}}],"line":96},"8":{"loc":{"start":{"line":102,"column":25},"end":{"line":102,"column":79}},"type":"cond-expr","locations":[{"start":{"line":102,"column":36},"end":{"line":102,"column":56}},{"start":{"line":102,"column":59},"end":{"line":102,"column":79}}],"line":102},"9":{"loc":{"start":{"line":160,"column":2},"end":{"line":160,"column":39}},"type":"if","locations":[{"start":{"line":160,"column":2},"end":{"line":160,"column":39}},{"start":{},"end":{}}],"line":160}},"s":{"0":0,"1":0,"2":0,"3":0,"4":0,"5":0,"6":0,"7":0,"8":0,"9":0,"10":0,"11":0,"12":0,"13":0,"14":0,"15":0,"16":0,"17":0,"18":0,"19":0,"20":0,"21":0,"22":0,"23":0,"24":0,"25":0,"26":0,"27":0,"28":0,"29":0,"30":0,"31":0,"32":0,"33":0,"34":0},"f":{"0":0,"1":0,"2":0,"3":0,"4":0},"b":{"0":[0,0],"1":[0,0],"2":[0,0],"3":[0,0,0,0,0,0,0,0],"4":[0,0],"5":[0,0],"6":[0,0],"7":[0,0],"8":[0,0],"9":[0,0]}}
,"/home/voss/Projects/Bangers/bangers-mobile/src/components/navigation/ScrollResetHandler.tsx": {"path":"/home/voss/Projects/Bangers/bangers-mobile/src/components/navigation/ScrollResetHandler.tsx","statementMap":{"0":{"start":{"line":10,"column":34},"end":{"line":23,"column":1}},"1":{"start":{"line":11,"column":19},"end":{"line":11,"column":32}},"2":{"start":{"line":12,"column":23},"end":{"line":12,"column":40}},"3":{"start":{"line":13,"column":23},"end":{"line":13,"column":39}},"4":{"start":{"line":15,"column":2},"end":{"line":20,"column":31}},"5":{"start":{"line":16,"column":4},"end":{"line":19,"column":5}},"6":{"start":{"line":17,"column":6},"end":{"line":17,"column":29}},"7":{"start":{"line":18,"column":6},"end":{"line":18,"column":38}},"8":{"start":{"line":22,"column":2},"end":{"line":22,"column":14}}},"fnMap":{"0":{"name":"(anonymous_0)","decl":{"start":{"line":10,"column":34},"end":{"line":10,"column":35}},"loc":{"start":{"line":10,"column":40},"end":{"line":23,"column":1}},"line":10},"1":{"name":"(anonymous_1)","decl":{"start":{"line":15,"column":12},"end":{"line":15,"column":13}},"loc":{"start":{"line":15,"column":18},"end":{"line":20,"column":3}},"line":15}},"branchMap":{"0":{"loc":{"start":{"line":16,"column":4},"end":{"line":19,"column":5}},"type":"if","locations":[{"start":{"line":16,"column":4},"end":{"line":19,"column":5}},{"start":{},"end":{}}],"line":16}},"s":{"0":0,"1":0,"2":0,"3":0,"4":0,"5":0,"6":0,"7":0,"8":0},"f":{"0":0,"1":0},"b":{"0":[0,0]}}
,"/home/voss/Projects/Bangers/bangers-mobile/src/components/navigation/TopBar.tsx": {"path":"/home/voss/Projects/Bangers/bangers-mobile/src/components/navigation/TopBar.tsx","statementMap":{"0":{"start":{"line":31,"column":32},"end":{"line":257,"column":1}},"1":{"start":{"line":32,"column":16},"end":{"line":32,"column":26}},"2":{"start":{"line":33,"column":17},"end":{"line":33,"column":28}},"3":{"start":{"line":34,"column":15},"end":{"line":34,"column":50}},"4":{"start":{"line":34,"column":39},"end":{"line":34,"column":49}},"5":{"start":{"line":35,"column":22},"end":{"line":35,"column":38}},"6":{"start":{"line":36,"column":40},"end":{"line":36,"column":61}},"7":{"start":{"line":37,"column":42},"end":{"line":37,"column":63}},"8":{"start":{"line":39,"column":40},"end":{"line":39,"column":59}},"9":{"start":{"line":40,"column":85},"end":{"line":40,"column":104}},"10":{"start":{"line":42,"column":27},"end":{"line":51,"column":3}},"11":{"start":{"line":43,"column":4},"end":{"line":43,"column":26}},"12":{"start":{"line":44,"column":4},"end":{"line":44,"column":27}},"13":{"start":{"line":45,"column":4},"end":{"line":50,"column":7}},"14":{"start":{"line":46,"column":6},"end":{"line":49,"column":14}},"15":{"start":{"line":47,"column":8},"end":{"line":48,"column":38}},"16":{"start":{"line":47,"column":21},"end":{"line":47,"column":49}},"17":{"start":{"line":48,"column":13},"end":{"line":48,"column":38}},"18":{"start":{"line":53,"column":24},"end":{"line":59,"column":30}},"19":{"start":{"line":54,"column":29},"end":{"line":54,"column":89}},"20":{"start":{"line":54,"column":48},"end":{"line":54,"column":88}},"21":{"start":{"line":55,"column":4},"end":{"line":58,"column":6}},"22":{"start":{"line":56,"column":41},"end":{"line":56,"column":65}},"23":{"start":{"line":57,"column":36},"end":{"line":57,"column":59}},"24":{"start":{"line":61,"column":2},"end":{"line":65,"column":41}},"25":{"start":{"line":62,"column":4},"end":{"line":64,"column":5}},"26":{"start":{"line":63,"column":6},"end":{"line":63,"column":20}},"27":{"start":{"line":67,"column":40},"end":{"line":67,"column":78}},"28":{"start":{"line":68,"column":26},"end":{"line":68,"column":79}},"29":{"start":{"line":69,"column":25},"end":{"line":69,"column":78}},"30":{"start":{"line":71,"column":35},"end":{"line":130,"column":3}},"31":{"start":{"line":77,"column":4},"end":{"line":129,"column":5}},"32":{"start":{"line":78,"column":6},"end":{"line":93,"column":7}},"33":{"start":{"line":79,"column":8},"end":{"line":84,"column":9}},"34":{"start":{"line":80,"column":10},"end":{"line":80,"column":45}},"35":{"start":{"line":81,"column":10},"end":{"line":81,"column":67}},"36":{"start":{"line":83,"column":10},"end":{"line":83,"column":45}},"37":{"start":{"line":85,"column":8},"end":{"line":85,"column":73}},"38":{"start":{"line":87,"column":8},"end":{"line":91,"column":9}},"39":{"start":{"line":88,"column":10},"end":{"line":88,"column":37}},"40":{"start":{"line":90,"column":10},"end":{"line":90,"column":37}},"41":{"start":{"line":92,"column":8},"end":{"line":92,"column":28}},"42":{"start":{"line":95,"column":6},"end":{"line":98,"column":7}},"43":{"start":{"line":96,"column":8},"end":{"line":96,"column":56}},"44":{"start":{"line":97,"column":8},"end":{"line":97,"column":55}},"45":{"start":{"line":100,"column":6},"end":{"line":100,"column":58}},"46":{"start":{"line":100,"column":31},"end":{"line":100,"column":56}},"47":{"start":{"line":102,"column":6},"end":{"line":126,"column":9}},"48":{"start":{"line":114,"column":8},"end":{"line":118,"column":11}},"49":{"start":{"line":115,"column":23},"end":{"line":115,"column":36}},"50":{"start":{"line":116,"column":10},"end":{"line":116,"column":30}},"51":{"start":{"line":117,"column":10},"end":{"line":117,"column":22}},"52":{"start":{"line":120,"column":8},"end":{"line":120,"column":39}},"53":{"start":{"line":121,"column":8},"end":{"line":121,"column":38}},"54":{"start":{"line":123,"column":8},"end":{"line":125,"column":9}},"55":{"start":{"line":124,"column":10},"end":{"line":124,"column":56}},"56":{"start":{"line":124,"column":27},"end":{"line":124,"column":49}},"57":{"start":{"line":128,"column":6},"end":{"line":128,"column":48}},"58":{"start":{"line":132,"column":2},"end":{"line":256,"column":4}},"59":{"start":{"line":140,"column":29},"end":{"line":140,"column":51}},"60":{"start":{"line":145,"column":30},"end":{"line":145,"column":86}},"61":{"start":{"line":146,"column":33},"end":{"line":146,"column":54}},"62":{"start":{"line":158,"column":32},"end":{"line":158,"column":54}},"63":{"start":{"line":159,"column":27},"end":{"line":159,"column":67}},"64":{"start":{"line":160,"column":31},"end":{"line":160,"column":39}},"65":{"start":{"line":162,"column":16},"end":{"line":165,"column":17}},"66":{"start":{"line":163,"column":18},"end":{"line":163,"column":66}},"67":{"start":{"line":164,"column":18},"end":{"line":164,"column":65}},"68":{"start":{"line":167,"column":16},"end":{"line":214,"column":18}},"69":{"start":{"line":179,"column":58},"end":{"line":179,"column":91}},"70":{"start":{"line":192,"column":41},"end":{"line":192,"column":117}},"71":{"start":{"line":202,"column":41},"end":{"line":202,"column":117}},"72":{"start":{"line":221,"column":29},"end":{"line":221,"column":50}},"73":{"start":{"line":224,"column":46},"end":{"line":224,"column":66}},"74":{"start":{"line":233,"column":38},"end":{"line":233,"column":73}},"75":{"start":{"line":233,"column":94},"end":{"line":233,"column":141}},"76":{"start":{"line":235,"column":38},"end":{"line":235,"column":59}},"77":{"start":{"line":235,"column":80},"end":{"line":235,"column":140}},"78":{"start":{"line":236,"column":38},"end":{"line":236,"column":59}},"79":{"start":{"line":236,"column":80},"end":{"line":236,"column":143}},"80":{"start":{"line":238,"column":38},"end":{"line":238,"column":67}},"81":{"start":{"line":238,"column":88},"end":{"line":238,"column":148}},"82":{"start":{"line":241,"column":16},"end":{"line":241,"column":38}},"83":{"start":{"line":242,"column":16},"end":{"line":246,"column":24}},"84":{"start":{"line":243,"column":18},"end":{"line":243,"column":55}},"85":{"start":{"line":244,"column":18},"end":{"line":244,"column":51}},"86":{"start":{"line":245,"column":18},"end":{"line":245,"column":50}},"87":{"start":{"line":248,"column":33},"end":{"line":248,"column":80}},"88":{"start":{"line":259,"column":15},"end":{"line":275,"column":2}}},"fnMap":{"0":{"name":"(anonymous_0)","decl":{"start":{"line":31,"column":32},"end":{"line":31,"column":33}},"loc":{"start":{"line":31,"column":38},"end":{"line":257,"column":1}},"line":31},"1":{"name":"(anonymous_1)","decl":{"start":{"line":34,"column":28},"end":{"line":34,"column":29}},"loc":{"start":{"line":34,"column":39},"end":{"line":34,"column":49}},"line":34},"2":{"name":"(anonymous_2)","decl":{"start":{"line":42,"column":27},"end":{"line":42,"column":28}},"loc":{"start":{"line":42,"column":62},"end":{"line":51,"column":3}},"line":42},"3":{"name":"(anonymous_3)","decl":{"start":{"line":45,"column":44},"end":{"line":45,"column":45}},"loc":{"start":{"line":45,"column":50},"end":{"line":50,"column":5}},"line":45},"4":{"name":"(anonymous_4)","decl":{"start":{"line":46,"column":17},"end":{"line":46,"column":18}},"loc":{"start":{"line":46,"column":23},"end":{"line":49,"column":7}},"line":46},"5":{"name":"(anonymous_5)","decl":{"start":{"line":53,"column":32},"end":{"line":53,"column":33}},"loc":{"start":{"line":53,"column":38},"end":{"line":59,"column":3}},"line":53},"6":{"name":"(anonymous_6)","decl":{"start":{"line":54,"column":43},"end":{"line":54,"column":44}},"loc":{"start":{"line":54,"column":48},"end":{"line":54,"column":88}},"line":54},"7":{"name":"(anonymous_7)","decl":{"start":{"line":56,"column":28},"end":{"line":56,"column":29}},"loc":{"start":{"line":56,"column":41},"end":{"line":56,"column":65}},"line":56},"8":{"name":"(anonymous_8)","decl":{"start":{"line":57,"column":30},"end":{"line":57,"column":31}},"loc":{"start":{"line":57,"column":36},"end":{"line":57,"column":59}},"line":57},"9":{"name":"(anonymous_9)","decl":{"start":{"line":61,"column":18},"end":{"line":61,"column":19}},"loc":{"start":{"line":61,"column":24},"end":{"line":65,"column":3}},"line":61},"10":{"name":"(anonymous_10)","decl":{"start":{"line":71,"column":35},"end":{"line":71,"column":36}},"loc":{"start":{"line":76,"column":7},"end":{"line":130,"column":3}},"line":76},"11":{"name":"(anonymous_11)","decl":{"start":{"line":100,"column":21},"end":{"line":100,"column":22}},"loc":{"start":{"line":100,"column":31},"end":{"line":100,"column":56}},"line":100},"12":{"name":"(anonymous_12)","decl":{"start":{"line":113,"column":15},"end":{"line":113,"column":16}},"loc":{"start":{"line":113,"column":21},"end":{"line":126,"column":7}},"line":113},"13":{"name":"(anonymous_13)","decl":{"start":{"line":114,"column":23},"end":{"line":114,"column":24}},"loc":{"start":{"line":114,"column":33},"end":{"line":118,"column":9}},"line":114},"14":{"name":"(anonymous_14)","decl":{"start":{"line":124,"column":21},"end":{"line":124,"column":22}},"loc":{"start":{"line":124,"column":27},"end":{"line":124,"column":49}},"line":124},"15":{"name":"(anonymous_15)","decl":{"start":{"line":140,"column":23},"end":{"line":140,"column":24}},"loc":{"start":{"line":140,"column":29},"end":{"line":140,"column":51}},"line":140},"16":{"name":"(anonymous_16)","decl":{"start":{"line":145,"column":24},"end":{"line":145,"column":25}},"loc":{"start":{"line":145,"column":30},"end":{"line":145,"column":86}},"line":145},"17":{"name":"(anonymous_17)","decl":{"start":{"line":146,"column":27},"end":{"line":146,"column":28}},"loc":{"start":{"line":146,"column":33},"end":{"line":146,"column":54}},"line":146},"18":{"name":"(anonymous_18)","decl":{"start":{"line":157,"column":32},"end":{"line":157,"column":33}},"loc":{"start":{"line":157,"column":43},"end":{"line":215,"column":15}},"line":157},"19":{"name":"(anonymous_19)","decl":{"start":{"line":179,"column":52},"end":{"line":179,"column":53}},"loc":{"start":{"line":179,"column":58},"end":{"line":179,"column":91}},"line":179},"20":{"name":"(anonymous_20)","decl":{"start":{"line":192,"column":35},"end":{"line":192,"column":36}},"loc":{"start":{"line":192,"column":41},"end":{"line":192,"column":117}},"line":192},"21":{"name":"(anonymous_21)","decl":{"start":{"line":202,"column":35},"end":{"line":202,"column":36}},"loc":{"start":{"line":202,"column":41},"end":{"line":202,"column":117}},"line":202},"22":{"name":"(anonymous_22)","decl":{"start":{"line":221,"column":23},"end":{"line":221,"column":24}},"loc":{"start":{"line":221,"column":29},"end":{"line":221,"column":50}},"line":221},"23":{"name":"(anonymous_23)","decl":{"start":{"line":224,"column":40},"end":{"line":224,"column":41}},"loc":{"start":{"line":224,"column":46},"end":{"line":224,"column":66}},"line":224},"24":{"name":"(anonymous_24)","decl":{"start":{"line":233,"column":32},"end":{"line":233,"column":33}},"loc":{"start":{"line":233,"column":38},"end":{"line":233,"column":73}},"line":233},"25":{"name":"(anonymous_25)","decl":{"start":{"line":233,"column":88},"end":{"line":233,"column":89}},"loc":{"start":{"line":233,"column":94},"end":{"line":233,"column":141}},"line":233},"26":{"name":"(anonymous_26)","decl":{"start":{"line":235,"column":32},"end":{"line":235,"column":33}},"loc":{"start":{"line":235,"column":38},"end":{"line":235,"column":59}},"line":235},"27":{"name":"(anonymous_27)","decl":{"start":{"line":235,"column":74},"end":{"line":235,"column":75}},"loc":{"start":{"line":235,"column":80},"end":{"line":235,"column":140}},"line":235},"28":{"name":"(anonymous_28)","decl":{"start":{"line":236,"column":32},"end":{"line":236,"column":33}},"loc":{"start":{"line":236,"column":38},"end":{"line":236,"column":59}},"line":236},"29":{"name":"(anonymous_29)","decl":{"start":{"line":236,"column":74},"end":{"line":236,"column":75}},"loc":{"start":{"line":236,"column":80},"end":{"line":236,"column":143}},"line":236},"30":{"name":"(anonymous_30)","decl":{"start":{"line":238,"column":32},"end":{"line":238,"column":33}},"loc":{"start":{"line":238,"column":38},"end":{"line":238,"column":67}},"line":238},"31":{"name":"(anonymous_31)","decl":{"start":{"line":238,"column":82},"end":{"line":238,"column":83}},"loc":{"start":{"line":238,"column":88},"end":{"line":238,"column":148}},"line":238},"32":{"name":"(anonymous_32)","decl":{"start":{"line":240,"column":23},"end":{"line":240,"column":24}},"loc":{"start":{"line":240,"column":29},"end":{"line":247,"column":15}},"line":240},"33":{"name":"(anonymous_33)","decl":{"start":{"line":242,"column":27},"end":{"line":242,"column":28}},"loc":{"start":{"line":242,"column":33},"end":{"line":246,"column":17}},"line":242},"34":{"name":"(anonymous_34)","decl":{"start":{"line":248,"column":27},"end":{"line":248,"column":28}},"loc":{"start":{"line":248,"column":33},"end":{"line":248,"column":80}},"line":248}},"branchMap":{"0":{"loc":{"start":{"line":39,"column":16},"end":{"line":39,"column":35}},"type":"default-arg","locations":[{"start":{"line":39,"column":33},"end":{"line":39,"column":35}}],"line":39},"1":{"loc":{"start":{"line":42,"column":42},"end":{"line":42,"column":57}},"type":"default-arg","locations":[{"start":{"line":42,"column":52},"end":{"line":42,"column":57}}],"line":42},"2":{"loc":{"start":{"line":47,"column":8},"end":{"line":48,"column":38}},"type":"if","locations":[{"start":{"line":47,"column":8},"end":{"line":48,"column":38}},{"start":{"line":48,"column":13},"end":{"line":48,"column":38}}],"line":47},"3":{"loc":{"start":{"line":62,"column":4},"end":{"line":64,"column":5}},"type":"if","locations":[{"start":{"line":62,"column":4},"end":{"line":64,"column":5}},{"start":{},"end":{}}],"line":62},"4":{"loc":{"start":{"line":62,"column":8},"end":{"line":62,"column":30}},"type":"binary-expr","locations":[{"start":{"line":62,"column":8},"end":{"line":62,"column":12}},{"start":{"line":62,"column":16},"end":{"line":62,"column":30}}],"line":62},"5":{"loc":{"start":{"line":74,"column":4},"end":{"line":74,"column":39}},"type":"default-arg","locations":[{"start":{"line":74,"column":31},"end":{"line":74,"column":39}}],"line":74},"6":{"loc":{"start":{"line":78,"column":6},"end":{"line":93,"column":7}},"type":"if","locations":[{"start":{"line":78,"column":6},"end":{"line":93,"column":7}},{"start":{"line":86,"column":13},"end":{"line":93,"column":7}}],"line":78},"7":{"loc":{"start":{"line":79,"column":8},"end":{"line":84,"column":9}},"type":"if","locations":[{"start":{"line":79,"column":8},"end":{"line":84,"column":9}},{"start":{"line":82,"column":15},"end":{"line":84,"column":9}}],"line":79},"8":{"loc":{"start":{"line":87,"column":8},"end":{"line":91,"column":9}},"type":"if","locations":[{"start":{"line":87,"column":8},"end":{"line":91,"column":9}},{"start":{"line":89,"column":15},"end":{"line":91,"column":9}}],"line":87},"9":{"loc":{"start":{"line":95,"column":6},"end":{"line":98,"column":7}},"type":"if","locations":[{"start":{"line":95,"column":6},"end":{"line":98,"column":7}},{"start":{},"end":{}}],"line":95},"10":{"loc":{"start":{"line":123,"column":8},"end":{"line":125,"column":9}},"type":"if","locations":[{"start":{"line":123,"column":8},"end":{"line":125,"column":9}},{"start":{},"end":{}}],"line":123},"11":{"loc":{"start":{"line":148,"column":17},"end":{"line":150,"column":17}},"type":"binary-expr","locations":[{"start":{"line":148,"column":17},"end":{"line":148,"column":41}},{"start":{"line":149,"column":18},"end":{"line":149,"column":86}}],"line":148},"12":{"loc":{"start":{"line":154,"column":13},"end":{"line":216,"column":13}},"type":"cond-expr","locations":[{"start":{"line":155,"column":14},"end":{"line":155,"column":86}},{"start":{"line":157,"column":14},"end":{"line":215,"column":16}}],"line":154},"13":{"loc":{"start":{"line":159,"column":27},"end":{"line":159,"column":67}},"type":"cond-expr","locations":[{"start":{"line":159,"column":37},"end":{"line":159,"column":45}},{"start":{"line":159,"column":48},"end":{"line":159,"column":67}}],"line":159},"14":{"loc":{"start":{"line":162,"column":16},"end":{"line":165,"column":17}},"type":"if","locations":[{"start":{"line":162,"column":16},"end":{"line":165,"column":17}},{"start":{},"end":{}}],"line":162},"15":{"loc":{"start":{"line":178,"column":21},"end":{"line":182,"column":21}},"type":"cond-expr","locations":[{"start":{"line":179,"column":23},"end":{"line":179,"column":184}},{"start":{"line":181,"column":22},"end":{"line":181,"column":190}}],"line":178},"16":{"loc":{"start":{"line":181,"column":52},"end":{"line":181,"column":97}},"type":"binary-expr","locations":[{"start":{"line":181,"column":52},"end":{"line":181,"column":90}},{"start":{"line":181,"column":94},"end":{"line":181,"column":97}}],"line":181},"17":{"loc":{"start":{"line":185,"column":25},"end":{"line":186,"column":156}},"type":"cond-expr","locations":[{"start":{"line":185,"column":35},"end":{"line":185,"column":111}},{"start":{"line":186,"column":26},"end":{"line":186,"column":156}}],"line":185},"18":{"loc":{"start":{"line":192,"column":80},"end":{"line":192,"column":108}},"type":"cond-expr","locations":[{"start":{"line":192,"column":90},"end":{"line":192,"column":97}},{"start":{"line":192,"column":100},"end":{"line":192,"column":108}}],"line":192},"19":{"loc":{"start":{"line":202,"column":80},"end":{"line":202,"column":108}},"type":"cond-expr","locations":[{"start":{"line":202,"column":90},"end":{"line":202,"column":97}},{"start":{"line":202,"column":100},"end":{"line":202,"column":108}}],"line":202},"20":{"loc":{"start":{"line":225,"column":17},"end":{"line":229,"column":17}},"type":"cond-expr","locations":[{"start":{"line":226,"column":18},"end":{"line":226,"column":138}},{"start":{"line":228,"column":18},"end":{"line":228,"column":136}}],"line":225},"21":{"loc":{"start":{"line":226,"column":57},"end":{"line":226,"column":132}},"type":"binary-expr","locations":[{"start":{"line":226,"column":57},"end":{"line":226,"column":96}},{"start":{"line":226,"column":100},"end":{"line":226,"column":132}}],"line":226},"22":{"loc":{"start":{"line":228,"column":48},"end":{"line":228,"column":82}},"type":"binary-expr","locations":[{"start":{"line":228,"column":48},"end":{"line":228,"column":75}},{"start":{"line":228,"column":79},"end":{"line":228,"column":82}}],"line":228}},"s":{"0":0,"1":0,"2":0,"3":0,"4":0,"5":0,"6":0,"7":0,"8":0,"9":0,"10":0,"11":0,"12":0,"13":0,"14":0,"15":0,"16":0,"17":0,"18":0,"19":0,"20":0,"21":0,"22":0,"23":0,"24":0,"25":0,"26":0,"27":0,"28":0,"29":0,"30":0,"31":0,"32":0,"33":0,"34":0,"35":0,"36":0,"37":0,"38":0,"39":0,"40":0,"41":0,"42":0,"43":0,"44":0,"45":0,"46":0,"47":0,"48":0,"49":0,"50":0,"51":0,"52":0,"53":0,"54":0,"55":0,"56":0,"57":0,"58":0,"59":0,"60":0,"61":0,"62":0,"63":0,"64":0,"65":0,"66":0,"67":0,"68":0,"69":0,"70":0,"71":0,"72":0,"73":0,"74":0,"75":0,"76":0,"77":0,"78":0,"79":0,"80":0,"81":0,"82":0,"83":0,"84":0,"85":0,"86":0,"87":0,"88":0},"f":{"0":0,"1":0,"2":0,"3":0,"4":0,"5":0,"6":0,"7":0,"8":0,"9":0,"10":0,"11":0,"12":0,"13":0,"14":0,"15":0,"16":0,"17":0,"18":0,"19":0,"20":0,"21":0,"22":0,"23":0,"24":0,"25":0,"26":0,"27":0,"28":0,"29":0,"30":0,"31":0,"32":0,"33":0,"34":0},"b":{"0":[0],"1":[0],"2":[0,0],"3":[0,0],"4":[0,0],"5":[0],"6":[0,0],"7":[0,0],"8":[0,0],"9":[0,0],"10":[0,0],"11":[0,0],"12":[0,0],"13":[0,0],"14":[0,0],"15":[0,0],"16":[0,0],"17":[0,0],"18":[0,0],"19":[0,0],"20":[0,0],"21":[0,0],"22":[0,0]}}
,"/home/voss/Projects/Bangers/bangers-mobile/src/components/timetable/ActInfoBottomSheet.tsx": {"path":"/home/voss/Projects/Bangers/bangers-mobile/src/components/timetable/ActInfoBottomSheet.tsx","statementMap":{"0":{"start":{"line":23,"column":34},"end":{"line":23,"column":58}},"1":{"start":{"line":34,"column":69},"end":{"line":222,"column":1}},"2":{"start":{"line":42,"column":16},"end":{"line":42,"column":26}},"3":{"start":{"line":43,"column":21},"end":{"line":43,"column":40}},"4":{"start":{"line":44,"column":21},"end":{"line":44,"column":50}},"5":{"start":{"line":45,"column":18},"end":{"line":45,"column":35}},"6":{"start":{"line":47,"column":20},"end":{"line":47,"column":42}},"7":{"start":{"line":48,"column":29},"end":{"line":48,"column":34}},"8":{"start":{"line":50,"column":2},"end":{"line":62,"column":37}},"9":{"start":{"line":51,"column":4},"end":{"line":61,"column":5}},"10":{"start":{"line":52,"column":6},"end":{"line":56,"column":9}},"11":{"start":{"line":57,"column":6},"end":{"line":57,"column":55}},"12":{"start":{"line":59,"column":6},"end":{"line":59,"column":70}},"13":{"start":{"line":60,"column":6},"end":{"line":60,"column":55}},"14":{"start":{"line":64,"column":24},"end":{"line":69,"column":3}},"15":{"start":{"line":65,"column":4},"end":{"line":67,"column":7}},"16":{"start":{"line":66,"column":6},"end":{"line":66,"column":27}},"17":{"start":{"line":68,"column":4},"end":{"line":68,"column":53}},"18":{"start":{"line":71,"column":24},"end":{"line":73,"column":5}},"19":{"start":{"line":71,"column":48},"end":{"line":73,"column":3}},"20":{"start":{"line":75,"column":24},"end":{"line":77,"column":5}},"21":{"start":{"line":75,"column":48},"end":{"line":77,"column":3}},"22":{"start":{"line":82,"column":2},"end":{"line":82,"column":38}},"23":{"start":{"line":82,"column":26},"end":{"line":82,"column":38}},"24":{"start":{"line":84,"column":20},"end":{"line":84,"column":67}},"25":{"start":{"line":85,"column":18},"end":{"line":85,"column":63}},"26":{"start":{"line":87,"column":2},"end":{"line":221,"column":4}},"27":{"start":{"line":113,"column":54},"end":{"line":113,"column":60}},"28":{"start":{"line":182,"column":29},"end":{"line":182,"column":112}},"29":{"start":{"line":224,"column":15},"end":{"line":313,"column":2}}},"fnMap":{"0":{"name":"(anonymous_0)","decl":{"start":{"line":34,"column":69},"end":{"line":34,"column":70}},"loc":{"start":{"line":41,"column":6},"end":{"line":222,"column":1}},"line":41},"1":{"name":"(anonymous_1)","decl":{"start":{"line":50,"column":12},"end":{"line":50,"column":13}},"loc":{"start":{"line":50,"column":18},"end":{"line":62,"column":3}},"line":50},"2":{"name":"(anonymous_2)","decl":{"start":{"line":64,"column":24},"end":{"line":64,"column":25}},"loc":{"start":{"line":64,"column":30},"end":{"line":69,"column":3}},"line":64},"3":{"name":"(anonymous_3)","decl":{"start":{"line":65,"column":68},"end":{"line":65,"column":69}},"loc":{"start":{"line":65,"column":74},"end":{"line":67,"column":5}},"line":65},"4":{"name":"(anonymous_4)","decl":{"start":{"line":71,"column":41},"end":{"line":71,"column":42}},"loc":{"start":{"line":71,"column":48},"end":{"line":73,"column":3}},"line":71},"5":{"name":"(anonymous_5)","decl":{"start":{"line":75,"column":41},"end":{"line":75,"column":42}},"loc":{"start":{"line":75,"column":48},"end":{"line":77,"column":3}},"line":75},"6":{"name":"(anonymous_6)","decl":{"start":{"line":113,"column":47},"end":{"line":113,"column":48}},"loc":{"start":{"line":113,"column":54},"end":{"line":113,"column":60}},"line":113},"7":{"name":"(anonymous_7)","decl":{"start":{"line":181,"column":41},"end":{"line":181,"column":42}},"loc":{"start":{"line":182,"column":29},"end":{"line":182,"column":112}},"line":182}},"branchMap":{"0":{"loc":{"start":{"line":38,"column":2},"end":{"line":38,"column":17}},"type":"default-arg","locations":[{"start":{"line":38,"column":12},"end":{"line":38,"column":17}}],"line":38},"1":{"loc":{"start":{"line":47,"column":20},"end":{"line":47,"column":42}},"type":"binary-expr","locations":[{"start":{"line":47,"column":20},"end":{"line":47,"column":36}},{"start":{"line":47,"column":40},"end":{"line":47,"column":42}}],"line":47},"2":{"loc":{"start":{"line":51,"column":4},"end":{"line":61,"column":5}},"type":"if","locations":[{"start":{"line":51,"column":4},"end":{"line":61,"column":5}},{"start":{"line":58,"column":11},"end":{"line":61,"column":5}}],"line":51},"3":{"loc":{"start":{"line":82,"column":2},"end":{"line":82,"column":38}},"type":"if","locations":[{"start":{"line":82,"column":2},"end":{"line":82,"column":38}},{"start":{},"end":{}}],"line":82},"4":{"loc":{"start":{"line":82,"column":6},"end":{"line":82,"column":24}},"type":"binary-expr","locations":[{"start":{"line":82,"column":6},"end":{"line":82,"column":14}},{"start":{"line":82,"column":18},"end":{"line":82,"column":24}}],"line":82},"5":{"loc":{"start":{"line":84,"column":20},"end":{"line":84,"column":67}},"type":"cond-expr","locations":[{"start":{"line":84,"column":28},"end":{"line":84,"column":54}},{"start":{"line":84,"column":57},"end":{"line":84,"column":67}}],"line":84},"6":{"loc":{"start":{"line":85,"column":18},"end":{"line":85,"column":63}},"type":"cond-expr","locations":[{"start":{"line":85,"column":26},"end":{"line":85,"column":50}},{"start":{"line":85,"column":53},"end":{"line":85,"column":63}}],"line":85},"7":{"loc":{"start":{"line":89,"column":7},"end":{"line":219,"column":7}},"type":"binary-expr","locations":[{"start":{"line":89,"column":7},"end":{"line":89,"column":14}},{"start":{"line":90,"column":8},"end":{"line":218,"column":15}}],"line":89},"8":{"loc":{"start":{"line":104,"column":13},"end":{"line":216,"column":13}},"type":"binary-expr","locations":[{"start":{"line":104,"column":13},"end":{"line":104,"column":18}},{"start":{"line":105,"column":14},"end":{"line":215,"column":17}}],"line":104},"9":{"loc":{"start":{"line":111,"column":21},"end":{"line":115,"column":21}},"type":"binary-expr","locations":[{"start":{"line":111,"column":21},"end":{"line":111,"column":38}},{"start":{"line":111,"column":42},"end":{"line":111,"column":70}},{"start":{"line":112,"column":22},"end":{"line":114,"column":29}}],"line":111},"10":{"loc":{"start":{"line":161,"column":19},"end":{"line":191,"column":19}},"type":"binary-expr","locations":[{"start":{"line":161,"column":19},"end":{"line":161,"column":26}},{"start":{"line":162,"column":20},"end":{"line":190,"column":27}}],"line":161},"11":{"loc":{"start":{"line":178,"column":25},"end":{"line":188,"column":25}},"type":"cond-expr","locations":[{"start":{"line":179,"column":27},"end":{"line":179,"column":109}},{"start":{"line":180,"column":28},"end":{"line":188,"column":25}}],"line":178},"12":{"loc":{"start":{"line":180,"column":28},"end":{"line":188,"column":25}},"type":"cond-expr","locations":[{"start":{"line":181,"column":27},"end":{"line":183,"column":29}},{"start":{"line":185,"column":27},"end":{"line":187,"column":34}}],"line":180},"13":{"loc":{"start":{"line":180,"column":28},"end":{"line":180,"column":61}},"type":"binary-expr","locations":[{"start":{"line":180,"column":28},"end":{"line":180,"column":37}},{"s
[...]
mn":33}},"3":{"start":{"line":15,"column":4},"end":{"line":21,"column":5}},"4":{"start":{"line":16,"column":6},"end":{"line":20,"column":7}},"5":{"start":{"line":17,"column":8},"end":{"line":17,"column":31}},"6":{"start":{"line":19,"column":8},"end":{"line":19,"column":28}},"7":{"start":{"line":23,"column":4},"end":{"line":25,"column":5}},"8":{"start":{"line":24,"column":6},"end":{"line":24,"column":64}},"9":{"start":{"line":26,"column":4},"end":{"line":28,"column":5}},"10":{"start":{"line":27,"column":6},"end":{"line":27,"column":64}},"11":{"start":{"line":32,"column":4},"end":{"line":42,"column":5}},"12":{"start":{"line":34,"column":8},"end":{"line":34,"column":61}},"13":{"start":{"line":35,"column":8},"end":{"line":35,"column":14}},"14":{"start":{"line":37,"column":8},"end":{"line":37,"column":63}},"15":{"start":{"line":38,"column":8},"end":{"line":38,"column":14}},"16":{"start":{"line":40,"column":8},"end":{"line":40,"column":57}},"17":{"start":{"line":41,"column":8},"end":{"line":41,"column":14}},"18":{"start":{"line":46,"column":4},"end":{"line":56,"column":5}},"19":{"start":{"line":48,"column":8},"end":{"line":48,"column":52}},"20":{"start":{"line":49,"column":8},"end":{"line":49,"column":14}},"21":{"start":{"line":51,"column":8},"end":{"line":51,"column":53}},"22":{"start":{"line":52,"column":8},"end":{"line":52,"column":14}},"23":{"start":{"line":54,"column":8},"end":{"line":54,"column":50}},"24":{"start":{"line":55,"column":8},"end":{"line":55,"column":14}},"25":{"start":{"line":61,"column":4},"end":{"line":61,"column":60}},"26":{"start":{"line":65,"column":4},"end":{"line":65,"column":58}}},"fnMap":{"0":{"name":"(anonymous_0)","decl":{"start":{"line":11,"column":24},"end":{"line":11,"column":25}},"loc":{"start":{"line":11,"column":72},"end":{"line":29,"column":3}},"line":11},"1":{"name":"(anonymous_1)","decl":{"start":{"line":31,"column":21},"end":{"line":31,"column":22}},"loc":{"start":{"line":31,"column":70},"end":{"line":43,"column":3}},"line":31},"2":{"name":"(anonymous_2)","decl":{"start":{"line":45,"column":21},"end":{"line":45,"column":22}},"loc":{"start":{"line":45,"column":66},"end":{"line":57,"column":3}},"line":45},"3":{"name":"(anonymous_3)","decl":{"start":{"line":60,"column":16},"end":{"line":60,"column":17}},"loc":{"start":{"line":60,"column":57},"end":{"line":62,"column":3}},"line":60},"4":{"name":"(anonymous_4)","decl":{"start":{"line":64,"column":16},"end":{"line":64,"column":17}},"loc":{"start":{"line":64,"column":58},"end":{"line":66,"column":3}},"line":64}},"branchMap":{"0":{"loc":{"start":{"line":16,"column":6},"end":{"line":20,"column":7}},"type":"if","locations":[{"start":{"line":16,"column":6},"end":{"line":20,"column":7}},{"start":{"line":18,"column":13},"end":{"line":20,"column":7}}],"line":16},"1":{"loc":{"start":{"line":23,"column":4},"end":{"line":25,"column":5}},"type":"if","locations":[{"start":{"line":23,"column":4},"end":{"line":25,"column":5}},{"start":{},"end":{}}],"line":23},"2":{"loc":{"start":{"line":26,"column":4},"end":{"line":28,"column":5}},"type":"if","locations":[{"start":{"line":26,"column":4},"end":{"line":28,"column":5}},{"start":{},"end":{}}],"line":26},"3":{"loc":{"start":{"line":32,"column":4},"end":{"line":42,"column":5}},"type":"switch","locations":[{"start":{"line":33,"column":6},"end":{"line":35,"column":14}},{"start":{"line":36,"column":6},"end":{"line":38,"column":14}},{"start":{"line":39,"column":6},"end":{"line":41,"column":14}}],"line":32},"4":{"loc":{"start":{"line":46,"column":4},"end":{"line":56,"column":5}},"type":"switch","locations":[{"start":{"line":47,"column":6},"end":{"line":49,"column":14}},{"start":{"line":50,"column":6},"end":{"line":52,"column":14}},{"start":{"line":53,"column":6},"end":{"line":55,"column":14}}],"line":46}},"s":{"0":0,"1":0,"2":0,"3":0,"4":0,"5":0,"6":0,"7":0,"8":0,"9":0,"10":0,"11":0,"12":0,"13":0,"14":0,"15":0,"16":0,"17":0,"18":0,"19":0,"20":0,"21":0,"22":0,"23":0,"24":0,"25":0,"26":0},"f":{"0":0,"1":0,"2":0,"3":0,"4":0},"b":{"0":[0,0],"1":[0,0],"2":[0,0],"3":[0,0,0],"4":[0,0,0]}}
,"/home/voss/Projects/Bangers/bangers-mobile/src/types/act.ts": {"path":"/home/voss/Projects/Bangers/bangers-mobile/src/types/act.ts","statementMap":{},"fnMap":{},"branchMap":{},"s":{},"f":{},"b":{}}
,"/home/voss/Projects/Bangers/bangers-mobile/src/types/artist.ts": {"path":"/home/voss/Projects/Bangers/bangers-mobile/src/types/artist.ts","statementMap":{},"fnMap":{},"branchMap":{},"s":{},"f":{},"b":{}}
,"/home/voss/Projects/Bangers/bangers-mobile/src/types/event.ts": {"path":"/home/voss/Projects/Bangers/bangers-mobile/src/types/event.ts","statementMap":{},"fnMap":{},"branchMap":{},"s":{},"f":{},"b":{}}
,"/home/voss/Projects/Bangers/bangers-mobile/src/types/group.ts": {"path":"/home/voss/Projects/Bangers/bangers-mobile/src/types/group.ts","statementMap":{},"fnMap":{},"branchMap":{},"s":{},"f":{},"b":{}}
,"/home/voss/Projects/Bangers/bangers-mobile/src/types/timetable.ts": {"path":"/home/voss/Projects/Bangers/bangers-mobile/src/types/timetable.ts","statementMap":{},"fnMap":{},"branchMap":{},"s":{},"f":{},"b":{}}
,"/home/voss/Projects/Bangers/bangers-mobile/src/types/user.ts": {"path":"/home/voss/Projects/Bangers/bangers-mobile/src/types/user.ts","statementMap":{},"fnMap":{},"branchMap":{},"s":{},"f":{},"b":{}}
,"/home/voss/Projects/Bangers/bangers-mobile/src/utils/constants.ts": {"path":"/home/voss/Projects/Bangers/bangers-mobile/src/utils/constants.ts","statementMap":{"0":{"start":{"line":1,"column":26},"end":{"line":4,"column":1}},"1":{"start":{"line":6,"column":28},"end":{"line":11,"column":1}},"2":{"start":{"line":13,"column":28},"end":{"line":17,"column":1}}},"fnMap":{},"branchMap":{},"s":{"0":0,"1":0,"2":0},"f":{},"b":{}}
,"/home/voss/Projects/Bangers/bangers-mobile/src/utils/date.ts": {"path":"/home/voss/Projects/Bangers/bangers-mobile/src/utils/date.ts","statementMap":{"0":{"start":{"line":3,"column":26},"end":{"line":9,"column":1}},"1":{"start":{"line":4,"column":2},"end":{"line":8,"column":3}},"2":{"start":{"line":5,"column":4},"end":{"line":5,"column":51}},"3":{"start":{"line":7,"column":4},"end":{"line":7,"column":22}},"4":{"start":{"line":11,"column":32},"end":{"line":13,"column":1}},"5":{"start":{"line":12,"column":2},"end":{"line":12,"column":50}},"6":{"start":{"line":15,"column":24},"end":{"line":17,"column":1}},"7":{"start":{"line":16,"column":2},"end":{"line":16,"column":43}}},"fnMap":{"0":{"name":"(anonymous_0)","decl":{"start":{"line":3,"column":26},"end":{"line":3,"column":27}},"loc":{"start":{"line":3,"column":77},"end":{"line":9,"column":1}},"line":3},"1":{"name":"(anonymous_1)","decl":{"start":{"line":11,"column":32},"end":{"line":11,"column":33}},"loc":{"start":{"line":11,"column":38},"end":{"line":13,"column":1}},"line":11},"2":{"name":"(anonymous_2)","decl":{"start":{"line":15,"column":24},"end":{"line":15,"column":25}},"loc":{"start":{"line":15,"column":48},"end":{"line":17,"column":1}},"line":15}},"branchMap":{"0":{"loc":{"start":{"line":3,"column":47},"end":{"line":3,"column":72}},"type":"default-arg","locations":[{"start":{"line":3,"column":67},"end":{"line":3,"column":72}}],"line":3}},"s":{"0":0,"1":0,"2":0,"3":0,"4":0,"5":0,"6":0,"7":0},"f":{"0":0,"1":0,"2":0},"b":{"0":[0]}}
,"/home/voss/Projects/Bangers/bangers-mobile/src/utils/format.ts": {"path":"/home/voss/Projects/Bangers/bangers-mobile/src/utils/format.ts","statementMap":{"0":{"start":{"line":3,"column":30},"end":{"line":8,"column":1}},"1":{"start":{"line":4,"column":2},"end":{"line":7,"column":20}},"2":{"start":{"line":10,"column":30},"end":{"line":13,"column":1}},"3":{"start":{"line":11,"column":2},"end":{"line":11,"column":39}},"4":{"start":{"line":11,"column":28},"end":{"line":11,"column":39}},"5":{"start":{"line":12,"column":2},"end":{"line":12,"column":38}},"6":{"start":{"line":15,"column":30},"end":{"line":17,"column":1}},"7":{"start":{"line":16,"column":2},"end":{"line":16,"column":38}},"8":{"start":{"line":19,"column":31},"end":{"line":25,"column":1}},"9":{"start":{"line":20,"column":2},"end":{"line":20,"column":24}},"10":{"start":{"line":20,"column":12},"end":{"line":20,"column":24}},"11":{"start":{"line":21,"column":2},"end":{"line":21,"column":41}},"12":{"start":{"line":21,"column":30},"end":{"line":21,"column":41}},"13":{"start":{"line":23,"column":23},"end":{"line":23,"column":43}},"14":{"start":{"line":24,"column":2},"end":{"line":24,"column":66}},"15":{"start":{"line":27,"column":26},"end":{"line":34,"column":1}},"16":{"start":{"line":28,"column":15},"end":{"line":28,"column":35}},"17":{"start":{"line":29,"column":2},"end":{"line":33,"column":5}}},"fnMap":{"0":{"name":"(anonymous_0)","decl":{"start":{"line":3,"column":30},"end":{"line":3,"column":31}},"loc":{"start":{"line":3,"column":50},"end":{"line":8,"column":1}},"line":3},"1":{"name":"(anonymous_1)","decl":{"start":{"line":10,"column":30},"end":{"line":10,"column":31}},"loc":{"start":{"line":10,"column":63},"end":{"line":13,"column":1}},"line":10},"2":{"name":"(anonymous_2)","decl":{"start":{"line":15,"column":30},"end":{"line":15,"column":31}},"loc":{"start":{"line":15,"column":52},"end":{"line":17,"column":1}},"line":15},"3":{"name":"(anonymous_3)","decl":{"start":{"line":19,"column":31},"end":{"line":19,"column":32}},"loc":{"start":{"line":19,"column":56},"end":{"line":25,"column":1}},"line":19},"4":{"name":"(anonymous_4)","decl":{"start":{"line":27,"column":26},"end":{"line":27,"column":27}},"loc":{"start":{"line":27,"column":50},"end":{"line":34,"column":1}},"line":27}},"branchMap":{"0":{"loc":{"start":{"line":11,"column":2},"end":{"line":11,"column":39}},"type":"if","locations":[{"start":{"line":11,"column":2},"end":{"line":11,"column":39}},{"start":{},"end":{}}],"line":11},"1":{"loc":{"start":{"line":20,"column":2},"end":{"line":20,"column":24}},"type":"if","locations":[{"start":{"line":20,"column":2},"end":{"line":20,"column":24}},{"start":{},"end":{}}],"line":20},"2":{"loc":{"start":{"line":21,"column":2},"end":{"line":21,"column":41}},"type":"if","locations":[{"start":{"line":21,"column":2},"end":{"line":21,"column":41}},{"start":{},"end":{}}],"line":21},"3":{"loc":{"start":{"line":24,"column":27},"end":{"line":24,"column":57}},"type":"cond-expr","locations":[{"start":{"line":24,"column":49},"end":{"line":24,"column":51}},{"start":{"line":24,"column":54},"end":{"line":24,"column":57}}],"line":24}},"s":{"0":0,"1":0,"2":0,"3":0,"4":0,"5":0,"6":0,"7":0,"8":0,"9":0,"10":0,"11":0,"12":0,"13":0,"14":0,"15":0,"16":0,"17":0},"f":{"0":0,"1":0,"2":0,"3":0,"4":0},"b":{"0":[0,0],"1":[0,0],"2":[0,0],"3":[0,0]}}
,"/home/voss/Projects/Bangers/bangers-mobile/src/utils/theme.ts": {"path":"/home/voss/Projects/Bangers/bangers-mobile/src/utils/theme.ts","statementMap":{"0":{"start":{"line":1,"column":22},"end":{"line":19,"column":1}},"1":{"start":{"line":26,"column":36},"end":{"line":58,"column":1}},"2":{"start":{"line":30,"column":2},"end":{"line":30,"column":42}},"3":{"start":{"line":30,"column":25},"end":{"line":30,"column":42}},"4":{"start":{"line":32,"column":17},"end":{"line":32,"column":46}},"5":{"start":{"line":35,"column":12},"end":{"line":35,"column":44}},"6":{"start":{"line":36,"column":12},"end":{"line":36,"column":44}},"7":{"start":{"line":37,"column":12},"end":{"line":37,"column":44}},"8":{"start":{"line":39,"column":16},"end":{"line":42,"column":23}},"9":{"start":{"line":40,"column":4},"end":{"line":42,"column":23}},"10":{"start":{"line":44,"column":2},"end":{"line":57,"column":3}},"11":{"start":{"line":46,"column":15},"end":{"line":46,"column":48}},"12":{"start":{"line":47,"column":15},"end":{"line":47,"column":48}},"13":{"start":{"line":48,"column":15},"end":{"line":48,"column":48}},"14":{"start":{"line":49,"column":4},"end":{"line":49,"column":51}},"15":{"start":{"line":53,"column":15},"end":{"line":53,"column":47}},"16":{"start":{"line":54,"column":15},"end":{"line":54,"column":47}},"17":{"start":{"line":55,"column":15},"end":{"line":55,"column":47}},"18":{"start":{"line":56,"column":4},"end":{"line":56,"column":51}},"19":{"start":{"line":64,"column":33},"end":{"line":99,"column":1}},"20":{"start":{"line":68,"column":2},"end":{"line":68,"column":55}},"21":{"start":{"line":68,"column":25},"end":{"line":68,"column":55}},"22":{"start":{"line":70,"column":17},"end":{"line":70,"column":46}},"23":{"start":{"line":73,"column":12},"end":{"line":73,"column":44}},"24":{"start":{"line":74,"column":12},"end":{"line":74,"column":44}},"25":{"start":{"line":75,"column":12},"end":{"line":75,"column":44}},"26":{"start":{"line":77,"column":16},"end":{"line":80,"column":23}},"27":{"start":{"line":78,"column":4},"end":{"line":80,"column":23}},"28":{"start":{"line":82,"column":2},"end":{"line":98,"column":3}},"29":{"start":{"line":84,"column":18},"end":{"line":84,"column":27}},"30":{"start":{"line":85,"column":17},"end":{"line":85,"column":50}},"31":{"start":{"line":86,"column":17},"end":{"line":86,"column":50}},"32":{"start":{"line":87,"column":17},"end":{"line":87,"column":50}},"33":{"start":{"line":88,"column":16},"end":{"line":88,"column":61}},"34":{"start":{"line":89,"column":4},"end":{"line":89,"column":24}},"35":{"start":{"line":92,"column":18},"end":{"line":92,"column":27}},"36":{"start":{"line":93,"column":17},"end":{"line":93,"column":36}},"37":{"start":{"line":94,"column":17},"end":{"line":94,"column":36}},"38":{"start":{"line":95,"column":17},"end":{"line":95,"column":36}},"39":{"start":{"line":96,"column":16},"end":{"line":96,"column":61}},"40":{"start":{"line":97,"column":4},"end":{"line":97,"column":24}},"41":{"start":{"line":104,"column":33},"end":{"line":134,"column":1}},"42":{"start":{"line":108,"column":2},"end":{"line":108,"column":42}},"43":{"start":{"line":108,"column":25},"end":{"line":108,"column":42}},"44":{"start":{"line":110,"column":17},"end":{"line":110,"column":46}},"45":{"start":{"line":111,"column":12},"end":{"line":111,"column":44}},"46":{"start":{"line":112,"column":12},"end":{"line":112,"column":44}},"47":{"start":{"line":113,"column":12},"end":{"line":113,"column":44}},"48":{"start":{"line":115,"column":16},"end":{"line":118,"column":23}},"49":{"start":{"line":116,"column":4},"end":{"line":118,"column":23}},"50":{"start":{"line":120,"column":2},"end":{"line":133,"column":3}},"51":{"start":{"line":122,"column":15},"end":{"line":122,"column":48}},"52":{"start":{"line":123,"column":15},"end":{"line":123,"column":48}},"53":{"start":{"line":124,"column":15},"end":{"line":124,"column":48}},"54":{"start":{"line":125,"column":4},"end":{"line":125,"column":51}},"55":{"start":{"line":129,"column":15},"end":{"line":129,"column":47}},"56":{"start":{"line":130,"column":15},"end":{"line":130,"column":47}},"57":{"start":{"line":131,"column":15},"end":{"line":131,"column":47}},"58":{"start":{"line":132,"column":4},"end":{"line":132,"column":51}},"59":{"start":{"line":141,"column":24},"end":{"line":161,"column":1}},"60":{"start":{"line":143,"column":2},"end":{"line":145,"column":3}},"61":{"start":{"line":144,"column":4},"end":{"line":144,"column":55}},"62":{"start":{"line":148,"column":2},"end":{"line":150,"column":3}},"63":{"start":{"line":149,"column":4},"end":{"line":149,"column":73}},"64":{"start":{"line":153,"column":2},"end":{"line":158,"column":3}},"65":{"start":{"line":154,"column":18},"end":{"line":156,"column":23}},"66":{"start":{"line":157,"column":4},"end":{"line":157,"column":30}},"67":{"start":{"line":160,"column":2},"end":{"line":160,"column":15}}},"fnMap":{"0":{"name":"(anonymous_0)","decl":{"start":{"line":26,"column":36},"end":{"line":26,"column":37}},"loc":{"start":{"line":29,"column":5},"end":{"line":58,"column":1}},"line":29},"1":{"name":"(anonymous_1)","decl":{"start":{"line":39,"column":16},"end":{"line":39,"column":17}},"loc":{"start":{"line":40,"column":4},"end":{"line":42,"column":23}},"line":40},"2":{"name":"(anonymous_2)","decl":{"start":{"line":64,"column":33},"end":{"line":64,"column":34}},"loc":{"start":{"line":67,"column":15},"end":{"line":99,"column":1}},"line":67},"3":{"name":"(anonymous_3)","decl":{"start":{"line":77,"column":16},"end":{"line":77,"column":17}},"loc":{"start":{"line":78,"column":4},"end":{"line":80,"column":23}},"line":78},"4":{"name":"(anonymous_4)","decl":{"start":{"line":104,"column":33},"end":{"line":104,"column":34}},"loc":{"start":{"line":107,"column":5},"end":{"line":134,"column":1}},"line":107},"5":{"name":"(anonymous_5)","decl":{"start":{"line":115,"column":16},"end":{"line":115,"column":17}},"loc":{"start":{"line":116,"column":4},"end":{"line":118,"column":23}},"line":116},"6":{"name":"(anonymous_6)","decl":{"start":{"line":141,"column":24},"end":{"line":141,"column":25}},"loc":{"start":{"line":141,"column":60},"end":{"line":161,"column":1}},"line":141}},"branchMap":{"0":{"loc":{"start":{"line":30,"column":2},"end":{"line":30,"column":42}},"type":"if","locations":[{"start":{"line":30,"column":2},"end":{"line":30,"column":42}},{"start":{},"end":{}}],"line":30},"1":{"loc":{"start":{"line":32,"column":17},"end":{"line":32,"column":46}},"type":"binary-expr","locations":[{"start":{"line":32,"column":17},"end":{"line":32,"column":28}},{"start":{"line":32,"column":32},"end":{"line":32,"column":46}}],"line":32},"2":{"loc":{"start":{"line":44,"column":2},"end":{"line":57,"column":3}},"type":"if","locations":[{"start":{"line":44,"column":2},"end":{"line":57,"column":3}},{"start":{"line":50,"column":9},"end":{"line":57,"column":3}}],"line":44},"3":{"loc":{"start":{"line":68,"column":2},"end":{"line":68,"column":55}},"type":"if","locations":[{"start":{"line":68,"column":2},"end":{"line":68,"column":55}},{"start":{},"end":{}}],"line":68},"4":{"loc":{"start":{"line":70,"column":17},"end":{"line":70,"column":46}},"type":"binary-expr","locations":[{"start":{"line":70,"column":17},"end":{"line":70,"column":28}},{"start":{"line":70,"column":32},"end":{"line":70,"column":46}}],"line":70},"5":{"loc":{"start":{"line":82,"column":2},"end":{"line":98,"column":3}},"type":"if","locations":[{"start":{"line":82,"column":2},"end":{"line":98,"column":3}},{"start":{"line":90,"column":9},"end":{"line":98,"column":3}}],"line":82},"6":{"loc":{"start":{"line":108,"column":2},"end":{"line":108,"column":42}},"type":"if","locations":[{"start":{"line":108,"column":2},"end":{"line":108,"column":42}},{"start":{},"end":{}}],"line":108},"7":{"loc":{"start":{"line":110,"column":17},"end":{"line":110,"column":46}},"type":"binary-expr","locations":[{"start":{"line":110,"column":17},"end":{"line":110,"column":28}},{"start":{"line":110,"column":32},"end":{"line":110,"column":46}}],"line":110},"8":{"loc":{"start":{"line":120,"column":2},"end":{"line":133,"column":3}},"type":"if","locations":[{"start":{"line":120,"column":2},"end":{"line":133,"column":3}},{"start":{"line":126,"column":9},"end":{"line":133,"column":3}}],"line":120},"9":{"loc":{"start":{"line":143,"column":2},"end":{"line":145,"column":3}},"type":"if","locations":[{"start":{"line":143,"column":2},"end":{"line":145,"column":3}},{"start":{},"end":{}}],"line":143},"10":{"loc":{"start":{"line":148,"column":2},"end":{"line":150,"column":3}},"type":"if","locations":[{"start":{"line":148,"column":2},"end":{"line":150,"column":3}},{"start":{},"end":{}}],"line":148},"11":{"loc":{"start":{"line":153,"column":2},"end":{"line":158,"column":3}},"type":"if","locations":[{"start":{"line":153,"column":2},"end":{"line":158,"column":3}},{"start":{},"end":{}}],"line":153}},"s":{"0":0,"1":0,"2":0,"3":0,"4":0,"5":0,"6":0,"7":0,"8":0,"9":0,"10":0,"11":0,"12":0,"13":0,"14":0,"15":0,"16":0,"17":0,"18":0,"19":0,"20":0,"21":0,"22":0,"23":0,"24":0,"25":0,"26":0,"27":0,"28":0,"29":0,"30":0,"31":0,"32":0,"33":0,"34":0,"35":0,"36":0,"37":0,"38":0,"39":0,"40":0,"41":0,"42":0,"43":0,"44":0,"45":0,"46":0,"47":0,"48":0,"49":0,"50":0,"51":0,"52":0,"53":0,"54":0,"55":0,"56":0,"57":0,"58":0,"59":0,"60":0,"61":0,"62":0,"63":0,"64":0,"65":0,"66":0,"67":0},"f":{"0":0,"1":0,"2":0,"3":0,"4":0,"5":0,"6":0},"b":{"0":[0,0],"1":[0,0],"2":[0,0],"3":[0,0],"4":[0,0],"5":[0,0],"6":[0,0],"7":[0,0],"8":[0,0],"9":[0,0],"10":[0,0],"11":[0,0]}}
}
